{
  "stats": {
    "suites": 2,
    "tests": 10,
    "passes": 10,
    "pending": 0,
    "failures": 0,
    "start": "2026-03-17T17:03:23.404Z",
    "end": "2026-03-17T17:03:33.560Z",
    "duration": 10156,
    "testsRegistered": 10,
    "passPercent": 100,
    "pendingPercent": 0,
    "other": 0,
    "hasOther": false,
    "skipped": 0,
    "hasSkipped": false
  },
  "results": [
    {
      "uuid": "819ab2fa-f44f-42f6-bf95-1ad2a5a8013c",
      "title": "",
      "fullFile": "E2Ecypress\\e2e\\apiTests\\api-cart.cy.js",
      "file": "E2Ecypress\\e2e\\apiTests\\api-cart.cy.js",
      "beforeHooks": [],
      "afterHooks": [],
      "tests": [],
      "suites": [
        {
          "uuid": "b0cf6993-5447-473c-ae52-06a4c9c26f71",
          "title": "Panier - sans connexion",
          "fullFile": "",
          "file": "",
          "beforeHooks": [],
          "afterHooks": [],
          "tests": [
            {
              "title": "API-0a - GET /orders sans token doit retourner 401",
              "fullTitle": "Panier - sans connexion API-0a - GET /orders sans token doit retourner 401",
              "timedOut": null,
              "duration": 177,
              "state": "passed",
              "speed": "fast",
              "pass": true,
              "fail": false,
              "pending": false,
              "context": null,
              "code": "(0, _apiCart.getCart)().then(res => {\n  expect(res.status).to.eq(401);\n  cy.log(`✅ API-0a — Accès refusé sans token (${res.status})`);\n});",
              "err": {},
              "uuid": "2bc98621-abaa-4b8b-ba32-55265f21ce0a",
              "parentUUID": "b0cf6993-5447-473c-ae52-06a4c9c26f71",
              "isHook": false,
              "skipped": false
            }
          ],
          "suites": [],
          "passes": [
            "2bc98621-abaa-4b8b-ba32-55265f21ce0a"
          ],
          "failures": [],
          "pending": [],
          "skipped": [],
          "duration": 177,
          "root": false,
          "rootEmpty": false,
          "_timeout": 2000
        },
        {
          "uuid": "9ede1bc6-3a7c-46fa-b8bf-c3ad1e9b2716",
          "title": "Panier - utilisateur connecté",
          "fullFile": "",
          "file": "",
          "beforeHooks": [],
          "afterHooks": [],
          "tests": [
            {
              "title": "API-0b - GET /orders connecté doit retourner 200",
              "fullTitle": "Panier - utilisateur connecté API-0b - GET /orders connecté doit retourner 200",
              "timedOut": null,
              "duration": 764,
              "state": "passed",
              "speed": "fast",
              "pass": true,
              "fail": false,
              "pending": false,
              "context": null,
              "code": "(0, _apiCart.getCart)(token).then(res => {\n  expect(res.status).to.eq(200);\n  cy.log(\"✅ API-0b — Panier accessible, statut 200 reçu\");\n});",
              "err": {},
              "uuid": "b5298923-df62-4e68-8338-9bdc59045ca6",
              "parentUUID": "9ede1bc6-3a7c-46fa-b8bf-c3ad1e9b2716",
              "isHook": false,
              "skipped": false
            },
            {
              "title": "API-1 - Ajouter quantité 3 sur produit stock:50",
              "fullTitle": "Panier - utilisateur connecté API-1 - Ajouter quantité 3 sur produit stock:50",
              "timedOut": null,
              "duration": 687,
              "state": "passed",
              "speed": "fast",
              "pass": true,
              "fail": false,
              "pending": false,
              "context": null,
              "code": "cy.request({\n  method: \"PUT\",\n  url: `${API()}/orders/add`,\n  headers: {\n    Authorization: `Bearer ${token}`\n  },\n  body: {\n    product: PRODUCTS.normal.id,\n    quantity: 3\n  }\n}).then(res => {\n  var _res$body2;\n  expect(res.status).to.be.oneOf([200, 201]);\n  const lines = Array.isArray(res.body) ? res.body : ((_res$body2 = res.body) === null || _res$body2 === void 0 ? void 0 : _res$body2.orderLines) || [];\n  const line = lines.find(l => {\n    var _l$product;\n    return ((_l$product = l.product) === null || _l$product === void 0 ? void 0 : _l$product.id) === PRODUCTS.normal.id;\n  });\n  expect(line).to.exist;\n  expect(line.quantity).to.equal(3);\n  cy.log(`✅ API-1 — Ajout OK, quantité:3`);\n});",
              "err": {},
              "uuid": "82618671-464f-4957-ba3b-8932e7cd08d5",
              "parentUUID": "9ede1bc6-3a7c-46fa-b8bf-c3ad1e9b2716",
              "isHook": false,
              "skipped": false
            },
            {
              "title": "API-2 - Supprimer une ligne du panier (stock:25)",
              "fullTitle": "Panier - utilisateur connecté API-2 - Supprimer une ligne du panier (stock:25)",
              "timedOut": null,
              "duration": 1056,
              "state": "passed",
              "speed": "fast",
              "pass": true,
              "fail": false,
              "pending": false,
              "context": null,
              "code": "cy.request({\n  method: \"PUT\",\n  url: `${API()}/orders/add`,\n  headers: {\n    Authorization: `Bearer ${token}`\n  },\n  body: {\n    product: PRODUCTS.moyen.id,\n    quantity: 1\n  }\n}).then(res => {\n  var _res$body3;\n  const lines = Array.isArray(res.body) ? res.body : ((_res$body3 = res.body) === null || _res$body3 === void 0 ? void 0 : _res$body3.orderLines) || [];\n  const line = lines.find(l => {\n    var _l$product2;\n    return ((_l$product2 = l.product) === null || _l$product2 === void 0 ? void 0 : _l$product2.id) === PRODUCTS.moyen.id;\n  });\n  expect(line).to.exist;\n  orderLineId = line.id;\n  cy.request({\n    method: \"DELETE\",\n    url: `${API()}/orders/${orderLineId}/delete`,\n    headers: {\n      Authorization: `Bearer ${token}`\n    }\n  }).then(deleteRes => {\n    expect(deleteRes.status).to.be.oneOf([200, 204]);\n    cy.request({\n      method: \"GET\",\n      url: `${API()}/orders`,\n      headers: {\n        Authorization: `Bearer ${token}`\n      }\n    }).then(cartRes => {\n      var _cartRes$body;\n      const remaining = (Array.isArray(cartRes.body) ? cartRes.body : ((_cartRes$body = cartRes.body) === null || _cartRes$body === void 0 ? void 0 : _cartRes$body.orderLines) || []).find(l => l.id === orderLineId);\n      expect(remaining).to.be.undefined;\n      cy.log(\"✅ API-2 — Ligne supprimée confirmée\");\n    });\n  });\n});",
              "err": {},
              "uuid": "c599634b-2ae4-4b73-88f4-35ca9c4ca89a",
              "parentUUID": "9ede1bc6-3a7c-46fa-b8bf-c3ad1e9b2716",
              "isHook": false,
              "skipped": false
            },
            {
              "title": "API-3 - Panier vide après suppression de toutes les lignes + stock restauré",
              "fullTitle": "Panier - utilisateur connecté API-3 - Panier vide après suppression de toutes les lignes + stock restauré",
              "timedOut": null,
              "duration": 1207,
              "state": "passed",
              "speed": "fast",
              "pass": true,
              "fail": false,
              "pending": false,
              "context": null,
              "code": "cy.request({\n  method: \"GET\",\n  url: `${API()}/products/${PRODUCTS.normal.id}`\n}).then(productRes => {\n  const stockAvant = productRes.body.availableStock;\n  cy.request({\n    method: \"PUT\",\n    url: `${API()}/orders/add`,\n    headers: {\n      Authorization: `Bearer ${token}`\n    },\n    body: {\n      product: PRODUCTS.normal.id,\n      quantity: 1\n    }\n  }).then(res => {\n    var _res$body4;\n    const lines = Array.isArray(res.body) ? res.body : ((_res$body4 = res.body) === null || _res$body4 === void 0 ? void 0 : _res$body4.orderLines) || [];\n    lines.forEach(line => {\n      cy.request({\n        method: \"DELETE\",\n        url: `${API()}/orders/${line.id}/delete`,\n        headers: {\n          Authorization: `Bearer ${token}`\n        },\n        failOnStatusCode: false\n      });\n    });\n    cy.request({\n      method: \"GET\",\n      url: `${API()}/orders`,\n      headers: {\n        Authorization: `Bearer ${token}`\n      }\n    }).then(cartRes => {\n      var _cartRes$body2;\n      const remaining = Array.isArray(cartRes.body) ? cartRes.body : ((_cartRes$body2 = cartRes.body) === null || _cartRes$body2 === void 0 ? void 0 : _cartRes$body2.orderLines) || [];\n      expect(remaining).to.have.length(0);\n      cy.log(\"✅ API-3 — Panier vide confirmé\");\n    });\n    cy.request({\n      method: \"GET\",\n      url: `${API()}/products/${PRODUCTS.normal.id}`\n    }).then(updatedRes => {\n      const stockApres = updatedRes.body.availableStock;\n      expect(stockApres).to.equal(stockAvant);\n      cy.log(`✅ API-3 — Stock restauré : ${stockAvant} → ${stockApres}`);\n    });\n  });\n});",
              "err": {},
              "uuid": "63405066-1f2f-42cd-9606-c5f396f1a776",
              "parentUUID": "9ede1bc6-3a7c-46fa-b8bf-c3ad1e9b2716",
              "isHook": false,
              "skipped": false
            },
            {
              "title": "API-4 - Quantité 0 doit être refusée (stock:50)",
              "fullTitle": "Panier - utilisateur connecté API-4 - Quantité 0 doit être refusée (stock:50)",
              "timedOut": null,
              "duration": 693,
              "state": "passed",
              "speed": "fast",
              "pass": true,
              "fail": false,
              "pending": false,
              "context": null,
              "code": "cy.request({\n  method: \"PUT\",\n  url: `${API()}/orders/add`,\n  headers: {\n    Authorization: `Bearer ${token}`\n  },\n  body: {\n    product: PRODUCTS.normal.id,\n    quantity: 0\n  },\n  failOnStatusCode: false\n}).then(res => {\n  if (res.status >= 400) {\n    expect(res.status).to.be.within(400, 422);\n    cy.log(`✅ API-4 — Quantité 0 refusée (${res.status})`);\n  } else {\n    cy.log(`⚠️ Anomalie — quantité 0 acceptée (${res.status})`);\n  }\n});",
              "err": {},
              "uuid": "2560e4f0-1f32-4862-9717-654e18c2ee4b",
              "parentUUID": "9ede1bc6-3a7c-46fa-b8bf-c3ad1e9b2716",
              "isHook": false,
              "skipped": false
            },
            {
              "title": "API-5 - Quantité négative doit être refusée (stock:50)",
              "fullTitle": "Panier - utilisateur connecté API-5 - Quantité négative doit être refusée (stock:50)",
              "timedOut": null,
              "duration": 761,
              "state": "passed",
              "speed": "fast",
              "pass": true,
              "fail": false,
              "pending": false,
              "context": null,
              "code": "cy.request({\n  method: \"PUT\",\n  url: `${API()}/orders/add`,\n  headers: {\n    Authorization: `Bearer ${token}`\n  },\n  body: {\n    product: PRODUCTS.normal.id,\n    quantity: -1\n  },\n  failOnStatusCode: false\n}).then(res => {\n  if (res.status >= 400) {\n    expect(res.status).to.be.within(400, 422);\n    cy.log(`✅ API-5 — Quantité -1 refusée (${res.status})`);\n  } else {\n    cy.log(`⚠️ Anomalie critique — quantité négative acceptée (${res.status})`);\n  }\n});",
              "err": {},
              "uuid": "c9215c0c-ddb7-4fc0-b205-2e4d0ffb9a48",
              "parentUUID": "9ede1bc6-3a7c-46fa-b8bf-c3ad1e9b2716",
              "isHook": false,
              "skipped": false
            },
            {
              "title": "API-6 - Quantité supérieure au stock doit être refusée (stock:3, qty:5)",
              "fullTitle": "Panier - utilisateur connecté API-6 - Quantité supérieure au stock doit être refusée (stock:3, qty:5)",
              "timedOut": null,
              "duration": 649,
              "state": "passed",
              "speed": "fast",
              "pass": true,
              "fail": false,
              "pending": false,
              "context": null,
              "code": "cy.request({\n  method: \"PUT\",\n  url: `${API()}/orders/add`,\n  headers: {\n    Authorization: `Bearer ${token}`\n  },\n  body: {\n    product: PRODUCTS.faible.id,\n    quantity: 5\n  },\n  failOnStatusCode: false\n}).then(res => {\n  if (res.status >= 400) {\n    expect(res.status).to.be.within(400, 422);\n    cy.log(`✅ API-6 — Dépassement stock refusé (${res.status})`);\n  } else {\n    cy.log(`⚠️ Anomalie — quantité 5 acceptée alors que stock = ${PRODUCTS.faible.stock}`);\n  }\n});",
              "err": {},
              "uuid": "ea7a34ef-a75e-41bd-bbdd-ad2161d369e4",
              "parentUUID": "9ede1bc6-3a7c-46fa-b8bf-c3ad1e9b2716",
              "isHook": false,
              "skipped": false
            },
            {
              "title": "API-7 - Stock décrémenté après ajout au panier (stock:50, qty:3)",
              "fullTitle": "Panier - utilisateur connecté API-7 - Stock décrémenté après ajout au panier (stock:50, qty:3)",
              "timedOut": null,
              "duration": 900,
              "state": "passed",
              "speed": "fast",
              "pass": true,
              "fail": false,
              "pending": false,
              "context": null,
              "code": "cy.request({\n  method: \"GET\",\n  url: `${API()}/products/${PRODUCTS.normal.id}`\n}).then(productRes => {\n  const stockAvant = productRes.body.availableStock;\n  cy.request({\n    method: \"PUT\",\n    url: `${API()}/orders/add`,\n    headers: {\n      Authorization: `Bearer ${token}`\n    },\n    body: {\n      product: PRODUCTS.normal.id,\n      quantity: 3\n    }\n  }).then(() => {\n    cy.request({\n      method: \"GET\",\n      url: `${API()}/products/${PRODUCTS.normal.id}`\n    }).then(updatedRes => {\n      expect(updatedRes.body.availableStock).to.equal(stockAvant - 3);\n      cy.log(`✅ API-7 — Stock : ${stockAvant} → ${updatedRes.body.availableStock} (−3)`);\n    });\n  });\n});",
              "err": {},
              "uuid": "3a12b698-1864-4a30-9df1-8eb864868fd6",
              "parentUUID": "9ede1bc6-3a7c-46fa-b8bf-c3ad1e9b2716",
              "isHook": false,
              "skipped": false
            },
            {
              "title": "API-11 - Pas de duplication de ligne pour même produit (stock:50)",
              "fullTitle": "Panier - utilisateur connecté API-11 - Pas de duplication de ligne pour même produit (stock:50)",
              "timedOut": null,
              "duration": 962,
              "state": "passed",
              "speed": "fast",
              "pass": true,
              "fail": false,
              "pending": false,
              "context": null,
              "code": "cy.request({\n  method: \"PUT\",\n  url: `${API()}/orders/add`,\n  headers: {\n    Authorization: `Bearer ${token}`\n  },\n  body: {\n    product: PRODUCTS.normal.id,\n    quantity: 1\n  }\n}).then(() => {\n  cy.request({\n    method: \"PUT\",\n    url: `${API()}/orders/add`,\n    headers: {\n      Authorization: `Bearer ${token}`\n    },\n    body: {\n      product: PRODUCTS.normal.id,\n      quantity: 2\n    }\n  }).then(() => {\n    cy.request({\n      method: \"GET\",\n      url: `${API()}/orders`,\n      headers: {\n        Authorization: `Bearer ${token}`\n      }\n    }).then(cartRes => {\n      var _cartRes$body3;\n      const lines = (Array.isArray(cartRes.body) ? cartRes.body : ((_cartRes$body3 = cartRes.body) === null || _cartRes$body3 === void 0 ? void 0 : _cartRes$body3.orderLines) || []).filter(l => {\n        var _l$product3;\n        return ((_l$product3 = l.product) === null || _l$product3 === void 0 ? void 0 : _l$product3.id) === PRODUCTS.normal.id;\n      });\n      expect(lines).to.have.length(1);\n      expect(lines[0].quantity).to.equal(3);\n      cy.log(`✅ API-11 — Pas de duplication, quantité cumulée : ${lines[0].quantity}`);\n    });\n  });\n});",
              "err": {},
              "uuid": "da42ab66-d0cd-4c37-988c-e57143fd5b6d",
              "parentUUID": "9ede1bc6-3a7c-46fa-b8bf-c3ad1e9b2716",
              "isHook": false,
              "skipped": false
            }
          ],
          "suites": [],
          "passes": [
            "b5298923-df62-4e68-8338-9bdc59045ca6",
            "82618671-464f-4957-ba3b-8932e7cd08d5",
            "c599634b-2ae4-4b73-88f4-35ca9c4ca89a",
            "63405066-1f2f-42cd-9606-c5f396f1a776",
            "2560e4f0-1f32-4862-9717-654e18c2ee4b",
            "c9215c0c-ddb7-4fc0-b205-2e4d0ffb9a48",
            "ea7a34ef-a75e-41bd-bbdd-ad2161d369e4",
            "3a12b698-1864-4a30-9df1-8eb864868fd6",
            "da42ab66-d0cd-4c37-988c-e57143fd5b6d"
          ],
          "failures": [],
          "pending": [],
          "skipped": [],
          "duration": 7679,
          "root": false,
          "rootEmpty": false,
          "_timeout": 2000
        }
      ],
      "passes": [],
      "failures": [],
      "pending": [],
      "skipped": [],
      "duration": 0,
      "root": true,
      "rootEmpty": true,
      "_timeout": 2000
    }
  ],
  "meta": {
    "mocha": {
      "version": "7.2.0"
    },
    "mochawesome": {
      "options": {
        "quiet": false,
        "reportFilename": "mochawesome",
        "saveHtml": true,
        "saveJson": true,
        "consoleReporter": "spec",
        "useInlineDiffs": false,
        "code": true
      },
      "version": "7.1.4"
    },
    "marge": {
      "options": {
        "reportDir": "E2Ecypress/reports",
        "overwrite": false,
        "html": true,
        "json": true
      },
      "version": "6.3.2"
    }
  }
}