{
  "stats": {
    "suites": 1,
    "tests": 8,
    "passes": 8,
    "pending": 0,
    "failures": 0,
    "start": "2026-03-18T19:10:43.206Z",
    "end": "2026-03-18T19:10:59.889Z",
    "duration": 16683,
    "testsRegistered": 8,
    "passPercent": 100,
    "pendingPercent": 0,
    "other": 0,
    "hasOther": false,
    "skipped": 0,
    "hasSkipped": false
  },
  "results": [
    {
      "uuid": "e38fd4f3-600e-458c-8abd-2862c8b22854",
      "title": "",
      "fullFile": "E2Ecypress\\e2e\\uiTests\\register-athen.cy.js",
      "file": "E2Ecypress\\e2e\\uiTests\\register-athen.cy.js",
      "beforeHooks": [],
      "afterHooks": [],
      "tests": [],
      "suites": [
        {
          "uuid": "f4d83e5d-3ac9-4974-8f7b-b6f912c14b6a",
          "title": "Authentification - Inscription et Connexion",
          "fullFile": "",
          "file": "",
          "beforeHooks": [],
          "afterHooks": [],
          "tests": [
            {
              "title": "1 - Créer un compte utilisateur avec succès",
              "fullTitle": "Authentification - Inscription et Connexion 1 - Créer un compte utilisateur avec succès",
              "timedOut": null,
              "duration": 4664,
              "state": "passed",
              "speed": "fast",
              "pass": true,
              "fail": false,
              "pending": false,
              "context": null,
              "code": "cy.contains(\"a\", \"Inscription\").click();\ncy.url().should(\"include\", \"/register\");\ncy.get(\"#lastname\").type(lastname);\ncy.get(\"#firstname\").type(firstname);\ncy.get(\"#email\").type(email);\ncy.get(\"#password\").type(password);\ncy.get(\"#confirm\").type(password);\ncy.intercept(\"POST\", \"**/register\").as(\"registerRequest\");\ncy.get('[data-cy=\"register-submit\"]').click();\nlogAlerte();\ncy.wait(\"@registerRequest\", {\n  timeout: 15000\n}).then(interception => {\n  cy.log(`📡 Status inscription : ${interception.response.statusCode}`);\n});\ncy.url({\n  timeout: 15000\n}).should(\"not.include\", \"/register\").then(url => {\n  cy.log(`✅ TEST 1 — Inscription réussie pour ${email} | URL : ${url}`);\n});\ncy.contains(\"a\", \"Déconnexion\", {\n  timeout: 10000\n}).should(\"be.visible\").click();\ncy.url().should(\"include\", \"/\");",
              "err": {},
              "uuid": "7dd917c9-0918-439c-ade2-a8cdaca204bf",
              "parentUUID": "f4d83e5d-3ac9-4974-8f7b-b6f912c14b6a",
              "isHook": false,
              "skipped": false
            },
            {
              "title": "2 - Affiche une erreur si l'adresse mail est déjà utilisée",
              "fullTitle": "Authentification - Inscription et Connexion 2 - Affiche une erreur si l'adresse mail est déjà utilisée",
              "timedOut": null,
              "duration": 2051,
              "state": "passed",
              "speed": "fast",
              "pass": true,
              "fail": false,
              "pending": false,
              "context": null,
              "code": "cy.contains(\"a\", \"Inscription\").click();\ncy.url().should(\"include\", \"/register\");\ncy.get(\"#lastname\").type(\"ramo\");\ncy.get(\"#firstname\").type(\"victor\");\ncy.get(\"#email\").type(\"ramoshippuden@gmail.com\");\ncy.get(\"#password\").type(\"testtest\");\ncy.get(\"#confirm\").type(\"testtest\");\ncy.get('[data-cy=\"register-submit\"]').click();\nlogAlerte();\ncy.get(\"p.error\", {\n  timeout: 8000\n}).then($el => {\n  if (!$el.is(\":visible\")) {\n    signalerAnomalie(\"ANO-AUTH-02\", \"DEFECT HIGH — Aucun message d'erreur affiché pour email déjà utilisé\", \"Attendu : p.error visible | Observé : élément absent ou masqué\");\n  }\n  if (!$el.text().includes(\"Cette adresse mail est déjà utilisée\")) {\n    signalerAnomalie(\"ANO-AUTH-02\", \"DEFECT MEDIUM — Message d'erreur incorrect pour email déjà utilisé\", `Attendu : \"Cette adresse mail est déjà utilisée\" | Observé : \"${$el.text()}\"`);\n  }\n  cy.log(`✅ TEST 2 — Erreur correctement affichée : ${$el.text()}`);\n});",
              "err": {},
              "uuid": "4fe500e2-654c-4eee-8da5-152abd4f1f2a",
              "parentUUID": "f4d83e5d-3ac9-4974-8f7b-b6f912c14b6a",
              "isHook": false,
              "skipped": false
            },
            {
              "title": "3 - Connexion avec un compte existant",
              "fullTitle": "Authentification - Inscription et Connexion 3 - Connexion avec un compte existant",
              "timedOut": null,
              "duration": 2206,
              "state": "passed",
              "speed": "fast",
              "pass": true,
              "fail": false,
              "pending": false,
              "context": null,
              "code": "cy.contains(\"a\", \"Accueil\").click();\ncy.contains(\"a\", \"Connexion\").click();\ncy.url().should(\"include\", \"/login\");\ncy.get(\"#username\").type(\"ramoshippuden@gmail.com\");\ncy.get(\"#password\").type(\"testtest\");\ncy.contains(\"span\", \"Se connecter\").click();\nlogAlerte();\ncy.url().should(\"not.include\", \"/login\");\ncy.contains(\"a\", \"Déconnexion\").should(\"be.visible\");",
              "err": {},
              "uuid": "780e1b41-03e9-46ed-aac1-9e23985dd68d",
              "parentUUID": "f4d83e5d-3ac9-4974-8f7b-b6f912c14b6a",
              "isHook": false,
              "skipped": false
            },
            {
              "title": "4 - Connexion échoue avec email au mauvais format",
              "fullTitle": "Authentification - Inscription et Connexion 4 - Connexion échoue avec email au mauvais format",
              "timedOut": null,
              "duration": 980,
              "state": "passed",
              "speed": "fast",
              "pass": true,
              "fail": false,
              "pending": false,
              "context": null,
              "code": "cy.contains(\"a\", \"Connexion\").click();\ncy.get(\"#username\").type(\"emailinvalide\");\ncy.get(\"#password\").type(\"testtest\");\ncy.contains(\"span\", \"Se connecter\").click();\nlogAlerte();\ncy.get(\"p.error\", {\n  timeout: 8000\n}).then($el => {\n  if (!$el.is(\":visible\")) {\n    signalerAnomalie(\"ANO-AUTH-04\", \"DEFECT HIGH — Aucun message d'erreur affiché pour email au mauvais format\", \"Attendu : p.error visible | Observé : élément absent ou masqué\");\n  }\n  cy.log(`✅ TEST 4 — Erreur format email affichée : ${$el.text()}`);\n});",
              "err": {},
              "uuid": "311ca749-42ec-44c0-8464-719941b9ec41",
              "parentUUID": "f4d83e5d-3ac9-4974-8f7b-b6f912c14b6a",
              "isHook": false,
              "skipped": false
            },
            {
              "title": "5 - Connexion échoue avec email inexistant",
              "fullTitle": "Authentification - Inscription et Connexion 5 - Connexion échoue avec email inexistant",
              "timedOut": null,
              "duration": 1306,
              "state": "passed",
              "speed": "fast",
              "pass": true,
              "fail": false,
              "pending": false,
              "context": null,
              "code": "cy.contains(\"a\", \"Connexion\").click();\ncy.get(\"#username\").type(\"inexistant@example.com\");\ncy.get(\"#password\").type(\"testtest\");\ncy.contains(\"span\", \"Se connecter\").click();\nlogAlerte();\ncy.get(\"p.error\", {\n  timeout: 8000\n}).then($el => {\n  if (!$el.is(\":visible\")) {\n    signalerAnomalie(\"ANO-AUTH-05\", \"DEFECT HIGH — Aucun message d'erreur affiché pour email inexistant\", \"Attendu : p.error visible | Observé : élément absent ou masqué\");\n  }\n  cy.log(`✅ TEST 5 — Erreur email inexistant affichée : ${$el.text()}`);\n});",
              "err": {},
              "uuid": "9834f71f-6048-4a0c-b89a-cf4d0db302dd",
              "parentUUID": "f4d83e5d-3ac9-4974-8f7b-b6f912c14b6a",
              "isHook": false,
              "skipped": false
            },
            {
              "title": "6 - Connexion échoue avec email vide",
              "fullTitle": "Authentification - Inscription et Connexion 6 - Connexion échoue avec email vide",
              "timedOut": null,
              "duration": 1177,
              "state": "passed",
              "speed": "fast",
              "pass": true,
              "fail": false,
              "pending": false,
              "context": null,
              "code": "cy.contains(\"a\", \"Connexion\").click();\ncy.get(\"#password\").type(\"testtest\");\ncy.contains(\"span\", \"Se connecter\").click();\nlogAlerte();\ncy.get(\"p.error\", {\n  timeout: 8000\n}).then($el => {\n  if (!$el.is(\":visible\")) {\n    signalerAnomalie(\"ANO-AUTH-06\", \"DEFECT HIGH — Aucun message d'erreur affiché pour email vide\", \"Attendu : p.error visible | Observé : élément absent ou masqué\");\n  }\n  if (!$el.text().includes(\"Merci de remplir correctement tous les champs\")) {\n    signalerAnomalie(\"ANO-AUTH-06\", \"DEFECT MEDIUM — Message d'erreur incorrect pour email vide\", `Attendu : \"Merci de remplir correctement tous les champs\" | Observé : \"${$el.text()}\"`);\n  }\n  cy.log(`✅ TEST 6 — Erreur email vide affichée : ${$el.text()}`);\n});\ncy.get(\"label\").contains(\"Email\").then($label => {\n  if (!$label.hasClass(\"error\")) {\n    signalerAnomalie(\"ANO-AUTH-06\", \"DEFECT LOW — Label Email non mis en rouge (classe error absente)\", \"Attendu : label.error | Observé : classe error manquante\");\n  }\n  cy.log(\"✅ TEST 6 — Label Email en rouge (classe error présente)\");\n});",
              "err": {},
              "uuid": "46c0ad81-8452-4253-8381-d1094967a0cf",
              "parentUUID": "f4d83e5d-3ac9-4974-8f7b-b6f912c14b6a",
              "isHook": false,
              "skipped": false
            },
            {
              "title": "7 - Connexion échoue avec mot de passe erroné",
              "fullTitle": "Authentification - Inscription et Connexion 7 - Connexion échoue avec mot de passe erroné",
              "timedOut": null,
              "duration": 1832,
              "state": "passed",
              "speed": "fast",
              "pass": true,
              "fail": false,
              "pending": false,
              "context": null,
              "code": "cy.contains(\"a\", \"Connexion\").click();\ncy.get(\"#username\").type(\"ramoshippuden@gmail.com\");\ncy.get(\"#password\").type(\"mauvaismdp\");\ncy.contains(\"span\", \"Se connecter\").click();\nlogAlerte();\ncy.get(\"p.error\", {\n  timeout: 8000\n}).then($el => {\n  if (!$el.is(\":visible\")) {\n    signalerAnomalie(\"ANO-AUTH-07\", \"DEFECT HIGH — Aucun message d'erreur affiché pour mot de passe erroné\", \"Attendu : p.error visible | Observé : élément absent ou masqué\");\n  }\n  cy.log(`✅ TEST 7 — Erreur mot de passe erroné affichée : ${$el.text()}`);\n});",
              "err": {},
              "uuid": "283a7851-db0a-48b3-8702-f34b5ea12fe9",
              "parentUUID": "f4d83e5d-3ac9-4974-8f7b-b6f912c14b6a",
              "isHook": false,
              "skipped": false
            },
            {
              "title": "8 - Tentative d'injection XSS dans le formulaire de connexion",
              "fullTitle": "Authentification - Inscription et Connexion 8 - Tentative d'injection XSS dans le formulaire de connexion",
              "timedOut": null,
              "duration": 1635,
              "state": "passed",
              "speed": "fast",
              "pass": true,
              "fail": false,
              "pending": false,
              "context": null,
              "code": "const xssPayload = `<script>alert(\"XSS\")</script>`;\ncy.contains(\"a\", \"Connexion\").click();\ncy.get(\"#username\").type(xssPayload);\ncy.get(\"#password\").type(xssPayload);\ncy.contains(\"span\", \"Se connecter\").click();\nlogAlerte();\n// Vérification 1 : on reste sur la page login (pas de redirection non autorisée)\ncy.url().should(\"include\", \"/login\");\n// Vérification 2 : le payload XSS ne s'exécute pas dans le DOM\ncy.document().then(doc => {\n  const body = doc.body.innerHTML;\n  if (body.includes(\"<​script>\")) {\n    signalerAnomalie(\"ANO-AUTH-08\", \"DEFECT CRITICAL — Faille XSS détectée dans le formulaire de connexion\", \"Attendu : payload XSS échappé ou refusé | Observé : balise <script> présente dans le DOM\");\n  }\n  cy.log(\"✅ TEST 8 — Payload XSS non exécuté dans le DOM\");\n});\n// Vérification 3 : un message d'erreur s'affiche (champ invalide ou refus)\ncy.get(\"p.error\", {\n  timeout: 8000\n}).then($el => {\n  if (!$el.is(\":visible\")) {\n    signalerAnomalie(\"ANO-AUTH-08B\", \"DEFECT MEDIUM — Aucun message d'erreur affiché après injection XSS\", \"Attendu : p.error visible | Observé : élément absent ou masqué\");\n  }\n  cy.log(`✅ TEST 8 — Message d'erreur affiché : ${$el.text()}`);\n});",
              "err": {},
              "uuid": "665029a9-9f62-445a-901c-530e3d1e1b12",
              "parentUUID": "f4d83e5d-3ac9-4974-8f7b-b6f912c14b6a",
              "isHook": false,
              "skipped": false
            }
          ],
          "suites": [],
          "passes": [
            "7dd917c9-0918-439c-ade2-a8cdaca204bf",
            "4fe500e2-654c-4eee-8da5-152abd4f1f2a",
            "780e1b41-03e9-46ed-aac1-9e23985dd68d",
            "311ca749-42ec-44c0-8464-719941b9ec41",
            "9834f71f-6048-4a0c-b89a-cf4d0db302dd",
            "46c0ad81-8452-4253-8381-d1094967a0cf",
            "283a7851-db0a-48b3-8702-f34b5ea12fe9",
            "665029a9-9f62-445a-901c-530e3d1e1b12"
          ],
          "failures": [],
          "pending": [],
          "skipped": [],
          "duration": 15851,
          "root": false,
          "rootEmpty": false,
          "_timeout": 2000
        }
      ],
      "passes": [],
      "failures": [],
      "pending": [],
      "skipped": [],
      "duration": 0,
      "root": true,
      "rootEmpty": true,
      "_timeout": 2000
    }
  ],
  "meta": {
    "mocha": {
      "version": "7.2.0"
    },
    "mochawesome": {
      "options": {
        "quiet": false,
        "reportFilename": "mochawesome",
        "saveHtml": false,
        "saveJson": true,
        "consoleReporter": "spec",
        "useInlineDiffs": false,
        "code": true
      },
      "version": "7.1.4"
    },
    "marge": {
      "options": {
        "reportDir": "E2Ecypress/reports",
        "overwrite": false,
        "json": true,
        "html": false
      },
      "version": "6.3.2"
    }
  }
}