{
  "stats": {
    "suites": 1,
    "tests": 6,
    "passes": 6,
    "pending": 0,
    "failures": 0,
    "start": "2026-03-25T02:47:04.511Z",
    "end": "2026-03-25T02:47:07.184Z",
    "duration": 2673,
    "testsRegistered": 6,
    "passPercent": 100,
    "pendingPercent": 0,
    "other": 0,
    "hasOther": false,
    "skipped": 0,
    "hasSkipped": false
  },
  "results": [
    {
      "uuid": "b6ae54f0-053a-4dc9-8c4f-011c01b3169a",
      "title": "",
      "fullFile": "E2Ecypress\\e2e\\apiTests\\api-auth.cy.js",
      "file": "E2Ecypress\\e2e\\apiTests\\api-auth.cy.js",
      "beforeHooks": [],
      "afterHooks": [],
      "tests": [],
      "suites": [
        {
          "uuid": "3166c2b9-914a-491f-a8c8-58a8474bb2dc",
          "title": "API - Authentification",
          "fullFile": "",
          "file": "",
          "beforeHooks": [],
          "afterHooks": [],
          "tests": [
            {
              "title": "1 - API Register - Status 200/201",
              "fullTitle": "API - Authentification 1 - API Register - Status 200/201",
              "timedOut": null,
              "duration": 1138,
              "state": "passed",
              "speed": "fast",
              "pass": true,
              "fail": false,
              "pending": false,
              "context": null,
              "code": "const timestamp = Date.now();\n(0, _apiAuth.register)(`demo_${timestamp}`, `user_${timestamp}`, `demo_${timestamp}@example.com`, \"testtest\", false).then(res => {\n  cy.log(`📡 Status : ${res.status}`);\n  if (![200, 201].includes(res.status)) {\n    anomalie(\"ANO-AUTH-01\", \"DEFECT HIGH — Inscription refusée pour un nouvel utilisateur\", `Attendu : 200 ou 201 | Observé : ${res.status}`);\n  }\n  cy.log(\"✅ AUTH-1 — Inscription réussie\");\n});",
              "err": {},
              "uuid": "54ea373b-09a5-43fc-8c10-7cb06426d715",
              "parentUUID": "3166c2b9-914a-491f-a8c8-58a8474bb2dc",
              "isHook": false,
              "skipped": false
            },
            {
              "title": "2 - API Register - Email existant - Status 400/422",
              "fullTitle": "API - Authentification 2 - API Register - Email existant - Status 400/422",
              "timedOut": null,
              "duration": 151,
              "state": "passed",
              "speed": "fast",
              "pass": true,
              "fail": false,
              "pending": false,
              "context": null,
              "code": "(0, _apiAuth.register)(\"ramo\", \"victor\", \"ramoshippuden@gmail.com\", \"testtest\", false).then(res => {\n  cy.log(`📡 Status : ${res.status}`);\n  if (![400, 422].includes(res.status)) {\n    anomalie(\"ANO-AUTH-02\", \"DEFECT HIGH — Email existant accepté à l'inscription\", `Attendu : 400 ou 422 | Observé : ${res.status}`);\n  }\n  cy.log(`✅ AUTH-2 — Email existant refusé (${res.status})`);\n});",
              "err": {},
              "uuid": "b8b391e2-79cd-4272-8dd4-5aa9cdfdee3e",
              "parentUUID": "3166c2b9-914a-491f-a8c8-58a8474bb2dc",
              "isHook": false,
              "skipped": false
            },
            {
              "title": "3 - API Login - Status 200 + token",
              "fullTitle": "API - Authentification 3 - API Login - Status 200 + token",
              "timedOut": null,
              "duration": 485,
              "state": "passed",
              "speed": "fast",
              "pass": true,
              "fail": false,
              "pending": false,
              "context": null,
              "code": "(0, _apiAuth.login)(\"ramoshippuden@gmail.com\", \"testtest\", false).then(res => {\n  cy.log(`📡 Status : ${res.status}`);\n  if (res.status !== 200) {\n    anomalie(\"ANO-AUTH-03\", \"DEFECT CRITICAL — Connexion refusée pour un utilisateur valide\", `Attendu : 200 | Observé : ${res.status}`);\n  }\n  if (!res.body.token) {\n    anomalie(\"ANO-AUTH-03\", \"DEFECT CRITICAL — Token absent dans la réponse de connexion\", `Body reçu : ${JSON.stringify(res.body)}`);\n  }\n  cy.log(`✅ AUTH-3 — Connexion OK, token reçu`);\n});",
              "err": {},
              "uuid": "a58f7139-584a-4239-9be1-aafd7aace753",
              "parentUUID": "3166c2b9-914a-491f-a8c8-58a8474bb2dc",
              "isHook": false,
              "skipped": false
            },
            {
              "title": "4 - API Login - Email invalide - Status 401",
              "fullTitle": "API - Authentification 4 - API Login - Email invalide - Status 401",
              "timedOut": null,
              "duration": 94,
              "state": "passed",
              "speed": "fast",
              "pass": true,
              "fail": false,
              "pending": false,
              "context": null,
              "code": "(0, _apiAuth.login)(\"emailinvalide\", \"testtest\", false).then(res => {\n  cy.log(`📡 Status : ${res.status}`);\n  if (res.status !== 401) {\n    anomalie(\"ANO-AUTH-04\", \"DEFECT HIGH — Email invalide accepté à la connexion\", `Attendu : 401 | Observé : ${res.status}`);\n  }\n  cy.log(`✅ AUTH-4 — Email invalide refusé (${res.status})`);\n});",
              "err": {},
              "uuid": "759a8a39-2319-4f5c-9742-e6b826f6a01d",
              "parentUUID": "3166c2b9-914a-491f-a8c8-58a8474bb2dc",
              "isHook": false,
              "skipped": false
            },
            {
              "title": "5 - API Login - Email inexistant - Status 401",
              "fullTitle": "API - Authentification 5 - API Login - Email inexistant - Status 401",
              "timedOut": null,
              "duration": 110,
              "state": "passed",
              "speed": "fast",
              "pass": true,
              "fail": false,
              "pending": false,
              "context": null,
              "code": "const fakeEmail = _faker.faker.internet.email();\nconst fakePassword = _faker.faker.internet.password();\n(0, _apiAuth.login)(fakeEmail, fakePassword, false).then(res => {\n  cy.log(`📡 Status : ${res.status}`);\n  if (res.status !== 401) {\n    anomalie(\"ANO-AUTH-05\", \"DEFECT HIGH — Email inexistant accepté à la connexion\", `Email : ${fakeEmail} | Attendu : 401 | Observé : ${res.status}`);\n  }\n  cy.writeFile(\"cypress/logs/auth_failure.json\", {\n    username: fakeEmail,\n    password: fakePassword,\n    status: res.status,\n    timestamp: new Date().toISOString()\n  });\n  cy.log(`✅ AUTH-5 — Email inexistant refusé (${res.status})`);\n});",
              "err": {},
              "uuid": "bf902383-f35b-4a71-8d29-b938d66997ee",
              "parentUUID": "3166c2b9-914a-491f-a8c8-58a8474bb2dc",
              "isHook": false,
              "skipped": false
            },
            {
              "title": "6 - API Login - Mauvais mot de passe - Status 401",
              "fullTitle": "API - Authentification 6 - API Login - Mauvais mot de passe - Status 401",
              "timedOut": null,
              "duration": 587,
              "state": "passed",
              "speed": "fast",
              "pass": true,
              "fail": false,
              "pending": false,
              "context": null,
              "code": "(0, _apiAuth.login)(\"ramoshippuden@gmail.com\", \"mauvaismdp\", false).then(res => {\n  cy.log(`📡 Status : ${res.status}`);\n  if (res.status !== 401) {\n    anomalie(\"ANO-AUTH-06\", \"DEFECT HIGH — Mauvais mot de passe accepté à la connexion\", `Attendu : 401 | Observé : ${res.status}`);\n  }\n  cy.log(`✅ AUTH-6 — Mauvais mot de passe refusé (${res.status})`);\n});",
              "err": {},
              "uuid": "fd2e978c-f3f2-4fc2-9d25-9760fb64aff9",
              "parentUUID": "3166c2b9-914a-491f-a8c8-58a8474bb2dc",
              "isHook": false,
              "skipped": false
            }
          ],
          "suites": [],
          "passes": [
            "54ea373b-09a5-43fc-8c10-7cb06426d715",
            "b8b391e2-79cd-4272-8dd4-5aa9cdfdee3e",
            "a58f7139-584a-4239-9be1-aafd7aace753",
            "759a8a39-2319-4f5c-9742-e6b826f6a01d",
            "bf902383-f35b-4a71-8d29-b938d66997ee",
            "fd2e978c-f3f2-4fc2-9d25-9760fb64aff9"
          ],
          "failures": [],
          "pending": [],
          "skipped": [],
          "duration": 2565,
          "root": false,
          "rootEmpty": false,
          "_timeout": 2000
        }
      ],
      "passes": [],
      "failures": [],
      "pending": [],
      "skipped": [],
      "duration": 0,
      "root": true,
      "rootEmpty": true,
      "_timeout": 2000
    }
  ],
  "meta": {
    "mocha": {
      "version": "7.2.0"
    },
    "mochawesome": {
      "options": {
        "quiet": false,
        "reportFilename": "mochawesome",
        "saveHtml": false,
        "saveJson": true,
        "consoleReporter": "spec",
        "useInlineDiffs": false,
        "code": true
      },
      "version": "7.1.4"
    },
    "marge": {
      "options": {
        "reportDir": "E2Ecypress/reports",
        "overwrite": false,
        "json": true,
        "html": false
      },
      "version": "6.3.2"
    }
  }
}