{
  "stats": {
    "suites": 1,
    "tests": 1,
    "passes": 1,
    "pending": 0,
    "failures": 0,
    "start": "2026-03-19T18:41:59.996Z",
    "end": "2026-03-19T18:42:01.586Z",
    "duration": 1590,
    "testsRegistered": 1,
    "passPercent": 100,
    "pendingPercent": 0,
    "other": 0,
    "hasOther": false,
    "skipped": 0,
    "hasSkipped": false
  },
  "results": [
    {
      "uuid": "01ebd7ed-4390-454e-9025-18e1faea3578",
      "title": "",
      "fullFile": "E2Ecypress\\e2e\\apiTests\\api-xss-auth.cy.js",
      "file": "E2Ecypress\\e2e\\apiTests\\api-xss-auth.cy.js",
      "beforeHooks": [],
      "afterHooks": [],
      "tests": [],
      "suites": [
        {
          "uuid": "c96327e0-f676-499f-a4eb-eefee139a4fe",
          "title": "XSS API - Injection formulaire authentification",
          "fullFile": "",
          "file": "",
          "beforeHooks": [],
          "afterHooks": [],
          "tests": [
            {
              "title": "Vérifie que les 15 payloads XSS sont bloqués par l'API",
              "fullTitle": "XSS API - Injection formulaire authentification Vérifie que les 15 payloads XSS sont bloqués par l'API",
              "timedOut": null,
              "duration": 1530,
              "state": "passed",
              "speed": "fast",
              "pass": true,
              "fail": false,
              "pending": false,
              "context": null,
              "code": "// On boucle dans un seul it() pour éviter le problème de this dans forEach\nthis.xssPayloads.forEach(item => {\n  cy.request({\n    method: \"POST\",\n    url: `${apiUrl}/login`,\n    headers: {\n      \"Content-Type\": \"application/json\"\n    },\n    body: {\n      username: item.payload,\n      password: item.payload\n    },\n    failOnStatusCode: false\n  }).then(res => {\n    // ── Le payload XSS ne doit jamais authentifier ────────────────\n    expect(res.status, `${item.id} - statut doit être 401`).to.eq(401);\n    // ── La réponse ne doit pas refléter le payload brut ───────────\n    const body = JSON.stringify(res.body);\n    XSS_PATTERNS.forEach(pattern => {\n      expect(body, `${item.id} - réponse ne doit pas contenir \"${pattern}\"`).to.not.include(pattern);\n    });\n    cy.log(`✅ ${item.id} (${item.description}) bloqué — HTTP ${res.status}`);\n  });\n});",
              "err": {},
              "uuid": "78cc37af-0016-4da5-9d36-16ded774a476",
              "parentUUID": "c96327e0-f676-499f-a4eb-eefee139a4fe",
              "isHook": false,
              "skipped": false
            }
          ],
          "suites": [],
          "passes": [
            "78cc37af-0016-4da5-9d36-16ded774a476"
          ],
          "failures": [],
          "pending": [],
          "skipped": [],
          "duration": 1530,
          "root": false,
          "rootEmpty": false,
          "_timeout": 2000
        }
      ],
      "passes": [],
      "failures": [],
      "pending": [],
      "skipped": [],
      "duration": 0,
      "root": true,
      "rootEmpty": true,
      "_timeout": 2000
    }
  ],
  "meta": {
    "mocha": {
      "version": "7.2.0"
    },
    "mochawesome": {
      "options": {
        "quiet": false,
        "reportFilename": "mochawesome",
        "saveHtml": false,
        "saveJson": true,
        "consoleReporter": "spec",
        "useInlineDiffs": false,
        "code": true
      },
      "version": "7.1.4"
    },
    "marge": {
      "options": {
        "reportDir": "E2Ecypress/reports",
        "overwrite": false,
        "json": true,
        "html": false
      },
      "version": "6.3.2"
    }
  }
}