{
  "stats": {
    "suites": 1,
    "tests": 3,
    "passes": 3,
    "pending": 0,
    "failures": 0,
    "start": "2026-03-19T18:44:13.468Z",
    "end": "2026-03-19T18:44:20.202Z",
    "duration": 6734,
    "testsRegistered": 3,
    "passPercent": 100,
    "pendingPercent": 0,
    "other": 0,
    "hasOther": false,
    "skipped": 0,
    "hasSkipped": false
  },
  "results": [
    {
      "uuid": "d88a8c21-9221-4007-b2b4-21ee6819902c",
      "title": "",
      "fullFile": "E2Ecypress\\e2e\\uiTests\\ui-xss-auth.cy.js",
      "file": "E2Ecypress\\e2e\\uiTests\\ui-xss-auth.cy.js",
      "beforeHooks": [],
      "afterHooks": [],
      "tests": [],
      "suites": [
        {
          "uuid": "f57c344a-015b-4c29-8a3c-aa1386548fd1",
          "title": "🛡️ XSS UI+API — Formulaire login",
          "fullFile": "",
          "file": "",
          "beforeHooks": [],
          "afterHooks": [],
          "tests": [
            {
              "title": "XSS-01 - Script basique",
              "fullTitle": "🛡️ XSS UI+API — Formulaire login XSS-01 - Script basique",
              "timedOut": null,
              "duration": 2544,
              "state": "passed",
              "speed": "fast",
              "pass": true,
              "fail": false,
              "pending": false,
              "context": null,
              "code": "cy.on(\"window:alert\", txt => {\n  throw new Error(`🚨 XSS exécuté côté front : ${txt}`);\n});\ncy.get('[data-cy=\"login-input-username\"]').clear().type(payload, {\n  parseSpecialCharSequences: false\n});\ncy.get('[data-cy=\"login-input-password\"]').clear().type(payload, {\n  parseSpecialCharSequences: false\n});\ncy.get('[data-cy=\"login-submit\"]').click();\n// ── Vérification FRONT ────────────────────────────────────────\ncy.get(\"body\").should(\"not.contain\", \"<​script>\");\ncy.get(\"body\").should(\"not.contain\", \"onerror=\");\ncy.get(\"body\").should(\"not.contain\", \"javascript:\");\n// ── Vérification BACK ─────────────────────────────────────────\ncy.request({\n  method: \"POST\",\n  url: `${Cypress.env(\"apiUrl\")}/login`,\n  headers: {\n    \"Content-Type\": \"application/json\"\n  },\n  body: {\n    username: payload,\n    password: payload\n  },\n  failOnStatusCode: false\n}).then(res => {\n  expect(res.status, \"Backend doit rejeter le payload XSS\").to.eq(401);\n  const body = JSON.stringify(res.body);\n  expect(body).to.not.include(\"<​script>\");\n  expect(body).to.not.include(\"onerror=\");\n  expect(body).to.not.include(\"javascript:\");\n  cy.log(`✅ ${id} bloqué — Front ✔ | Back HTTP ${res.status} ✔`);\n});\ncy.screenshot(`${id}-bloque`, {\n  capture: \"runner\"\n});",
              "err": {},
              "uuid": "41a6f217-9f8b-414b-a9e6-b38f374bcda4",
              "parentUUID": "f57c344a-015b-4c29-8a3c-aa1386548fd1",
              "isHook": false,
              "skipped": false
            },
            {
              "title": "XSS-02 - Image onerror",
              "fullTitle": "🛡️ XSS UI+API — Formulaire login XSS-02 - Image onerror",
              "timedOut": null,
              "duration": 2081,
              "state": "passed",
              "speed": "fast",
              "pass": true,
              "fail": false,
              "pending": false,
              "context": null,
              "code": "cy.on(\"window:alert\", txt => {\n  throw new Error(`🚨 XSS exécuté côté front : ${txt}`);\n});\ncy.get('[data-cy=\"login-input-username\"]').clear().type(payload, {\n  parseSpecialCharSequences: false\n});\ncy.get('[data-cy=\"login-input-password\"]').clear().type(payload, {\n  parseSpecialCharSequences: false\n});\ncy.get('[data-cy=\"login-submit\"]').click();\n// ── Vérification FRONT ────────────────────────────────────────\ncy.get(\"body\").should(\"not.contain\", \"<​script>\");\ncy.get(\"body\").should(\"not.contain\", \"onerror=\");\ncy.get(\"body\").should(\"not.contain\", \"javascript:\");\n// ── Vérification BACK ─────────────────────────────────────────\ncy.request({\n  method: \"POST\",\n  url: `${Cypress.env(\"apiUrl\")}/login`,\n  headers: {\n    \"Content-Type\": \"application/json\"\n  },\n  body: {\n    username: payload,\n    password: payload\n  },\n  failOnStatusCode: false\n}).then(res => {\n  expect(res.status, \"Backend doit rejeter le payload XSS\").to.eq(401);\n  const body = JSON.stringify(res.body);\n  expect(body).to.not.include(\"<​script>\");\n  expect(body).to.not.include(\"onerror=\");\n  expect(body).to.not.include(\"javascript:\");\n  cy.log(`✅ ${id} bloqué — Front ✔ | Back HTTP ${res.status} ✔`);\n});\ncy.screenshot(`${id}-bloque`, {\n  capture: \"runner\"\n});",
              "err": {},
              "uuid": "fd594b0d-73ef-4d81-911e-a1ec1180d2c5",
              "parentUUID": "f57c344a-015b-4c29-8a3c-aa1386548fd1",
              "isHook": false,
              "skipped": false
            },
            {
              "title": "XSS-03 - Javascript URI",
              "fullTitle": "🛡️ XSS UI+API — Formulaire login XSS-03 - Javascript URI",
              "timedOut": null,
              "duration": 2024,
              "state": "passed",
              "speed": "fast",
              "pass": true,
              "fail": false,
              "pending": false,
              "context": null,
              "code": "cy.on(\"window:alert\", txt => {\n  throw new Error(`🚨 XSS exécuté côté front : ${txt}`);\n});\ncy.get('[data-cy=\"login-input-username\"]').clear().type(payload, {\n  parseSpecialCharSequences: false\n});\ncy.get('[data-cy=\"login-input-password\"]').clear().type(payload, {\n  parseSpecialCharSequences: false\n});\ncy.get('[data-cy=\"login-submit\"]').click();\n// ── Vérification FRONT ────────────────────────────────────────\ncy.get(\"body\").should(\"not.contain\", \"<​script>\");\ncy.get(\"body\").should(\"not.contain\", \"onerror=\");\ncy.get(\"body\").should(\"not.contain\", \"javascript:\");\n// ── Vérification BACK ─────────────────────────────────────────\ncy.request({\n  method: \"POST\",\n  url: `${Cypress.env(\"apiUrl\")}/login`,\n  headers: {\n    \"Content-Type\": \"application/json\"\n  },\n  body: {\n    username: payload,\n    password: payload\n  },\n  failOnStatusCode: false\n}).then(res => {\n  expect(res.status, \"Backend doit rejeter le payload XSS\").to.eq(401);\n  const body = JSON.stringify(res.body);\n  expect(body).to.not.include(\"<​script>\");\n  expect(body).to.not.include(\"onerror=\");\n  expect(body).to.not.include(\"javascript:\");\n  cy.log(`✅ ${id} bloqué — Front ✔ | Back HTTP ${res.status} ✔`);\n});\ncy.screenshot(`${id}-bloque`, {\n  capture: \"runner\"\n});",
              "err": {},
              "uuid": "82d25112-e78e-4ab2-ae92-aa662bf37424",
              "parentUUID": "f57c344a-015b-4c29-8a3c-aa1386548fd1",
              "isHook": false,
              "skipped": false
            }
          ],
          "suites": [],
          "passes": [
            "41a6f217-9f8b-414b-a9e6-b38f374bcda4",
            "fd594b0d-73ef-4d81-911e-a1ec1180d2c5",
            "82d25112-e78e-4ab2-ae92-aa662bf37424"
          ],
          "failures": [],
          "pending": [],
          "skipped": [],
          "duration": 6649,
          "root": false,
          "rootEmpty": false,
          "_timeout": 2000
        }
      ],
      "passes": [],
      "failures": [],
      "pending": [],
      "skipped": [],
      "duration": 0,
      "root": true,
      "rootEmpty": true,
      "_timeout": 2000
    }
  ],
  "meta": {
    "mocha": {
      "version": "7.2.0"
    },
    "mochawesome": {
      "options": {
        "quiet": false,
        "reportFilename": "mochawesome",
        "saveHtml": false,
        "saveJson": true,
        "consoleReporter": "spec",
        "useInlineDiffs": false,
        "code": true
      },
      "version": "7.1.4"
    },
    "marge": {
      "options": {
        "reportDir": "E2Ecypress/reports",
        "overwrite": false,
        "json": true,
        "html": false
      },
      "version": "6.3.2"
    }
  }
}