{
  "stats": {
    "suites": 1,
    "tests": 7,
    "passes": 6,
    "pending": 0,
    "failures": 1,
    "start": "2026-03-17T19:31:34.488Z",
    "end": "2026-03-17T19:32:36.988Z",
    "duration": 62500,
    "testsRegistered": 7,
    "passPercent": 85.71428571428571,
    "pendingPercent": 0,
    "other": 0,
    "hasOther": false,
    "skipped": 0,
    "hasSkipped": false
  },
  "results": [
    {
      "uuid": "7d4db990-e6c9-4611-b583-6907d91bfd85",
      "title": "",
      "fullFile": "E2Ecypress\\e2e\\uiTests\\register-athen.cy.js",
      "file": "E2Ecypress\\e2e\\uiTests\\register-athen.cy.js",
      "beforeHooks": [],
      "afterHooks": [],
      "tests": [],
      "suites": [
        {
          "uuid": "ee56d6fc-de20-433e-9631-01cdf2e9172e",
          "title": "Authentification - Inscription et Connexion",
          "fullFile": "",
          "file": "",
          "beforeHooks": [],
          "afterHooks": [],
          "tests": [
            {
              "title": "1 - Créer un compte utilisateur avec succès",
              "fullTitle": "Authentification - Inscription et Connexion 1 - Créer un compte utilisateur avec succès",
              "timedOut": null,
              "duration": 4220,
              "state": "passed",
              "speed": "fast",
              "pass": true,
              "fail": false,
              "pending": false,
              "context": null,
              "code": "cy.contains(\"a\", \"Inscription\").click();\ncy.url().should(\"include\", \"/register\");\ncy.get(\"#lastname\").type(lastname);\ncy.get(\"#firstname\").type(firstname);\ncy.get(\"#email\").type(email);\ncy.get(\"#password\").type(password);\ncy.get(\"#confirm\").type(password);\ncy.intercept(\"POST\", \"**/register\").as(\"registerRequest\");\ncy.get('[data-cy=\"register-submit\"]').click();\nlogAlerte();\ncy.wait(\"@registerRequest\", {\n  timeout: 15000\n}).then(interception => {\n  cy.log(`📡 Status inscription : ${interception.response.statusCode}`);\n});\n// ✅ should() attend automatiquement — pas besoin de .then()\ncy.url({\n  timeout: 15000\n}).should(\"not.include\", \"/register\").then(url => {\n  cy.log(`✅ TEST 1 — Inscription réussie pour ${email} | URL : ${url}`);\n});\ncy.contains(\"a\", \"Déconnexion\", {\n  timeout: 10000\n}).should(\"be.visible\").click();\ncy.url().should(\"include\", \"/\");",
              "err": {},
              "uuid": "58a87059-a73d-4e04-a2b5-07fe1b30761b",
              "parentUUID": "ee56d6fc-de20-433e-9631-01cdf2e9172e",
              "isHook": false,
              "skipped": false
            },
            {
              "title": "2 - Affiche une erreur si l'adresse mail est déjà utilisée",
              "fullTitle": "Authentification - Inscription et Connexion 2 - Affiche une erreur si l'adresse mail est déjà utilisée",
              "timedOut": null,
              "duration": 1742,
              "state": "passed",
              "speed": "fast",
              "pass": true,
              "fail": false,
              "pending": false,
              "context": null,
              "code": "cy.contains(\"a\", \"Inscription\").click();\ncy.url().should(\"include\", \"/register\");\ncy.get(\"#lastname\").type(\"ramo\");\ncy.get(\"#firstname\").type(\"victor\");\ncy.get(\"#email\").type(\"ramoshippuden@gmail.com\");\ncy.get(\"#password\").type(\"testtest\");\ncy.get(\"#confirm\").type(\"testtest\");\ncy.get('[data-cy=\"register-submit\"]').click();\nlogAlerte();\ncy.get(\"p.error\", {\n  timeout: 8000\n}).then($el => {\n  if (!$el.is(\":visible\")) {\n    signalerAnomalie(\"ANO-AUTH-02\", \"DEFECT HIGH — Aucun message d'erreur affiché pour email déjà utilisé\", \"Attendu : p.error visible | Observé : élément absent ou masqué\");\n  }\n  if (!$el.text().includes(\"Cette adresse mail est déjà utilisée\")) {\n    signalerAnomalie(\"ANO-AUTH-02\", \"DEFECT MEDIUM — Message d'erreur incorrect pour email déjà utilisé\", `Attendu : \"Cette adresse mail est déjà utilisée\" | Observé : \"${$el.text()}\"`);\n  }\n  cy.log(`✅ TEST 2 — Erreur correctement affichée : ${$el.text()}`);\n});",
              "err": {},
              "uuid": "f7714f87-7d58-43c6-8477-6d57bb49eea4",
              "parentUUID": "ee56d6fc-de20-433e-9631-01cdf2e9172e",
              "isHook": false,
              "skipped": false
            },
            {
              "title": "3 - Connexion avec un compte existant",
              "fullTitle": "Authentification - Inscription et Connexion 3 - Connexion avec un compte existant",
              "timedOut": null,
              "duration": 17401,
              "state": "failed",
              "speed": null,
              "pass": false,
              "fail": true,
              "pending": false,
              "context": null,
              "code": "cy.contains(\"a\", \"Accueil\").click();\ncy.contains(\"a\", \"Connexion\").click();\ncy.url().should(\"include\", \"/login\");\ncy.intercept(\"POST\", \"**/login_check\").as(\"loginRequest\");\ncy.get(\"#username\").type(\"ramoshippuden@gmail.com\");\ncy.get(\"#password\").type(\"testtest\");\ncy.contains(\"span\", \"Se connecter\").click();\nlogAlerte();\ncy.wait(\"@loginRequest\", {\n  timeout: 15000\n}).then(interception => {\n  cy.log(`📡 Status connexion : ${interception.response.statusCode}`);\n});\n// ✅ should() attend automatiquement — pas besoin de .then()\ncy.url({\n  timeout: 15000\n}).should(\"not.include\", \"/login\").then(url => {\n  cy.log(`✅ TEST 3 — Connexion réussie | URL : ${url}`);\n});\ncy.contains(\"a\", \"Déconnexion\", {\n  timeout: 10000\n}).should(\"be.visible\").then(() => {\n  cy.log(\"✅ TEST 3 — Lien Déconnexion visible\");\n});",
              "err": {
                "message": "CypressError: Timed out retrying after 15000ms: `cy.wait()` timed out waiting `15000ms` for the 1st request to the route: `loginRequest`. No request ever occurred.\n\nhttps://on.cypress.io/wait",
                "estack": "CypressError: Timed out retrying after 15000ms: `cy.wait()` timed out waiting `15000ms` for the 1st request to the route: `loginRequest`. No request ever occurred.\n\nhttps://on.cypress.io/wait\n    at cypressErr (http://localhost:4200/__cypress/runner/cypress_runner.js:78375:18)\n    at Object.errByPath (http://localhost:4200/__cypress/runner/cypress_runner.js:78443:10)\n    at checkForXhr (http://localhost:4200/__cypress/runner/cypress_runner.js:138930:84)\n    at <unknown> (http://localhost:4200/__cypress/runner/cypress_runner.js:138955:28)\n    at tryCatcher (http://localhost:4200/__cypress/runner/cypress_runner.js:1777:23)\n    at Promise.attempt.Promise.try (http://localhost:4200/__cypress/runner/cypress_runner.js:4285:29)\n    at whenStable (http://localhost:4200/__cypress/runner/cypress_runner.js:152022:68)\n    at <unknown> (http://localhost:4200/__cypress/runner/cypress_runner.js:151963:14)\n    at tryCatcher (http://localhost:4200/__cypress/runner/cypress_runner.js:1777:23)\n    at Promise._settlePromiseFromHandler (http://localhost:4200/__cypress/runner/cypress_runner.js:1489:31)\n    at Promise._settlePromise (http://localhost:4200/__cypress/runner/cypress_runner.js:1546:18)\n    at Promise._settlePromise0 (http://localhost:4200/__cypress/runner/cypress_runner.js:1591:10)\n    at Promise._settlePromises (http://localhost:4200/__cypress/runner/cypress_runner.js:1671:18)\n    at Promise._fulfill (http://localhost:4200/__cypress/runner/cypress_runner.js:1615:18)\n    at <unknown> (http://localhost:4200/__cypress/runner/cypress_runner.js:5420:46)",
                "diff": null
              },
              "uuid": "fa07713e-a06f-4dcc-99f2-00b5411736df",
              "parentUUID": "ee56d6fc-de20-433e-9631-01cdf2e9172e",
              "isHook": false,
              "skipped": false
            },
            {
              "title": "4 - Connexion échoue avec email au mauvais format",
              "fullTitle": "Authentification - Inscription et Connexion 4 - Connexion échoue avec email au mauvais format",
              "timedOut": null,
              "duration": 1210,
              "state": "passed",
              "speed": "fast",
              "pass": true,
              "fail": false,
              "pending": false,
              "context": null,
              "code": "cy.contains(\"a\", \"Connexion\").click();\ncy.get(\"#username\").type(\"emailinvalide\");\ncy.get(\"#password\").type(\"testtest\");\ncy.contains(\"span\", \"Se connecter\").click();\nlogAlerte();\ncy.get(\"p.error\", {\n  timeout: 8000\n}).then($el => {\n  if (!$el.is(\":visible\")) {\n    signalerAnomalie(\"ANO-AUTH-04\", \"DEFECT HIGH — Aucun message d'erreur affiché pour email au mauvais format\", \"Attendu : p.error visible | Observé : élément absent ou masqué\");\n  }\n  cy.log(`✅ TEST 4 — Erreur format email affichée : ${$el.text()}`);\n});",
              "err": {},
              "uuid": "74ea1fb2-5da4-4957-80ef-c02dab8e9433",
              "parentUUID": "ee56d6fc-de20-433e-9631-01cdf2e9172e",
              "isHook": false,
              "skipped": false
            },
            {
              "title": "5 - Connexion échoue avec email inexistant",
              "fullTitle": "Authentification - Inscription et Connexion 5 - Connexion échoue avec email inexistant",
              "timedOut": null,
              "duration": 1180,
              "state": "passed",
              "speed": "fast",
              "pass": true,
              "fail": false,
              "pending": false,
              "context": null,
              "code": "cy.contains(\"a\", \"Connexion\").click();\ncy.get(\"#username\").type(\"inexistant@example.com\");\ncy.get(\"#password\").type(\"testtest\");\ncy.contains(\"span\", \"Se connecter\").click();\nlogAlerte();\ncy.get(\"p.error\", {\n  timeout: 8000\n}).then($el => {\n  if (!$el.is(\":visible\")) {\n    signalerAnomalie(\"ANO-AUTH-05\", \"DEFECT HIGH — Aucun message d'erreur affiché pour email inexistant\", \"Attendu : p.error visible | Observé : élément absent ou masqué\");\n  }\n  cy.log(`✅ TEST 5 — Erreur email inexistant affichée : ${$el.text()}`);\n});",
              "err": {},
              "uuid": "7be5792c-f848-451f-896b-3e96b466549b",
              "parentUUID": "ee56d6fc-de20-433e-9631-01cdf2e9172e",
              "isHook": false,
              "skipped": false
            },
            {
              "title": "6 - Connexion échoue avec email vide",
              "fullTitle": "Authentification - Inscription et Connexion 6 - Connexion échoue avec email vide",
              "timedOut": null,
              "duration": 625,
              "state": "passed",
              "speed": "fast",
              "pass": true,
              "fail": false,
              "pending": false,
              "context": null,
              "code": "cy.contains(\"a\", \"Connexion\").click();\ncy.get(\"#password\").type(\"testtest\");\ncy.contains(\"span\", \"Se connecter\").click();\nlogAlerte();\ncy.get(\"p.error\", {\n  timeout: 8000\n}).then($el => {\n  if (!$el.is(\":visible\")) {\n    signalerAnomalie(\"ANO-AUTH-06\", \"DEFECT HIGH — Aucun message d'erreur affiché pour email vide\", \"Attendu : p.error visible | Observé : élément absent ou masqué\");\n  }\n  if (!$el.text().includes(\"Merci de remplir correctement tous les champs\")) {\n    signalerAnomalie(\"ANO-AUTH-06\", \"DEFECT MEDIUM — Message d'erreur incorrect pour email vide\", `Attendu : \"Merci de remplir correctement tous les champs\" | Observé : \"${$el.text()}\"`);\n  }\n  cy.log(`✅ TEST 6 — Erreur email vide affichée : ${$el.text()}`);\n});\ncy.get(\"label\").contains(\"Email\").then($label => {\n  if (!$label.hasClass(\"error\")) {\n    signalerAnomalie(\"ANO-AUTH-06\", \"DEFECT LOW — Label Email non mis en rouge (classe error absente)\", \"Attendu : label.error | Observé : classe error manquante\");\n  }\n  cy.log(\"✅ TEST 6 — Label Email en rouge (classe error présente)\");\n});",
              "err": {},
              "uuid": "03f76b9b-30fe-454c-b5c2-fe40fea1b422",
              "parentUUID": "ee56d6fc-de20-433e-9631-01cdf2e9172e",
              "isHook": false,
              "skipped": false
            },
            {
              "title": "7 - Connexion échoue avec mot de passe erroné",
              "fullTitle": "Authentification - Inscription et Connexion 7 - Connexion échoue avec mot de passe erroné",
              "timedOut": null,
              "duration": 1773,
              "state": "passed",
              "speed": "fast",
              "pass": true,
              "fail": false,
              "pending": false,
              "context": null,
              "code": "cy.contains(\"a\", \"Connexion\").click();\ncy.get(\"#username\").type(\"ramoshippuden@gmail.com\");\ncy.get(\"#password\").type(\"mauvaismdp\");\ncy.contains(\"span\", \"Se connecter\").click();\nlogAlerte();\ncy.get(\"p.error\", {\n  timeout: 8000\n}).then($el => {\n  if (!$el.is(\":visible\")) {\n    signalerAnomalie(\"ANO-AUTH-07\", \"DEFECT HIGH — Aucun message d'erreur affiché pour mot de passe erroné\", \"Attendu : p.error visible | Observé : élément absent ou masqué\");\n  }\n  cy.log(`✅ TEST 7 — Erreur mot de passe erroné affichée : ${$el.text()}`);\n});",
              "err": {},
              "uuid": "cce73eee-fd14-4c94-952d-22ec5c23205c",
              "parentUUID": "ee56d6fc-de20-433e-9631-01cdf2e9172e",
              "isHook": false,
              "skipped": false
            }
          ],
          "suites": [],
          "passes": [
            "58a87059-a73d-4e04-a2b5-07fe1b30761b",
            "f7714f87-7d58-43c6-8477-6d57bb49eea4",
            "74ea1fb2-5da4-4957-80ef-c02dab8e9433",
            "7be5792c-f848-451f-896b-3e96b466549b",
            "03f76b9b-30fe-454c-b5c2-fe40fea1b422",
            "cce73eee-fd14-4c94-952d-22ec5c23205c"
          ],
          "failures": [
            "fa07713e-a06f-4dcc-99f2-00b5411736df"
          ],
          "pending": [],
          "skipped": [],
          "duration": 28151,
          "root": false,
          "rootEmpty": false,
          "_timeout": 2000
        }
      ],
      "passes": [],
      "failures": [],
      "pending": [],
      "skipped": [],
      "duration": 0,
      "root": true,
      "rootEmpty": true,
      "_timeout": 2000
    }
  ],
  "meta": {
    "mocha": {
      "version": "7.2.0"
    },
    "mochawesome": {
      "options": {
        "quiet": false,
        "reportFilename": "mochawesome",
        "saveHtml": false,
        "saveJson": true,
        "consoleReporter": "spec",
        "useInlineDiffs": false,
        "code": true
      },
      "version": "7.1.4"
    },
    "marge": {
      "options": {
        "reportDir": "E2Ecypress/reports",
        "overwrite": false,
        "json": true,
        "html": false
      },
      "version": "6.3.2"
    }
  }
}