{
  "stats": {
    "suites": 1,
    "tests": 6,
    "passes": 5,
    "pending": 0,
    "failures": 1,
    "start": "2026-03-18T19:08:23.284Z",
    "end": "2026-03-18T19:08:31.203Z",
    "duration": 7919,
    "testsRegistered": 6,
    "passPercent": 83.33333333333334,
    "pendingPercent": 0,
    "other": 0,
    "hasOther": false,
    "skipped": 0,
    "hasSkipped": false
  },
  "results": [
    {
      "uuid": "a6fd9c77-8aca-4d6f-bc1c-e4d442d8e7a6",
      "title": "",
      "fullFile": "E2Ecypress\\e2e\\apiTests\\api-reviews.cy.js",
      "file": "E2Ecypress\\e2e\\apiTests\\api-reviews.cy.js",
      "beforeHooks": [],
      "afterHooks": [],
      "tests": [],
      "suites": [
        {
          "uuid": "ba30cd4a-1232-4fa6-9cac-00ac25c554be",
          "title": "API - Tests sur les avis (Reviews)",
          "fullFile": "",
          "file": "",
          "beforeHooks": [],
          "afterHooks": [],
          "tests": [
            {
              "title": "1 - GET /reviews - retourne la liste des avis",
              "fullTitle": "API - Tests sur les avis (Reviews) 1 - GET /reviews - retourne la liste des avis",
              "timedOut": null,
              "duration": 1459,
              "state": "passed",
              "speed": "fast",
              "pass": true,
              "fail": false,
              "pending": false,
              "context": null,
              "code": "cy.request({\n  method: \"GET\",\n  url: `${Cypress.env(\"apiUrl\")}/reviews`\n}).then(response => {\n  expect(response.status).to.eq(200);\n  expect(response.body).to.be.an(\"array\");\n  expect(response.body.length).to.be.greaterThan(0);\n});",
              "err": {},
              "uuid": "2874cd8c-3825-404c-8875-834d234838d0",
              "parentUUID": "ba30cd4a-1232-4fa6-9cac-00ac25c554be",
              "isHook": false,
              "skipped": false
            },
            {
              "title": "2 - POST /reviews - avis satisfait 5 étoiles accepté",
              "fullTitle": "API - Tests sur les avis (Reviews) 2 - POST /reviews - avis satisfait 5 étoiles accepté",
              "timedOut": null,
              "duration": 731,
              "state": "passed",
              "speed": "fast",
              "pass": true,
              "fail": false,
              "pending": false,
              "context": null,
              "code": "(0, _apiReviews.addReview)(authToken, \"savon doux\", \"Texture incroyable, parfum délicieux, et aucune réaction malgré ma peau sensible. J'en suis vraiment ravie.\", 5).then(response => {\n  expect(response.status).to.eq(200);\n  expect(response.body).to.have.property(\"title\", \"savon doux\");\n  expect(response.body).to.have.property(\"rating\", 5);\n});",
              "err": {},
              "uuid": "0fbd2ae6-2337-477d-8240-3ee060c85bd2",
              "parentUUID": "ba30cd4a-1232-4fa6-9cac-00ac25c554be",
              "isHook": false,
              "skipped": false
            },
            {
              "title": "3 - POST /reviews - avis médiocre 2 étoiles accepté",
              "fullTitle": "API - Tests sur les avis (Reviews) 3 - POST /reviews - avis médiocre 2 étoiles accepté",
              "timedOut": null,
              "duration": 782,
              "state": "passed",
              "speed": "fast",
              "pass": true,
              "fail": false,
              "pending": false,
              "context": null,
              "code": "(0, _apiReviews.addReview)(authToken, \"Déçu\", \"qualite prix au dessus du marche\", 2).then(response => {\n  expect(response.status).to.eq(200);\n  expect(response.body).to.have.property(\"rating\", 2);\n});",
              "err": {},
              "uuid": "068abf3b-e4d6-4555-919f-7ff6a219cb2b",
              "parentUUID": "ba30cd4a-1232-4fa6-9cac-00ac25c554be",
              "isHook": false,
              "skipped": false
            },
            {
              "title": "4 - POST /reviews - commentaire violent doit être refusé",
              "fullTitle": "API - Tests sur les avis (Reviews) 4 - POST /reviews - commentaire violent doit être refusé",
              "timedOut": null,
              "duration": 879,
              "state": "passed",
              "speed": "fast",
              "pass": true,
              "fail": false,
              "pending": false,
              "context": null,
              "code": "(0, _apiReviews.addReview)(authToken, \"arnaque\", \"Commande non livrée, service nul, je vous emmerde, arnaque totale !\", 0).then(response => {\n  expect(response.status).to.eq(400);\n  expect(response.body).to.have.property(\"error\");\n});",
              "err": {},
              "uuid": "26d448be-eaec-489a-bf37-87c816c1098c",
              "parentUUID": "ba30cd4a-1232-4fa6-9cac-00ac25c554be",
              "isHook": false,
              "skipped": false
            },
            {
              "title": "5 - POST /reviews - commentaire vide est refusé",
              "fullTitle": "API - Tests sur les avis (Reviews) 5 - POST /reviews - commentaire vide est refusé",
              "timedOut": null,
              "duration": 637,
              "state": "passed",
              "speed": "fast",
              "pass": true,
              "fail": false,
              "pending": false,
              "context": null,
              "code": "(0, _apiReviews.addReview)(authToken, \"chouette\", \"\", 2).then(response => {\n  expect(response.status).to.eq(400);\n  expect(response.body).to.have.property(\"error\");\n});",
              "err": {},
              "uuid": "3048baa6-1d95-4413-8bfa-d2b8958e676b",
              "parentUUID": "ba30cd4a-1232-4fa6-9cac-00ac25c554be",
              "isHook": false,
              "skipped": false
            },
            {
              "title": "6 - POST /reviews - faille XSS doit être bloquée",
              "fullTitle": "API - Tests sur les avis (Reviews) 6 - POST /reviews - faille XSS doit être bloquée",
              "timedOut": null,
              "duration": 952,
              "state": "failed",
              "speed": null,
              "pass": false,
              "fail": true,
              "pending": false,
              "context": null,
              "code": "const testXSS = `<script>alert(\"XSS\");</script>`;\n(0, _apiReviews.addReview)(authToken, \"test XSS\", testXSS, 5).then(response => {\n  expect(response.status).to.eq(400);\n  expect(response.body).to.have.property(\"error\");\n});",
              "err": {
                "message": "AssertionError: expected 200 to equal 400",
                "estack": "AssertionError: expected 200 to equal 400\n    at Context.eval (webpack:///./E2Ecypress/e2e/apiTests/api-reviews.cy.js:88:33)\n    at getRet (http://localhost:4200/__cypress/runner/cypress_runner.js:122806:20)\n    at tryCatcher (http://localhost:4200/__cypress/runner/cypress_runner.js:1777:23)\n    at Promise.attempt.Promise.try (http://localhost:4200/__cypress/runner/cypress_runner.js:4285:29)\n    at Context.thenFn (http://localhost:4200/__cypress/runner/cypress_runner.js:122817:66)\n    at Context.then (http://localhost:4200/__cypress/runner/cypress_runner.js:123068:21)",
                "diff": "- 200\n+ 400\n"
              },
              "uuid": "d1d3ea26-ab36-4983-8b62-2dc24991660e",
              "parentUUID": "ba30cd4a-1232-4fa6-9cac-00ac25c554be",
              "isHook": false,
              "skipped": false
            }
          ],
          "suites": [],
          "passes": [
            "2874cd8c-3825-404c-8875-834d234838d0",
            "0fbd2ae6-2337-477d-8240-3ee060c85bd2",
            "068abf3b-e4d6-4555-919f-7ff6a219cb2b",
            "26d448be-eaec-489a-bf37-87c816c1098c",
            "3048baa6-1d95-4413-8bfa-d2b8958e676b"
          ],
          "failures": [
            "d1d3ea26-ab36-4983-8b62-2dc24991660e"
          ],
          "pending": [],
          "skipped": [],
          "duration": 5440,
          "root": false,
          "rootEmpty": false,
          "_timeout": 2000
        }
      ],
      "passes": [],
      "failures": [],
      "pending": [],
      "skipped": [],
      "duration": 0,
      "root": true,
      "rootEmpty": true,
      "_timeout": 2000
    }
  ],
  "meta": {
    "mocha": {
      "version": "7.2.0"
    },
    "mochawesome": {
      "options": {
        "quiet": false,
        "reportFilename": "mochawesome",
        "saveHtml": false,
        "saveJson": true,
        "consoleReporter": "spec",
        "useInlineDiffs": false,
        "code": true
      },
      "version": "7.1.4"
    },
    "marge": {
      "options": {
        "reportDir": "E2Ecypress/reports",
        "overwrite": false,
        "json": true,
        "html": false
      },
      "version": "6.3.2"
    }
  }
}