{
  "stats": {
    "suites": 1,
    "tests": 6,
    "passes": 5,
    "pending": 0,
    "failures": 1,
    "start": "2026-03-18T19:37:50.280Z",
    "end": "2026-03-18T19:37:56.480Z",
    "duration": 6200,
    "testsRegistered": 6,
    "passPercent": 83.33333333333334,
    "pendingPercent": 0,
    "other": 0,
    "hasOther": false,
    "skipped": 0,
    "hasSkipped": false
  },
  "results": [
    {
      "uuid": "b6463da7-bd54-49d8-b42e-29da0c7e941a",
      "title": "",
      "fullFile": "E2Ecypress\\e2e\\apiTests\\api-reviews.cy.js",
      "file": "E2Ecypress\\e2e\\apiTests\\api-reviews.cy.js",
      "beforeHooks": [],
      "afterHooks": [],
      "tests": [],
      "suites": [
        {
          "uuid": "ebb924fb-c32e-42af-a059-d37e679c23b1",
          "title": "API - Tests sur les avis (Reviews)",
          "fullFile": "",
          "file": "",
          "beforeHooks": [],
          "afterHooks": [],
          "tests": [
            {
              "title": "1 - GET /reviews - retourne la liste des avis",
              "fullTitle": "API - Tests sur les avis (Reviews) 1 - GET /reviews - retourne la liste des avis",
              "timedOut": null,
              "duration": 893,
              "state": "passed",
              "speed": "fast",
              "pass": true,
              "fail": false,
              "pending": false,
              "context": null,
              "code": "cy.request({\n  method: \"GET\",\n  url: `${Cypress.env(\"apiUrl\")}/reviews`\n}).then(response => {\n  expect(response.status).to.eq(200);\n  expect(response.body).to.be.an(\"array\");\n  expect(response.body.length).to.be.greaterThan(0);\n});",
              "err": {},
              "uuid": "d4394184-7528-4b8d-9f2d-b9cc2cc0017b",
              "parentUUID": "ebb924fb-c32e-42af-a059-d37e679c23b1",
              "isHook": false,
              "skipped": false
            },
            {
              "title": "2 - POST /reviews - avis satisfait 5 étoiles accepté",
              "fullTitle": "API - Tests sur les avis (Reviews) 2 - POST /reviews - avis satisfait 5 étoiles accepté",
              "timedOut": null,
              "duration": 589,
              "state": "passed",
              "speed": "fast",
              "pass": true,
              "fail": false,
              "pending": false,
              "context": null,
              "code": "(0, _apiReviews.addReview)(authToken, \"savon doux\", \"Texture incroyable, parfum délicieux, et aucune réaction malgré ma peau sensible. J'en suis vraiment ravie.\", 5).then(response => {\n  expect(response.status).to.eq(200);\n  expect(response.body).to.have.property(\"title\", \"savon doux\");\n  expect(response.body).to.have.property(\"rating\", 5);\n});",
              "err": {},
              "uuid": "07a516f0-1b15-481c-be10-7bd053b85c96",
              "parentUUID": "ebb924fb-c32e-42af-a059-d37e679c23b1",
              "isHook": false,
              "skipped": false
            },
            {
              "title": "3 - POST /reviews - avis médiocre 2 étoiles accepté",
              "fullTitle": "API - Tests sur les avis (Reviews) 3 - POST /reviews - avis médiocre 2 étoiles accepté",
              "timedOut": null,
              "duration": 611,
              "state": "passed",
              "speed": "fast",
              "pass": true,
              "fail": false,
              "pending": false,
              "context": null,
              "code": "(0, _apiReviews.addReview)(authToken, \"Déçu\", \"qualite prix au dessus du marche\", 2).then(response => {\n  expect(response.status).to.eq(200);\n  expect(response.body).to.have.property(\"rating\", 2);\n});",
              "err": {},
              "uuid": "1e296188-495e-4f8b-9fb1-9ebd5ddf4384",
              "parentUUID": "ebb924fb-c32e-42af-a059-d37e679c23b1",
              "isHook": false,
              "skipped": false
            },
            {
              "title": "4 - POST /reviews - commentaire violent doit être refusé",
              "fullTitle": "API - Tests sur les avis (Reviews) 4 - POST /reviews - commentaire violent doit être refusé",
              "timedOut": null,
              "duration": 762,
              "state": "passed",
              "speed": "fast",
              "pass": true,
              "fail": false,
              "pending": false,
              "context": null,
              "code": "(0, _apiReviews.addReview)(authToken, \"arnaque\", \"Commande non livrée, service nul, je vous emmerde, arnaque totale !\", 0).then(response => {\n  expect(response.status).to.eq(400);\n  expect(response.body).to.have.property(\"error\");\n});",
              "err": {},
              "uuid": "3d3b4d5d-9f1e-441a-9436-fceb2f56cb49",
              "parentUUID": "ebb924fb-c32e-42af-a059-d37e679c23b1",
              "isHook": false,
              "skipped": false
            },
            {
              "title": "5 - POST /reviews - commentaire vide est refusé",
              "fullTitle": "API - Tests sur les avis (Reviews) 5 - POST /reviews - commentaire vide est refusé",
              "timedOut": null,
              "duration": 584,
              "state": "passed",
              "speed": "fast",
              "pass": true,
              "fail": false,
              "pending": false,
              "context": null,
              "code": "(0, _apiReviews.addReview)(authToken, \"chouette\", \"\", 2).then(response => {\n  expect(response.status).to.eq(400);\n  expect(response.body).to.have.property(\"error\");\n});",
              "err": {},
              "uuid": "d2640908-7731-464a-979e-21ace1ce6b8a",
              "parentUUID": "ebb924fb-c32e-42af-a059-d37e679c23b1",
              "isHook": false,
              "skipped": false
            },
            {
              "title": "6 - POST /reviews - faille XSS doit être bloquée",
              "fullTitle": "API - Tests sur les avis (Reviews) 6 - POST /reviews - faille XSS doit être bloquée",
              "timedOut": null,
              "duration": 778,
              "state": "failed",
              "speed": null,
              "pass": false,
              "fail": true,
              "pending": false,
              "context": null,
              "code": "const testXSS = `<script>alert(\"XSS\");</script>`;\n(0, _apiReviews.addReview)(authToken, \"test XSS\", testXSS, 5).then(response => {\n  expect(response.status).to.eq(400);\n  expect(response.body).to.have.property(\"error\");\n});",
              "err": {
                "message": "AssertionError: expected 200 to equal 400",
                "estack": "AssertionError: expected 200 to equal 400\n    at Context.eval (webpack:///./E2Ecypress/e2e/apiTests/api-reviews.cy.js:88:33)\n    at getRet (http://localhost:4200/__cypress/runner/cypress_runner.js:122806:20)\n    at tryCatcher (http://localhost:4200/__cypress/runner/cypress_runner.js:1777:23)\n    at Promise.attempt.Promise.try (http://localhost:4200/__cypress/runner/cypress_runner.js:4285:29)\n    at Context.thenFn (http://localhost:4200/__cypress/runner/cypress_runner.js:122817:66)\n    at Context.then (http://localhost:4200/__cypress/runner/cypress_runner.js:123068:21)",
                "diff": "- 200\n+ 400\n"
              },
              "uuid": "d67d5292-f81c-43a1-998d-4f3048d0f6be",
              "parentUUID": "ebb924fb-c32e-42af-a059-d37e679c23b1",
              "isHook": false,
              "skipped": false
            }
          ],
          "suites": [],
          "passes": [
            "d4394184-7528-4b8d-9f2d-b9cc2cc0017b",
            "07a516f0-1b15-481c-be10-7bd053b85c96",
            "1e296188-495e-4f8b-9fb1-9ebd5ddf4384",
            "3d3b4d5d-9f1e-441a-9436-fceb2f56cb49",
            "d2640908-7731-464a-979e-21ace1ce6b8a"
          ],
          "failures": [
            "d67d5292-f81c-43a1-998d-4f3048d0f6be"
          ],
          "pending": [],
          "skipped": [],
          "duration": 4217,
          "root": false,
          "rootEmpty": false,
          "_timeout": 2000
        }
      ],
      "passes": [],
      "failures": [],
      "pending": [],
      "skipped": [],
      "duration": 0,
      "root": true,
      "rootEmpty": true,
      "_timeout": 2000
    }
  ],
  "meta": {
    "mocha": {
      "version": "7.2.0"
    },
    "mochawesome": {
      "options": {
        "quiet": false,
        "reportFilename": "mochawesome",
        "saveHtml": false,
        "saveJson": true,
        "consoleReporter": "spec",
        "useInlineDiffs": false,
        "code": true
      },
      "version": "7.1.4"
    },
    "marge": {
      "options": {
        "reportDir": "E2Ecypress/reports",
        "overwrite": false,
        "json": true,
        "html": false
      },
      "version": "6.3.2"
    }
  }
}