{
  "stats": {
    "suites": 1,
    "tests": 6,
    "passes": 6,
    "pending": 0,
    "failures": 0,
    "start": "2026-03-25T02:47:34.500Z",
    "end": "2026-03-25T02:47:36.457Z",
    "duration": 1957,
    "testsRegistered": 6,
    "passPercent": 100,
    "pendingPercent": 0,
    "other": 0,
    "hasOther": false,
    "skipped": 0,
    "hasSkipped": false
  },
  "results": [
    {
      "uuid": "a495d8c7-1b3d-46b6-8462-4bba4be548bb",
      "title": "",
      "fullFile": "E2Ecypress\\e2e\\apiTests\\api-full-test.cy.js",
      "file": "E2Ecypress\\e2e\\apiTests\\api-full-test.cy.js",
      "beforeHooks": [],
      "afterHooks": [],
      "tests": [],
      "suites": [
        {
          "uuid": "56064f26-4d06-4f49-8963-73449ca1af17",
          "title": "API Eco Bliss Bath — 6 routes",
          "fullFile": "",
          "file": "",
          "beforeHooks": [],
          "afterHooks": [],
          "tests": [
            {
              "title": "1 - POST /login — authentification réussie",
              "fullTitle": "API Eco Bliss Bath — 6 routes 1 - POST /login — authentification réussie",
              "timedOut": null,
              "duration": 1142,
              "state": "passed",
              "speed": "fast",
              "pass": true,
              "fail": false,
              "pending": false,
              "context": null,
              "code": "cy.request(\"POST\", `${api}/login`, {\n  username: Cypress.env(\"username\"),\n  password: Cypress.env(\"password\")\n}).then(res => {\n  expect(res.status).to.eq(200);\n  expect(res.body).to.have.property(\"token\");\n});",
              "err": {},
              "uuid": "b00e1757-6629-4f93-89b8-fa20e8527f32",
              "parentUUID": "56064f26-4d06-4f49-8963-73449ca1af17",
              "isHook": false,
              "skipped": false
            },
            {
              "title": "2 - GET /products — retourne une liste de produits",
              "fullTitle": "API Eco Bliss Bath — 6 routes 2 - GET /products — retourne une liste de produits",
              "timedOut": null,
              "duration": 112,
              "state": "passed",
              "speed": "fast",
              "pass": true,
              "fail": false,
              "pending": false,
              "context": null,
              "code": "cy.request(\"GET\", `${api}/products`).then(res => {\n  expect(res.status).to.eq(200);\n  expect(res.body).to.be.an(\"array\").and.not.be.empty;\n  // ✅ include.keys au lieu de have.keys\n  expect(res.body[0]).to.include.keys([\"id\", \"name\", \"price\"]);\n});",
              "err": {},
              "uuid": "e5f067db-b767-4cd4-9359-2359292c48b5",
              "parentUUID": "56064f26-4d06-4f49-8963-73449ca1af17",
              "isHook": false,
              "skipped": false
            },
            {
              "title": "3 - GET /products/:id — retourne le détail d'un produit",
              "fullTitle": "API Eco Bliss Bath — 6 routes 3 - GET /products/:id — retourne le détail d'un produit",
              "timedOut": null,
              "duration": 103,
              "state": "passed",
              "speed": "fast",
              "pass": true,
              "fail": false,
              "pending": false,
              "context": null,
              "code": "// ✅ ID dynamique récupéré dans before()\ncy.request(\"GET\", `${api}/products/${productId}`).then(res => {\n  expect(res.status).to.eq(200);\n  expect(res.body).to.have.property(\"id\", productId);\n  expect(res.body).to.have.property(\"name\");\n  expect(res.body).to.have.property(\"price\");\n});",
              "err": {},
              "uuid": "876d2a74-fb13-455b-8493-a2c99307086b",
              "parentUUID": "56064f26-4d06-4f49-8963-73449ca1af17",
              "isHook": false,
              "skipped": false
            },
            {
              "title": "4 - GET /reviews — retourne la liste des avis",
              "fullTitle": "API Eco Bliss Bath — 6 routes 4 - GET /reviews — retourne la liste des avis",
              "timedOut": null,
              "duration": 221,
              "state": "passed",
              "speed": "fast",
              "pass": true,
              "fail": false,
              "pending": false,
              "context": null,
              "code": "cy.request(\"GET\", `${api}/reviews`).then(res => {\n  expect(res.status).to.eq(200);\n  expect(res.body).to.be.an(\"array\");\n});",
              "err": {},
              "uuid": "b2dd330e-d19a-49f6-98c9-ea1b8b4e52a2",
              "parentUUID": "56064f26-4d06-4f49-8963-73449ca1af17",
              "isHook": false,
              "skipped": false
            },
            {
              "title": "5 - POST /reviews — création d'un avis avec token",
              "fullTitle": "API Eco Bliss Bath — 6 routes 5 - POST /reviews — création d'un avis avec token",
              "timedOut": null,
              "duration": 177,
              "state": "passed",
              "speed": "fast",
              "pass": true,
              "fail": false,
              "pending": false,
              "context": null,
              "code": "cy.request({\n  method: \"POST\",\n  url: `${api}/reviews`,\n  headers: {\n    Authorization: `Bearer ${token}`\n  },\n  body: {\n    title: \"Super produit\",\n    comment: \"Très bonne qualité, je recommande.\",\n    rating: 5\n  }\n}).then(res => {\n  expect(res.status).to.eq(200);\n  expect(res.body).to.have.property(\"id\");\n});",
              "err": {},
              "uuid": "6e56bd81-123f-4192-87ff-cae0f3b6c021",
              "parentUUID": "56064f26-4d06-4f49-8963-73449ca1af17",
              "isHook": false,
              "skipped": false
            },
            {
              "title": "6 - GET /orders — récupère le panier de l'utilisateur",
              "fullTitle": "API Eco Bliss Bath — 6 routes 6 - GET /orders — récupère le panier de l'utilisateur",
              "timedOut": null,
              "duration": 118,
              "state": "passed",
              "speed": "fast",
              "pass": true,
              "fail": false,
              "pending": false,
              "context": null,
              "code": "cy.request({\n  method: \"GET\",\n  url: `${api}/orders`,\n  headers: {\n    Authorization: `Bearer ${token}`\n  },\n  failOnStatusCode: false\n}).then(res => {\n  expect(res.status).to.be.oneOf([200, 404]);\n});",
              "err": {},
              "uuid": "56eed158-bbdb-4344-9a4e-078bb3b15dd3",
              "parentUUID": "56064f26-4d06-4f49-8963-73449ca1af17",
              "isHook": false,
              "skipped": false
            }
          ],
          "suites": [],
          "passes": [
            "b00e1757-6629-4f93-89b8-fa20e8527f32",
            "e5f067db-b767-4cd4-9359-2359292c48b5",
            "876d2a74-fb13-455b-8493-a2c99307086b",
            "b2dd330e-d19a-49f6-98c9-ea1b8b4e52a2",
            "6e56bd81-123f-4192-87ff-cae0f3b6c021",
            "56eed158-bbdb-4344-9a4e-078bb3b15dd3"
          ],
          "failures": [],
          "pending": [],
          "skipped": [],
          "duration": 1873,
          "root": false,
          "rootEmpty": false,
          "_timeout": 2000
        }
      ],
      "passes": [],
      "failures": [],
      "pending": [],
      "skipped": [],
      "duration": 0,
      "root": true,
      "rootEmpty": true,
      "_timeout": 2000
    }
  ],
  "meta": {
    "mocha": {
      "version": "7.2.0"
    },
    "mochawesome": {
      "options": {
        "quiet": false,
        "reportFilename": "mochawesome",
        "saveHtml": false,
        "saveJson": true,
        "consoleReporter": "spec",
        "useInlineDiffs": false,
        "code": true
      },
      "version": "7.1.4"
    },
    "marge": {
      "options": {
        "reportDir": "E2Ecypress/reports",
        "overwrite": false,
        "json": true,
        "html": false
      },
      "version": "6.3.2"
    }
  }
}