{
  "stats": {
    "suites": 1,
    "tests": 3,
    "passes": 3,
    "pending": 0,
    "failures": 0,
    "start": "2026-03-18T19:40:38.210Z",
    "end": "2026-03-18T19:40:46.251Z",
    "duration": 8041,
    "testsRegistered": 3,
    "passPercent": 100,
    "pendingPercent": 0,
    "other": 0,
    "hasOther": false,
    "skipped": 0,
    "hasSkipped": false
  },
  "results": [
    {
      "uuid": "d55fd3cf-dc77-40a8-bb2e-985931996a55",
      "title": "",
      "fullFile": "E2Ecypress\\e2e\\uiTests\\ui-xss-auth.cy.js",
      "file": "E2Ecypress\\e2e\\uiTests\\ui-xss-auth.cy.js",
      "beforeHooks": [],
      "afterHooks": [],
      "tests": [],
      "suites": [
        {
          "uuid": "90665793-c171-4b71-a98f-b7ad6d586a32",
          "title": "🛡️ XSS UI+API — Formulaire login",
          "fullFile": "",
          "file": "",
          "beforeHooks": [],
          "afterHooks": [],
          "tests": [
            {
              "title": "XSS-01 - Script basique",
              "fullTitle": "🛡️ XSS UI+API — Formulaire login XSS-01 - Script basique",
              "timedOut": null,
              "duration": 3036,
              "state": "passed",
              "speed": "fast",
              "pass": true,
              "fail": false,
              "pending": false,
              "context": null,
              "code": "cy.on(\"window:alert\", txt => {\n  throw new Error(`🚨 XSS exécuté côté front : ${txt}`);\n});\ncy.get('[data-cy=\"login-input-username\"]').clear().type(payload, {\n  parseSpecialCharSequences: false\n});\ncy.get('[data-cy=\"login-input-password\"]').clear().type(payload, {\n  parseSpecialCharSequences: false\n});\ncy.get('[data-cy=\"login-submit\"]').click();\n// ── Vérification FRONT ────────────────────────────────────────\ncy.get(\"body\").should(\"not.contain\", \"<​script>\");\ncy.get(\"body\").should(\"not.contain\", \"onerror=\");\ncy.get(\"body\").should(\"not.contain\", \"javascript:\");\n// ── Vérification BACK ─────────────────────────────────────────\ncy.request({\n  method: \"POST\",\n  url: `${Cypress.env(\"apiUrl\")}/login`,\n  headers: {\n    \"Content-Type\": \"application/json\"\n  },\n  body: {\n    username: payload,\n    password: payload\n  },\n  failOnStatusCode: false\n}).then(res => {\n  expect(res.status, \"Backend doit rejeter le payload XSS\").to.eq(401);\n  const body = JSON.stringify(res.body);\n  expect(body).to.not.include(\"<​script>\");\n  expect(body).to.not.include(\"onerror=\");\n  expect(body).to.not.include(\"javascript:\");\n  cy.log(`✅ ${id} bloqué — Front ✔ | Back HTTP ${res.status} ✔`);\n});\ncy.screenshot(`${id}-bloque`, {\n  capture: \"runner\"\n});",
              "err": {},
              "uuid": "a175c441-c16c-44d9-ab68-d5336546345f",
              "parentUUID": "90665793-c171-4b71-a98f-b7ad6d586a32",
              "isHook": false,
              "skipped": false
            },
            {
              "title": "XSS-02 - Image onerror",
              "fullTitle": "🛡️ XSS UI+API — Formulaire login XSS-02 - Image onerror",
              "timedOut": null,
              "duration": 2295,
              "state": "passed",
              "speed": "fast",
              "pass": true,
              "fail": false,
              "pending": false,
              "context": null,
              "code": "cy.on(\"window:alert\", txt => {\n  throw new Error(`🚨 XSS exécuté côté front : ${txt}`);\n});\ncy.get('[data-cy=\"login-input-username\"]').clear().type(payload, {\n  parseSpecialCharSequences: false\n});\ncy.get('[data-cy=\"login-input-password\"]').clear().type(payload, {\n  parseSpecialCharSequences: false\n});\ncy.get('[data-cy=\"login-submit\"]').click();\n// ── Vérification FRONT ────────────────────────────────────────\ncy.get(\"body\").should(\"not.contain\", \"<​script>\");\ncy.get(\"body\").should(\"not.contain\", \"onerror=\");\ncy.get(\"body\").should(\"not.contain\", \"javascript:\");\n// ── Vérification BACK ─────────────────────────────────────────\ncy.request({\n  method: \"POST\",\n  url: `${Cypress.env(\"apiUrl\")}/login`,\n  headers: {\n    \"Content-Type\": \"application/json\"\n  },\n  body: {\n    username: payload,\n    password: payload\n  },\n  failOnStatusCode: false\n}).then(res => {\n  expect(res.status, \"Backend doit rejeter le payload XSS\").to.eq(401);\n  const body = JSON.stringify(res.body);\n  expect(body).to.not.include(\"<​script>\");\n  expect(body).to.not.include(\"onerror=\");\n  expect(body).to.not.include(\"javascript:\");\n  cy.log(`✅ ${id} bloqué — Front ✔ | Back HTTP ${res.status} ✔`);\n});\ncy.screenshot(`${id}-bloque`, {\n  capture: \"runner\"\n});",
              "err": {},
              "uuid": "7050f6dc-a8c0-49f2-8bef-8f848f84a229",
              "parentUUID": "90665793-c171-4b71-a98f-b7ad6d586a32",
              "isHook": false,
              "skipped": false
            },
            {
              "title": "XSS-03 - Javascript URI",
              "fullTitle": "🛡️ XSS UI+API — Formulaire login XSS-03 - Javascript URI",
              "timedOut": null,
              "duration": 2394,
              "state": "passed",
              "speed": "fast",
              "pass": true,
              "fail": false,
              "pending": false,
              "context": null,
              "code": "cy.on(\"window:alert\", txt => {\n  throw new Error(`🚨 XSS exécuté côté front : ${txt}`);\n});\ncy.get('[data-cy=\"login-input-username\"]').clear().type(payload, {\n  parseSpecialCharSequences: false\n});\ncy.get('[data-cy=\"login-input-password\"]').clear().type(payload, {\n  parseSpecialCharSequences: false\n});\ncy.get('[data-cy=\"login-submit\"]').click();\n// ── Vérification FRONT ────────────────────────────────────────\ncy.get(\"body\").should(\"not.contain\", \"<​script>\");\ncy.get(\"body\").should(\"not.contain\", \"onerror=\");\ncy.get(\"body\").should(\"not.contain\", \"javascript:\");\n// ── Vérification BACK ─────────────────────────────────────────\ncy.request({\n  method: \"POST\",\n  url: `${Cypress.env(\"apiUrl\")}/login`,\n  headers: {\n    \"Content-Type\": \"application/json\"\n  },\n  body: {\n    username: payload,\n    password: payload\n  },\n  failOnStatusCode: false\n}).then(res => {\n  expect(res.status, \"Backend doit rejeter le payload XSS\").to.eq(401);\n  const body = JSON.stringify(res.body);\n  expect(body).to.not.include(\"<​script>\");\n  expect(body).to.not.include(\"onerror=\");\n  expect(body).to.not.include(\"javascript:\");\n  cy.log(`✅ ${id} bloqué — Front ✔ | Back HTTP ${res.status} ✔`);\n});\ncy.screenshot(`${id}-bloque`, {\n  capture: \"runner\"\n});",
              "err": {},
              "uuid": "cc8bc0b1-73bd-4166-b915-a85235c55859",
              "parentUUID": "90665793-c171-4b71-a98f-b7ad6d586a32",
              "isHook": false,
              "skipped": false
            }
          ],
          "suites": [],
          "passes": [
            "a175c441-c16c-44d9-ab68-d5336546345f",
            "7050f6dc-a8c0-49f2-8bef-8f848f84a229",
            "cc8bc0b1-73bd-4166-b915-a85235c55859"
          ],
          "failures": [],
          "pending": [],
          "skipped": [],
          "duration": 7725,
          "root": false,
          "rootEmpty": false,
          "_timeout": 2000
        }
      ],
      "passes": [],
      "failures": [],
      "pending": [],
      "skipped": [],
      "duration": 0,
      "root": true,
      "rootEmpty": true,
      "_timeout": 2000
    }
  ],
  "meta": {
    "mocha": {
      "version": "7.2.0"
    },
    "mochawesome": {
      "options": {
        "quiet": false,
        "reportFilename": "mochawesome",
        "saveHtml": false,
        "saveJson": true,
        "consoleReporter": "spec",
        "useInlineDiffs": false,
        "code": true
      },
      "version": "7.1.4"
    },
    "marge": {
      "options": {
        "reportDir": "E2Ecypress/reports",
        "overwrite": false,
        "json": true,
        "html": false
      },
      "version": "6.3.2"
    }
  }
}