{
  "stats": {
    "suites": 1,
    "tests": 8,
    "passes": 4,
    "pending": 0,
    "failures": 4,
    "start": "2026-03-17T22:10:01.024Z",
    "end": "2026-03-17T22:11:18.433Z",
    "duration": 77409,
    "testsRegistered": 8,
    "passPercent": 50,
    "pendingPercent": 0,
    "other": 0,
    "hasOther": false,
    "skipped": 0,
    "hasSkipped": false
  },
  "results": [
    {
      "uuid": "e74598d8-04e4-412b-b4f3-12941b995350",
      "title": "",
      "fullFile": "E2Ecypress\\e2e\\uiTests\\cart.cy.js",
      "file": "E2Ecypress\\e2e\\uiTests\\cart.cy.js",
      "beforeHooks": [],
      "afterHooks": [],
      "tests": [],
      "suites": [
        {
          "uuid": "ccabb9e0-ff11-45e3-ba06-99d9f8068138",
          "title": "Panier - Tests UI",
          "fullFile": "",
          "file": "",
          "beforeHooks": [],
          "afterHooks": [],
          "tests": [
            {
              "title": "1 - Ajouter un produit au panier avec quantité 3 (stock:50)",
              "fullTitle": "Panier - Tests UI 1 - Ajouter un produit au panier avec quantité 3 (stock:50)",
              "timedOut": null,
              "duration": 6896,
              "state": "passed",
              "speed": "medium",
              "pass": true,
              "fail": false,
              "pending": false,
              "context": null,
              "code": "// On surveille la requête POST /login pour vérifier qu'elle répond 200\ncy.intercept(\"POST\", \"**/login\").as(\"loginTest1\");\n// On visite la page de connexion et on remplit le formulaire\ncy.visit(\"/#/login\");\ncy.get(\"#username\").type(\"ramoshippuden@gmail.com\");\ncy.get(\"#password\").type(\"testtest\");\ncy.contains(\"span\", \"Se connecter\").click();\n// On attend la réponse du serveur et on vérifie le code HTTP\ncy.wait(\"@loginTest1\", {\n  timeout: 5000\n}).then(interception => {\n  cy.log(`📡 Status login : ${interception.response.statusCode}`);\n  expect(interception.response.statusCode).to.eq(200);\n});\n// On vérifie que l'URL ne contient plus \"/login\" → connexion réussie\ncy.url({\n  timeout: 6000\n}).should(\"not.include\", \"/login\");\ncy.log(\"✅ Connecté avec ramoshippuden@gmail.com\");\n// On surveille la requête GET /products pour valider le chargement\ncy.intercept(\"GET\", \"**/products\").as(\"getProducts\");\n// On clique sur le lien \"Produits\" dans la barre de navigation\ncy.get(\"a[data-cy='nav-link-products']\").click();\ncy.wait(\"@getProducts\", {\n  timeout: 5000\n}).then(interception => {\n  cy.log(`📡 Status produits : ${interception.response.statusCode}`);\n  expect(interception.response.statusCode).to.eq(200);\n});\n// On clique sur le 1er produit de la liste\ncy.get(\"article.mini-product\", {\n  timeout: 6000\n}).should(\"have.length.above\", 0).first().find(\"button[data-cy='product-link']\").click();\n// On vérifie que la page détail du produit est bien chargée\ncy.get(\"#product-content\", {\n  timeout: 6000\n}).should(\"be.visible\");\ncy.get(\".stock\").should(\"be.visible\");\n// On efface la valeur par défaut du champ quantité et on saisit 3\ncy.get(\"input[type='number']\").clear().type(\"3\").should(\"have.value\", \"3\");\n// On surveille la requête PUT /orders/add — times:1 = capturée 1 seule fois\ncy.intercept({\n  method: \"PUT\",\n  url: \"**/orders/add\",\n  times: 1\n}).as(\"addToCart\");\n// On clique sur \"Ajouter au panier\"\ncy.get(\"button[data-cy='detail-product-add']\").click();\ncy.wait(\"@addToCart\", {\n  timeout: 5000\n}).then(interception => {\n  cy.log(`📡 Status ajout panier : ${interception.response.statusCode}`);\n  expect(interception.response.statusCode).to.eq(200);\n});\n// On vérifie que l'app a redirigé vers le panier et qu'une ligne est présente\ncy.get(\"app-cart\", {\n  timeout: 6000\n}).should(\"be.visible\");\ncy.url({\n  timeout: 6000\n}).should(\"include\", \"/cart\");\ncy.get(\"[data-cy='cart-line']\", {\n  timeout: 6000\n}).should(\"have.length.above\", 0);\ncy.log(\"✅ TEST 1 — Produit ajouté avec quantité 3, panier chargé\");",
              "err": {},
              "uuid": "84d4cbf2-8092-441c-92f6-115ca5ca5d0b",
              "parentUUID": "ccabb9e0-ff11-45e3-ba06-99d9f8068138",
              "isHook": false,
              "skipped": false
            },
            {
              "title": "2 - Ajouter 2 produits différents puis vider le panier",
              "fullTitle": "Panier - Tests UI 2 - Ajouter 2 produits différents puis vider le panier",
              "timedOut": null,
              "duration": 4710,
              "state": "passed",
              "speed": "fast",
              "pass": true,
              "fail": false,
              "pending": false,
              "context": null,
              "code": "// ── PRÉ-CONDITION : Nettoyage du panier via API ───────────────────────────\ncy.request(\"POST\", `${Cypress.env(\"apiUrl\")}/login`, {\n  username: \"ramoshippuden@gmail.com\",\n  password: \"testtest\"\n}).then(loginResp => {\n  expect(loginResp.status).to.eq(200);\n  // Le token JWT est nécessaire pour les appels API authentifiés\n  const token = loginResp.body.token;\n  // On récupère la liste des commandes de l'utilisateur\n  cy.request({\n    method: \"GET\",\n    url: `${Cypress.env(\"apiUrl\")}/orders`,\n    headers: {\n      Authorization: `Bearer ${token}`\n    },\n    failOnStatusCode: false // ne pas faire échouer le test si 404\n  }).then(ordersResp => {\n    if (ordersResp.status === 200) {\n      var _currentOrder$orderLi;\n      // L'API peut retourner un objet ou un tableau → on normalise en tableau\n      const orders = Array.isArray(ordersResp.body) ? ordersResp.body : [ordersResp.body];\n      // On cherche la commande en cours (statut \"cart\" ou lignes non vides)\n      const currentOrder = orders.find(o => {\n        var _o$orderLines;\n        return o.status === \"cart\" || ((_o$orderLines = o.orderLines) === null || _o$orderLines === void 0 ? void 0 : _o$orderLines.length) > 0;\n      });\n      if ((currentOrder === null || currentOrder === void 0 || (_currentOrder$orderLi = currentOrder.orderLines) === null || _currentOrder$orderLi === void 0 ? void 0 : _currentOrder$orderLi.length) > 0) {\n        // On supprime chaque ligne une par une via DELETE /orders/{id}/delete\n        currentOrder.orderLines.forEach(line => {\n          cy.request({\n            method: \"DELETE\",\n            url: `${Cypress.env(\"apiUrl\")}/orders/${line.id}/delete`,\n            headers: {\n              Authorization: `Bearer ${token}`\n            },\n            failOnStatusCode: false\n          }).then(del => cy.log(`🧹 Ligne ${line.id} supprimée — ${del.status}`));\n        });\n      } else {\n        cy.log(\"🧹 Panier déjà vide — aucune action nécessaire\");\n      }\n    }\n  });\n});\n// ── Reprise de session — accès direct à la liste produits ────────────────\ncy.intercept(\"GET\", \"**/products\").as(\"getProducts1\");\ncy.intercept({\n  method: \"PUT\",\n  url: \"**/orders/add\",\n  times: 1\n}).as(\"addCart1\");\ncy.visit(\"/#/products\");\ncy.wait(\"@getProducts1\", {\n  timeout: 5000\n}).then(interception => {\n  cy.log(`📡 Status produits : ${interception.response.statusCode}`);\n  expect(interception.response.statusCode).to.eq(200);\n});\n// ── ÉTAPE 1 : Ajouter \"Sentiments printaniers\" (id:3, stock:50) ──────────\ncy.get(\"article.mini-product\", {\n  timeout: 6000\n}).should(\"have.length.above\", 0).first().find(\"button[data-cy='product-link']\").click();\ncy.get(\"#product-content\", {\n  timeout: 6000\n}).should(\"be.visible\");\ncy.get(\".stock\").should(\"be.visible\");\n// On force qty:1 pour éviter toute valeur résiduelle négative héritée du TEST 1\ncy.get(\"input[type='number']\").should(\"be.visible\").clear().type(\"1\").should(\"have.value\", \"1\");\ncy.get(\"button[data-cy='detail-product-add']\").click();\ncy.wait(\"@addCart1\", {\n  timeout: 5000\n}).then(interception => {\n  cy.log(`📡 Status ajout produit 1 : ${interception.response.statusCode}`);\n  expect(interception.response.statusCode).to.eq(200);\n});\ncy.log('✅ ÉTAPE 1 — \"Sentiments printaniers\" (id:3, stock:50) ajouté');\n// ── ÉTAPE 2 : Ajouter \"Chuchotements d'été\" (id:4, stock:25) ─────────────\ncy.intercept(\"GET\", \"**/products\").as(\"getProducts2\");\ncy.intercept({\n  method: \"PUT\",\n  url: \"**/orders/add\",\n  times: 1\n}).as(\"addCart2\");\n// On retourne sur la liste via la navbar\ncy.get(\"a[data-cy='nav-link-products']\").click();\ncy.wait(\"@getProducts2\", {\n  timeout: 5000\n}).then(interception => {\n  cy.log(`📡 Status produits : ${interception.response.statusCode}`);\n  expect(interception.response.statusCode).to.eq(200);\n});\n// .eq(1) = 2ème produit affiché (index 0-based) → \"Chuchotements d'été\"\ncy.get(\"article.mini-product\", {\n  timeout: 6000\n}).should(\"have.length.above\", 0).eq(1).find(\"button[data-cy='product-link']\").click();\ncy.get(\"#product-content\", {\n  timeout: 6000\n}).should(\"be.visible\");\ncy.get(\".stock\").should(\"be.visible\");\n// Même précaution : forcer qty:1 avant d'ajouter\ncy.get(\"input[type='number']\").should(\"be.visible\").clear().type(\"1\").should(\"have.value\", \"1\");\ncy.get(\"button[data-cy='detail-product-add']\").click();\ncy.wait(\"@addCart2\", {\n  timeout: 5000\n}).then(interception => {\n  cy.log(`📡 Status ajout produit 2 : ${interception.response.statusCode}`);\n  expect(interception.response.statusCode).to.eq(200);\n});\ncy.log('✅ ÉTAPE 2 — \"Chuchotements d\\'été\" (id:4, stock:25) ajouté');\n// ── ÉTAPE 3 : Vérifier la redirection automatique vers le panier ──────────\ncy.get(\"app-cart\", {\n  timeout: 6000\n}).should(\"be.visible\");\ncy.url({\n  timeout: 6000\n}).should(\"include\", \"/cart\");\ncy.log(\"✅ ÉTAPE 3 — Page panier chargée automatiquement\");\n// ── ÉTAPE 4 : ❌ Le test échoue si moins de 2 lignes sont trouvées\ncy.get(\"[data-cy='cart-line']\", {\n  timeout: 6000\n}).then($lines => {\n  const total = $lines.length;\n  cy.log(`📋 Nombre de lignes dans le panier : ${total}`);\n  expect(total, `⚠️ ANO-UI-02 — Panier incomplet : ${total} ligne(s) trouvée(s), attendu ≥ 2`).to.be.at.least(2);\n  cy.log(`✅ ÉTAPE 4 — ${total} ligne(s) confirmée(s) dans le panier`);\n});\n// ── ÉTAPES 5-N : Supprimer toutes les lignes une par une ─────────────────\nconst supprimerToutesLesLignes = () => {\n  cy.get(\"body\").then($body => {\n    if ($body.find(\"[data-cy='cart-line-delete']\").length > 0) {\n      // On surveille la requête DELETE avant de cliquer\n      cy.intercept(\"DELETE\", \"**/orders/**/delete\").as(\"deleteOneLine\");\n      cy.get(\"[data-cy='cart-line-delete']\", {\n        timeout: 6000\n      }).should(\"exist\").first().click({\n        force: true\n      }); // force:true au cas où le bouton est partiellement masqué\n      cy.wait(\"@deleteOneLine\", {\n        timeout: 6000\n      }).then(interception => {\n        cy.log(`📡 Suppression : ${interception.response.statusCode}`);\n        // 200 ou 204 sont tous les deux valides pour un DELETE réussi\n        expect(interception.response.statusCode).to.be.oneOf([200, 204]);\n      });\n      // Pause courte pour laisser Angular mettre à jour le DOM\n      cy.wait(500);\n      // Rappel récursif : on recommence jusqu'à ce qu'il n'y ait plus de bouton\n      supprimerToutesLesLignes();\n    }\n  });\n};\nsupprimerToutesLesLignes();\n// ── ÉTAPE FINALE : Vérifier le message \"panier vide\" ─────────────────────\ncy.get(\"app-cart\", {\n  timeout: 6000\n}).should(\"be.visible\");\ncy.contains(\"h1\", \"Commande\").should(\"be.visible\");\ncy.contains(\"h2\", \"Panier\").should(\"be.visible\");\ncy.contains(\"p\", \"Votre panier est vide\").should(\"be.visible\");\ncy.get(\"section.cart-section p a\").should(\"be.visible\").and(\"contain\", \"Consultez nos produits\");\ncy.log(\"✅ ÉTAPE FINALE — Message panier vide confirmé\");\n// ── ÉTAPE 8 : Cliquer sur \"Consultez nos produits\" et vérifier la redirection\ncy.intercept(\"GET\", \"**/products\").as(\"getProductsFinal\");\ncy.get(\"section.cart-section p a\").click();\ncy.wait(\"@getProductsFinal\", {\n  timeout: 5000\n}).then(interception => {\n  cy.log(`📡 Redirection produits : ${interception.response.statusCode}`);\n  expect(interception.response.statusCode).to.eq(200);\n});\n// On vérifie l'URL et que des produits sont bien affichés\ncy.url().should(\"include\", \"/products\");\ncy.get(\"article.mini-product\", {\n  timeout: 6000\n}).should(\"have.length.above\", 0);\ncy.log(\"✅ TEST 2 — Fin : redirection vers page produits confirmée\");",
              "err": {},
              "uuid": "2959d761-8ec4-4691-8f5f-bc9a9e8f57b8",
              "parentUUID": "ccabb9e0-ff11-45e3-ba06-99d9f8068138",
              "isHook": false,
              "skipped": false
            },
            {
              "title": "4 - Ajouter au panier avec quantité 0 doit être refusé (stock:39)",
              "fullTitle": "Panier - Tests UI 4 - Ajouter au panier avec quantité 0 doit être refusé (stock:39)",
              "timedOut": null,
              "duration": 4791,
              "state": "failed",
              "speed": null,
              "pass": false,
              "fail": true,
              "pending": false,
              "context": null,
              "code": "allerVersPageProduit(PRODUCTS.normal);\ncy.get(\"input[type='number']\").clear().type(\"0\");\ncy.contains(\"button\", \"Ajouter au panier\").click();\ncy.wait(3000);\ncy.url().then(url => {\n  if (url.includes(\"/cart\")) {\n    signalerAnomalie(\"ANO-BACK-01\", \"DEFECT HIGH — qty=0 acceptée, redirection vers /cart\", \"Attendu : ajout refusé | Observé : commande créée avec qty=0\");\n  }\n  cy.log(\"✅ TEST 4 — qty=0 correctement refusée\");\n});",
              "err": {
                "message": "Error: ❌ [ANO-BACK-01] DEFECT HIGH — qty=0 acceptée, redirection vers /cart | Attendu : ajout refusé | Observé : commande créée avec qty=0",
                "estack": "Error: ❌ [ANO-BACK-01] DEFECT HIGH — qty=0 acceptée, redirection vers /cart | Attendu : ajout refusé | Observé : commande créée avec qty=0\n    at signalerAnomalie (webpack:///./E2Ecypress/e2e/uiTests/cart.cy.js:33:8)\n    at Context.eval (webpack:///./E2Ecypress/e2e/uiTests/cart.cy.js:326:8)\n    at getRet (http://localhost:4200/__cypress/runner/cypress_runner.js:122806:20)\n    at tryCatcher (http://localhost:4200/__cypress/runner/cypress_runner.js:1777:23)\n    at Promise.attempt.Promise.try (http://localhost:4200/__cypress/runner/cypress_runner.js:4285:29)\n    at Context.thenFn (http://localhost:4200/__cypress/runner/cypress_runner.js:122817:66)\n    at Context.then (http://localhost:4200/__cypress/runner/cypress_runner.js:123068:21)\n    at wrapped (http://localhost:4200/__cypress/runner/cypress_runner.js:146326:19)\n    at <unknown> (http://localhost:4200/__cypress/runner/cypress_runner.js:152294:15)",
                "diff": null
              },
              "uuid": "a7d64021-9059-40ab-83e6-edb085eda67f",
              "parentUUID": "ccabb9e0-ff11-45e3-ba06-99d9f8068138",
              "isHook": false,
              "skipped": false
            },
            {
              "title": "6 - Quantité supérieure au stock disponible doit être refusée (stock:3)",
              "fullTitle": "Panier - Tests UI 6 - Quantité supérieure au stock disponible doit être refusée (stock:3)",
              "timedOut": null,
              "duration": 5751,
              "state": "failed",
              "speed": null,
              "pass": false,
              "fail": true,
              "pending": false,
              "context": null,
              "code": "allerVersPageProduit(PRODUCTS.faible);\ncy.get(\"input[type='number']\").clear().type(\"5\");\ncy.contains(\"button\", \"Ajouter au panier\").click();\ncy.wait(3000);\ncy.url().then(url => {\n  if (url.includes(\"/cart\")) {\n    cy.request(\"GET\", `${Cypress.env(\"apiUrl\")}/products/${PRODUCTS.faible.id}`).its(\"body.availableStock\").then(stock => {\n      signalerAnomalie(\"ANO-BACK-02\", `DEFECT HIGH — qty=5 acceptée alors que stock=${PRODUCTS.faible.stock}`, `Attendu : ajout refusé | Observé : stock après ajout = ${stock}`);\n    });\n  } else {\n    cy.log(`✅ TEST 6 — qty=5 refusée (stock:${PRODUCTS.faible.stock})`);\n  }\n});",
              "err": {
                "message": "Error: ❌ [ANO-BACK-02] DEFECT HIGH — qty=5 acceptée alors que stock=3 | Attendu : ajout refusé | Observé : stock après ajout = -12",
                "estack": "Error: ❌ [ANO-BACK-02] DEFECT HIGH — qty=5 acceptée alors que stock=3 | Attendu : ajout refusé | Observé : stock après ajout = -12\n    at signalerAnomalie (webpack:///./E2Ecypress/e2e/uiTests/cart.cy.js:33:8)\n    at Context.eval (webpack:///./E2Ecypress/e2e/uiTests/cart.cy.js:351:12)\n    at getRet (http://localhost:4200/__cypress/runner/cypress_runner.js:122806:20)\n    at tryCatcher (http://localhost:4200/__cypress/runner/cypress_runner.js:1777:23)\n    at Promise.attempt.Promise.try (http://localhost:4200/__cypress/runner/cypress_runner.js:4285:29)\n    at Context.thenFn (http://localhost:4200/__cypress/runner/cypress_runner.js:122817:66)\n    at Context.then (http://localhost:4200/__cypress/runner/cypress_runner.js:123068:21)\n    at wrapped (http://localhost:4200/__cypress/runner/cypress_runner.js:146326:19)\n    at <unknown> (http://localhost:4200/__cypress/runner/cypress_runner.js:152294:15)",
                "diff": null
              },
              "uuid": "47d5cc76-538d-4dc6-9ec7-cba6f695b3b8",
              "parentUUID": "ccabb9e0-ff11-45e3-ba06-99d9f8068138",
              "isHook": false,
              "skipped": false
            },
            {
              "title": "7 - Produit en rupture de stock ne peut pas être ajouté au panier (stock:0)",
              "fullTitle": "Panier - Tests UI 7 - Produit en rupture de stock ne peut pas être ajouté au panier (stock:0)",
              "timedOut": null,
              "duration": 4355,
              "state": "failed",
              "speed": null,
              "pass": false,
              "fail": true,
              "pending": false,
              "context": null,
              "code": "allerVersPageProduit(PRODUCTS.rupture);\ncy.get(\"body\").then($body => {\n  const btn = $body.find(\"button:contains('Ajouter au panier')\");\n  if (btn.length === 0) {\n    cy.log(\"✅ TEST 7 — Bouton absent (stock:0)\");\n  } else if (btn.is(\":disabled\")) {\n    cy.log(\"✅ TEST 7 — Bouton désactivé (stock:0)\");\n  } else {\n    cy.contains(\"button\", \"Ajouter au panier\").click();\n    cy.wait(2000);\n    cy.request(\"GET\", `${Cypress.env(\"apiUrl\")}/products/${PRODUCTS.rupture.id}`).its(\"body.availableStock\").then(stock => {\n      signalerAnomalie(\"ANO-BACK-03\", \"DEFECT HIGH — Bouton actif sur produit en rupture (stock:0)\", `Attendu : bouton désactivé | Observé : ajout possible, stock = ${stock}`);\n    });\n  }\n});",
              "err": {
                "message": "Error: ❌ [ANO-BACK-03] DEFECT HIGH — Bouton actif sur produit en rupture (stock:0) | Attendu : bouton désactivé | Observé : ajout possible, stock = -2",
                "estack": "Error: ❌ [ANO-BACK-03] DEFECT HIGH — Bouton actif sur produit en rupture (stock:0) | Attendu : bouton désactivé | Observé : ajout possible, stock = -2\n    at signalerAnomalie (webpack:///./E2Ecypress/e2e/uiTests/cart.cy.js:33:8)\n    at Context.eval (webpack:///./E2Ecypress/e2e/uiTests/cart.cy.js:383:12)\n    at getRet (http://localhost:4200/__cypress/runner/cypress_runner.js:122806:20)\n    at tryCatcher (http://localhost:4200/__cypress/runner/cypress_runner.js:1777:23)\n    at Promise.attempt.Promise.try (http://localhost:4200/__cypress/runner/cypress_runner.js:4285:29)\n    at Context.thenFn (http://localhost:4200/__cypress/runner/cypress_runner.js:122817:66)\n    at Context.then (http://localhost:4200/__cypress/runner/cypress_runner.js:123068:21)\n    at wrapped (http://localhost:4200/__cypress/runner/cypress_runner.js:146326:19)\n    at <unknown> (http://localhost:4200/__cypress/runner/cypress_runner.js:152294:15)",
                "diff": null
              },
              "uuid": "ee9e6f66-c27f-4623-8f21-ae85d7aa2bc8",
              "parentUUID": "ccabb9e0-ff11-45e3-ba06-99d9f8068138",
              "isHook": false,
              "skipped": false
            },
            {
              "title": "8 - Pas de duplication de ligne pour un produit déjà dans le panier (stock:39)",
              "fullTitle": "Panier - Tests UI 8 - Pas de duplication de ligne pour un produit déjà dans le panier (stock:39)",
              "timedOut": null,
              "duration": 3626,
              "state": "passed",
              "speed": "fast",
              "pass": true,
              "fail": false,
              "pending": false,
              "context": null,
              "code": "allerVersPageProduit(PRODUCTS.normal);\ncy.get(\"input[type='number']\").clear().type(\"1\");\ncy.contains(\"button\", \"Ajouter au panier\").click();\ncy.url().should(\"include\", \"/cart\");\nallerVersPageProduit(PRODUCTS.normal);\ncy.get(\"input[type='number']\").clear().type(\"2\");\ncy.contains(\"button\", \"Ajouter au panier\").click();\ncy.url().should(\"include\", \"/cart\");\ncy.get(\"[data-cy='cart-line-name'], td, .cart-item\").filter(`:contains(\"${PRODUCTS.normal.name}\")`).then($els => {\n  if ($els.length > 1) {\n    signalerAnomalie(\"ANO-UI-04\", `DEFECT MEDIUM — Duplication de ligne détectée pour ${PRODUCTS.normal.name}`, `Attendu : 1 ligne | Observé : ${$els.length} lignes`);\n  }\n  cy.log(`✅ TEST 8 — Pas de duplication pour ${PRODUCTS.normal.name}`);\n});",
              "err": {},
              "uuid": "a481c270-a3fa-4325-9427-5cc712ffe64b",
              "parentUUID": "ccabb9e0-ff11-45e3-ba06-99d9f8068138",
              "isHook": false,
              "skipped": false
            },
            {
              "title": "9 - Ajouter au panier avec quantité 0 doit être refusé",
              "fullTitle": "Panier - Tests UI 9 - Ajouter au panier avec quantité 0 doit être refusé",
              "timedOut": null,
              "duration": 5731,
              "state": "failed",
              "speed": null,
              "pass": false,
              "fail": true,
              "pending": false,
              "context": null,
              "code": "allerVersPageProduit(PRODUCTS.normal);\ncy.get(\"input[type='number']\").clear().type(\"0\");\ncy.contains(\"button\", \"Ajouter au panier\").click();\ncy.wait(3000);\ncy.url().then(url => {\n  if (url.includes(\"/cart\")) {\n    signalerAnomalie(\"ANO-BACK-01\", \"DEFECT HIGH — qty=0 acceptée, commande confirmable\", \"Attendu : ajout refusé | Observé : ligne qty=0 dans le panier\");\n  }\n  cy.log(\"✅ TEST 9 — qty=0 correctement refusée\");\n});",
              "err": {
                "message": "Error: ❌ [ANO-BACK-01] DEFECT HIGH — qty=0 acceptée, commande confirmable | Attendu : ajout refusé | Observé : ligne qty=0 dans le panier",
                "estack": "Error: ❌ [ANO-BACK-01] DEFECT HIGH — qty=0 acceptée, commande confirmable | Attendu : ajout refusé | Observé : ligne qty=0 dans le panier\n    at signalerAnomalie (webpack:///./E2Ecypress/e2e/uiTests/cart.cy.js:33:8)\n    at Context.eval (webpack:///./E2Ecypress/e2e/uiTests/cart.cy.js:428:8)\n    at getRet (http://localhost:4200/__cypress/runner/cypress_runner.js:122806:20)\n    at tryCatcher (http://localhost:4200/__cypress/runner/cypress_runner.js:1777:23)\n    at Promise.attempt.Promise.try (http://localhost:4200/__cypress/runner/cypress_runner.js:4285:29)\n    at Context.thenFn (http://localhost:4200/__cypress/runner/cypress_runner.js:122817:66)\n    at Context.then (http://localhost:4200/__cypress/runner/cypress_runner.js:123068:21)\n    at wrapped (http://localhost:4200/__cypress/runner/cypress_runner.js:146326:19)\n    at <unknown> (http://localhost:4200/__cypress/runner/cypress_runner.js:152294:15)",
                "diff": null
              },
              "uuid": "02dca4cc-2d80-4dd7-a84d-20b0bb2e4ce5",
              "parentUUID": "ccabb9e0-ff11-45e3-ba06-99d9f8068138",
              "isHook": false,
              "skipped": false
            },
            {
              "title": "10 - Ajouter au panier avec quantité négative doit être refusé",
              "fullTitle": "Panier - Tests UI 10 - Ajouter au panier avec quantité négative doit être refusé",
              "timedOut": null,
              "duration": 4188,
              "state": "passed",
              "speed": "fast",
              "pass": true,
              "fail": false,
              "pending": false,
              "context": null,
              "code": "allerVersPageProduit(PRODUCTS.normal);\ncy.get(\"input[type='number']\").clear().type(\"-2\");\ncy.contains(\"button\", \"Ajouter au panier\").click();\ncy.wait(3000);\ncy.url().then(url => {\n  if (url.includes(\"/cart\")) {\n    cy.request(\"GET\", `${Cypress.env(\"apiUrl\")}/products/${PRODUCTS.normal.id}`).its(\"body.availableStock\").then(stock => {\n      const detail = stock > PRODUCTS.normal.stock ? `Stock crédité : ${stock} (augmenté)` : stock < 0 ? `Stock négatif : ${stock}` : `Stock = ${stock}`;\n      signalerAnomalie(\"ANO-BACK-05\", \"DEFECT HIGH — qty=-2 acceptée par le système\", `Attendu : ajout refusé | Observé : redirection /cart | ${detail}`);\n    });\n  } else {\n    cy.log(\"✅ TEST 10 — qty=-2 correctement refusée\");\n  }\n});",
              "err": {},
              "uuid": "9fb92489-6984-45b6-a1b4-681567eaabaa",
              "parentUUID": "ccabb9e0-ff11-45e3-ba06-99d9f8068138",
              "isHook": false,
              "skipped": false
            }
          ],
          "suites": [],
          "passes": [
            "84d4cbf2-8092-441c-92f6-115ca5ca5d0b",
            "2959d761-8ec4-4691-8f5f-bc9a9e8f57b8",
            "a481c270-a3fa-4325-9427-5cc712ffe64b",
            "9fb92489-6984-45b6-a1b4-681567eaabaa"
          ],
          "failures": [
            "a7d64021-9059-40ab-83e6-edb085eda67f",
            "47d5cc76-538d-4dc6-9ec7-cba6f695b3b8",
            "ee9e6f66-c27f-4623-8f21-ae85d7aa2bc8",
            "02dca4cc-2d80-4dd7-a84d-20b0bb2e4ce5"
          ],
          "pending": [],
          "skipped": [],
          "duration": 40048,
          "root": false,
          "rootEmpty": false,
          "_timeout": 2000
        }
      ],
      "passes": [],
      "failures": [],
      "pending": [],
      "skipped": [],
      "duration": 0,
      "root": true,
      "rootEmpty": true,
      "_timeout": 2000
    }
  ],
  "meta": {
    "mocha": {
      "version": "7.2.0"
    },
    "mochawesome": {
      "options": {
        "quiet": false,
        "reportFilename": "mochawesome",
        "saveHtml": false,
        "saveJson": true,
        "consoleReporter": "spec",
        "useInlineDiffs": false,
        "code": true
      },
      "version": "7.1.4"
    },
    "marge": {
      "options": {
        "reportDir": "E2Ecypress/reports",
        "overwrite": false,
        "json": true,
        "html": false
      },
      "version": "6.3.2"
    }
  }
}