{
  "stats": {
    "suites": 1,
    "tests": 7,
    "passes": 7,
    "pending": 0,
    "failures": 0,
    "start": "2026-03-17T16:58:40.507Z",
    "end": "2026-03-17T16:58:54.603Z",
    "duration": 14096,
    "testsRegistered": 7,
    "passPercent": 100,
    "pendingPercent": 0,
    "other": 0,
    "hasOther": false,
    "skipped": 0,
    "hasSkipped": false
  },
  "results": [
    {
      "uuid": "9c0fdeff-0947-4caf-b5f4-540c97c075a4",
      "title": "",
      "fullFile": "E2Ecypress\\e2e\\uiTests\\register-athen.cy.js",
      "file": "E2Ecypress\\e2e\\uiTests\\register-athen.cy.js",
      "beforeHooks": [],
      "afterHooks": [],
      "tests": [],
      "suites": [
        {
          "uuid": "54af104c-c065-4bd9-849b-8101b5f21c52",
          "title": "Authentification - Inscription et Connexion",
          "fullFile": "",
          "file": "",
          "beforeHooks": [],
          "afterHooks": [],
          "tests": [
            {
              "title": "1 - Créer un compte utilisateur avec succès",
              "fullTitle": "Authentification - Inscription et Connexion 1 - Créer un compte utilisateur avec succès",
              "timedOut": null,
              "duration": 5206,
              "state": "passed",
              "speed": "medium",
              "pass": true,
              "fail": false,
              "pending": false,
              "context": null,
              "code": "cy.contains(\"a\", \"Inscription\").click();\ncy.url().should(\"include\", \"/register\");\ncy.get(\"#lastname\").type(lastname);\ncy.get(\"#firstname\").type(firstname);\ncy.get(\"#email\").type(email);\ncy.get(\"#password\").type(password);\ncy.get(\"#confirm\").type(password);\ncy.get('[data-cy=\"register-submit\"]').click();\nlogAlerte();\ncy.url().should(\"not.include\", \"/register\");\ncy.contains(\"a\", \"Déconnexion\").click();\ncy.url().should(\"include\", \"/\");",
              "err": {},
              "uuid": "5a30ffcc-3e70-4517-84e5-f39938babbec",
              "parentUUID": "54af104c-c065-4bd9-849b-8101b5f21c52",
              "isHook": false,
              "skipped": false
            },
            {
              "title": "2 - Affiche une erreur si l'adresse mail est déjà utilisée",
              "fullTitle": "Authentification - Inscription et Connexion 2 - Affiche une erreur si l'adresse mail est déjà utilisée",
              "timedOut": null,
              "duration": 1849,
              "state": "passed",
              "speed": "fast",
              "pass": true,
              "fail": false,
              "pending": false,
              "context": null,
              "code": "cy.contains(\"a\", \"Inscription\").click();\ncy.url().should(\"include\", \"/register\");\ncy.get(\"#lastname\").type(\"ramo\");\ncy.get(\"#firstname\").type(\"victor\");\ncy.get(\"#email\").type(\"ramoshippuden@gmail.com\");\ncy.get(\"#password\").type(\"testtest\");\ncy.get(\"#confirm\").type(\"testtest\");\ncy.get('[data-cy=\"register-submit\"]').click();\nlogAlerte();\ncy.get(\"p.error\").should(\"be.visible\").and(\"contain\", \"Cette adresse mail est déjà utilisée\").then($el => cy.log(\"❌ Erreur affichée : \" + $el.text()));",
              "err": {},
              "uuid": "f7e7610e-c38f-4f71-a786-75a54aa99e67",
              "parentUUID": "54af104c-c065-4bd9-849b-8101b5f21c52",
              "isHook": false,
              "skipped": false
            },
            {
              "title": "3 - Connexion avec un compte existant",
              "fullTitle": "Authentification - Inscription et Connexion 3 - Connexion avec un compte existant",
              "timedOut": null,
              "duration": 2119,
              "state": "passed",
              "speed": "fast",
              "pass": true,
              "fail": false,
              "pending": false,
              "context": null,
              "code": "cy.contains(\"a\", \"Accueil\").click();\ncy.contains(\"a\", \"Connexion\").click();\ncy.url().should(\"include\", \"/login\");\ncy.get(\"#username\").type(\"ramoshippuden@gmail.com\");\ncy.get(\"#password\").type(\"testtest\");\ncy.contains(\"span\", \"Se connecter\").click();\nlogAlerte();\ncy.url().should(\"not.include\", \"/login\");\ncy.contains(\"a\", \"Déconnexion\").should(\"be.visible\");",
              "err": {},
              "uuid": "65c35adf-f53c-42fd-acd9-61ff0f784f89",
              "parentUUID": "54af104c-c065-4bd9-849b-8101b5f21c52",
              "isHook": false,
              "skipped": false
            },
            {
              "title": "4 - Connexion échoue avec email au mauvais format",
              "fullTitle": "Authentification - Inscription et Connexion 4 - Connexion échoue avec email au mauvais format",
              "timedOut": null,
              "duration": 1112,
              "state": "passed",
              "speed": "fast",
              "pass": true,
              "fail": false,
              "pending": false,
              "context": null,
              "code": "cy.contains(\"a\", \"Connexion\").click();\ncy.get(\"#username\").type(\"emailinvalide\");\ncy.get(\"#password\").type(\"testtest\");\ncy.contains(\"span\", \"Se connecter\").click();\nlogAlerte();\ncy.get(\"p.error\").should(\"be.visible\").then($el => cy.log(\"❌ Erreur affichée : \" + $el.text()));",
              "err": {},
              "uuid": "8cc3417e-f969-487f-9960-44b3eb25e64d",
              "parentUUID": "54af104c-c065-4bd9-849b-8101b5f21c52",
              "isHook": false,
              "skipped": false
            },
            {
              "title": "5 - Connexion échoue avec email inexistant",
              "fullTitle": "Authentification - Inscription et Connexion 5 - Connexion échoue avec email inexistant",
              "timedOut": null,
              "duration": 1242,
              "state": "passed",
              "speed": "fast",
              "pass": true,
              "fail": false,
              "pending": false,
              "context": null,
              "code": "cy.contains(\"a\", \"Connexion\").click();\ncy.get(\"#username\").type(\"inexistant@example.com\");\ncy.get(\"#password\").type(\"testtest\");\ncy.contains(\"span\", \"Se connecter\").click();\nlogAlerte();\ncy.get(\"p.error\").should(\"be.visible\").then($el => cy.log(\"❌ Erreur affichée : \" + $el.text()));",
              "err": {},
              "uuid": "7e5e1a13-8696-4077-80df-88805beecc2f",
              "parentUUID": "54af104c-c065-4bd9-849b-8101b5f21c52",
              "isHook": false,
              "skipped": false
            },
            {
              "title": "6 - Connexion échoue avec email vide",
              "fullTitle": "Authentification - Inscription et Connexion 6 - Connexion échoue avec email vide",
              "timedOut": null,
              "duration": 669,
              "state": "passed",
              "speed": "fast",
              "pass": true,
              "fail": false,
              "pending": false,
              "context": null,
              "code": "cy.contains(\"a\", \"Connexion\").click();\n// Ne pas remplir l'email — juste le mot de passe\ncy.get(\"#password\").type(\"testtest\");\ncy.contains(\"span\", \"Se connecter\").click();\nlogAlerte();\n// Vérifier le message d'erreur\ncy.get(\"p.error\").should(\"be.visible\").and(\"contain\", \"Merci de remplir correctement tous les champs\").then($el => cy.log(\"❌ Erreur affichée : \" + $el.text()));\n// Vérifier que le label Email passe en rouge (classe error)\ncy.get(\"label\").contains(\"Email\").should(\"have.class\", \"error\").then($label => cy.log(\"🔴 Label Email en rouge — classe error détectée\"));",
              "err": {},
              "uuid": "42776646-af75-4f70-a9ef-6c9927270b03",
              "parentUUID": "54af104c-c065-4bd9-849b-8101b5f21c52",
              "isHook": false,
              "skipped": false
            },
            {
              "title": "7 - Connexion échoue avec mot de passe erroné",
              "fullTitle": "Authentification - Inscription et Connexion 7 - Connexion échoue avec mot de passe erroné",
              "timedOut": null,
              "duration": 1593,
              "state": "passed",
              "speed": "fast",
              "pass": true,
              "fail": false,
              "pending": false,
              "context": null,
              "code": "cy.contains(\"a\", \"Connexion\").click();\ncy.get(\"#username\").type(\"ramoshippuden@gmail.com\");\ncy.get(\"#password\").type(\"mauvaismdp\");\ncy.contains(\"span\", \"Se connecter\").click();\nlogAlerte();\ncy.get(\"p.error\").should(\"be.visible\").then($el => cy.log(\"❌ Erreur affichée : \" + $el.text()));",
              "err": {},
              "uuid": "81c01a64-2412-4d30-ab0a-026faea80106",
              "parentUUID": "54af104c-c065-4bd9-849b-8101b5f21c52",
              "isHook": false,
              "skipped": false
            }
          ],
          "suites": [],
          "passes": [
            "5a30ffcc-3e70-4517-84e5-f39938babbec",
            "f7e7610e-c38f-4f71-a786-75a54aa99e67",
            "65c35adf-f53c-42fd-acd9-61ff0f784f89",
            "8cc3417e-f969-487f-9960-44b3eb25e64d",
            "7e5e1a13-8696-4077-80df-88805beecc2f",
            "42776646-af75-4f70-a9ef-6c9927270b03",
            "81c01a64-2412-4d30-ab0a-026faea80106"
          ],
          "failures": [],
          "pending": [],
          "skipped": [],
          "duration": 13790,
          "root": false,
          "rootEmpty": false,
          "_timeout": 2000
        }
      ],
      "passes": [],
      "failures": [],
      "pending": [],
      "skipped": [],
      "duration": 0,
      "root": true,
      "rootEmpty": true,
      "_timeout": 2000
    }
  ],
  "meta": {
    "mocha": {
      "version": "7.2.0"
    },
    "mochawesome": {
      "options": {
        "quiet": false,
        "reportFilename": "mochawesome",
        "saveHtml": true,
        "saveJson": true,
        "consoleReporter": "spec",
        "useInlineDiffs": false,
        "code": true
      },
      "version": "7.1.4"
    },
    "marge": {
      "options": {
        "reportDir": "E2Ecypress/reports",
        "overwrite": false,
        "html": true,
        "json": true
      },
      "version": "6.3.2"
    }
  }
}