{
  "stats": {
    "suites": 1,
    "tests": 2,
    "passes": 2,
    "pending": 0,
    "failures": 0,
    "start": "2026-03-19T18:42:43.971Z",
    "end": "2026-03-19T18:42:45.197Z",
    "duration": 1226,
    "testsRegistered": 2,
    "passPercent": 100,
    "pendingPercent": 0,
    "other": 0,
    "hasOther": false,
    "skipped": 0,
    "hasSkipped": false
  },
  "results": [
    {
      "uuid": "26630540-ebfd-4508-bfe9-10e381d2949c",
      "title": "",
      "fullFile": "E2Ecypress\\e2e\\smokeTests\\loginsmok.cy.js",
      "file": "E2Ecypress\\e2e\\smokeTests\\loginsmok.cy.js",
      "beforeHooks": [],
      "afterHooks": [],
      "tests": [],
      "suites": [
        {
          "uuid": "94a89de8-c44f-498f-b2c2-d6a0372f912d",
          "title": "Page de connexion",
          "fullFile": "",
          "file": "",
          "beforeHooks": [],
          "afterHooks": [],
          "tests": [
            {
              "title": "Présence des champs de saisie et du bouton de connexion",
              "fullTitle": "Page de connexion Présence des champs de saisie et du bouton de connexion",
              "timedOut": null,
              "duration": 426,
              "state": "passed",
              "speed": "fast",
              "pass": true,
              "fail": false,
              "pending": false,
              "context": null,
              "code": "cy.visit(\"#/login\");\ncy.getBySel(\"login-input-username\").should(\"be.visible\");\ncy.getBySel(\"login-input-password\").should(\"be.visible\");\ncy.getBySel(\"login-submit\").should(\"be.visible\");",
              "err": {},
              "uuid": "eec4622b-0f53-4169-86a8-9be8909622c1",
              "parentUUID": "94a89de8-c44f-498f-b2c2-d6a0372f912d",
              "isHook": false,
              "skipped": false
            },
            {
              "title": "2 - Résistance à l'injection SQL dans le formulaire de connexion",
              "fullTitle": "Page de connexion 2 - Résistance à l'injection SQL dans le formulaire de connexion",
              "timedOut": null,
              "duration": 742,
              "state": "passed",
              "speed": "fast",
              "pass": true,
              "fail": false,
              "pending": false,
              "context": null,
              "code": "cy.visit(\"/#/login\");\ncy.getBySel(\"login-input-username\").type(\"' OR 1=1#\");\ncy.getBySel(\"login-input-password\").type(\"' OR 1=1#\");\ncy.getBySel(\"login-submit\").click();\n// L'application ne doit PAS connecter l'utilisateur\ncy.getBySel(\"login-errors\").should(\"be.visible\");\ncy.url().should(\"include\", \"/login\"); // on reste sur la page login",
              "err": {},
              "uuid": "17d0a4f0-4f82-4604-b3d4-80097001249c",
              "parentUUID": "94a89de8-c44f-498f-b2c2-d6a0372f912d",
              "isHook": false,
              "skipped": false
            }
          ],
          "suites": [],
          "passes": [
            "eec4622b-0f53-4169-86a8-9be8909622c1",
            "17d0a4f0-4f82-4604-b3d4-80097001249c"
          ],
          "failures": [],
          "pending": [],
          "skipped": [],
          "duration": 1168,
          "root": false,
          "rootEmpty": false,
          "_timeout": 2000
        }
      ],
      "passes": [],
      "failures": [],
      "pending": [],
      "skipped": [],
      "duration": 0,
      "root": true,
      "rootEmpty": true,
      "_timeout": 2000
    }
  ],
  "meta": {
    "mocha": {
      "version": "7.2.0"
    },
    "mochawesome": {
      "options": {
        "quiet": false,
        "reportFilename": "mochawesome",
        "saveHtml": false,
        "saveJson": true,
        "consoleReporter": "spec",
        "useInlineDiffs": false,
        "code": true
      },
      "version": "7.1.4"
    },
    "marge": {
      "options": {
        "reportDir": "E2Ecypress/reports",
        "overwrite": false,
        "json": true,
        "html": false
      },
      "version": "6.3.2"
    }
  }
}