{
  "stats": {
    "suites": 1,
    "tests": 2,
    "passes": 2,
    "pending": 0,
    "failures": 0,
    "start": "2026-03-18T19:38:55.254Z",
    "end": "2026-03-18T19:38:56.831Z",
    "duration": 1577,
    "testsRegistered": 2,
    "passPercent": 100,
    "pendingPercent": 0,
    "other": 0,
    "hasOther": false,
    "skipped": 0,
    "hasSkipped": false
  },
  "results": [
    {
      "uuid": "1b1c1574-3c83-4138-9d04-a6f9cadef19b",
      "title": "",
      "fullFile": "E2Ecypress\\e2e\\smokeTests\\loginsmok.cy.js",
      "file": "E2Ecypress\\e2e\\smokeTests\\loginsmok.cy.js",
      "beforeHooks": [],
      "afterHooks": [],
      "tests": [],
      "suites": [
        {
          "uuid": "2c0bb177-2e4c-4562-9165-0617946b0117",
          "title": "Page de connexion",
          "fullFile": "",
          "file": "",
          "beforeHooks": [],
          "afterHooks": [],
          "tests": [
            {
              "title": "Présence des champs de saisie et du bouton de connexion",
              "fullTitle": "Page de connexion Présence des champs de saisie et du bouton de connexion",
              "timedOut": null,
              "duration": 654,
              "state": "passed",
              "speed": "fast",
              "pass": true,
              "fail": false,
              "pending": false,
              "context": null,
              "code": "cy.visit(\"#/login\");\ncy.getBySel(\"login-input-username\").should(\"be.visible\");\ncy.getBySel(\"login-input-password\").should(\"be.visible\");\ncy.getBySel(\"login-submit\").should(\"be.visible\");",
              "err": {},
              "uuid": "6b26f842-4a42-43d6-adec-a33342a4f90b",
              "parentUUID": "2c0bb177-2e4c-4562-9165-0617946b0117",
              "isHook": false,
              "skipped": false
            },
            {
              "title": "2 - Résistance à l'injection SQL dans le formulaire de connexion",
              "fullTitle": "Page de connexion 2 - Résistance à l'injection SQL dans le formulaire de connexion",
              "timedOut": null,
              "duration": 802,
              "state": "passed",
              "speed": "fast",
              "pass": true,
              "fail": false,
              "pending": false,
              "context": null,
              "code": "cy.visit(\"/#/login\");\ncy.getBySel(\"login-input-username\").type(\"' OR 1=1#\");\ncy.getBySel(\"login-input-password\").type(\"' OR 1=1#\");\ncy.getBySel(\"login-submit\").click();\n// L'application ne doit PAS connecter l'utilisateur\ncy.getBySel(\"login-errors\").should(\"be.visible\");\ncy.url().should(\"include\", \"/login\"); // on reste sur la page login",
              "err": {},
              "uuid": "583319e3-94b3-407f-aa8d-c2558184b31a",
              "parentUUID": "2c0bb177-2e4c-4562-9165-0617946b0117",
              "isHook": false,
              "skipped": false
            }
          ],
          "suites": [],
          "passes": [
            "6b26f842-4a42-43d6-adec-a33342a4f90b",
            "583319e3-94b3-407f-aa8d-c2558184b31a"
          ],
          "failures": [],
          "pending": [],
          "skipped": [],
          "duration": 1456,
          "root": false,
          "rootEmpty": false,
          "_timeout": 2000
        }
      ],
      "passes": [],
      "failures": [],
      "pending": [],
      "skipped": [],
      "duration": 0,
      "root": true,
      "rootEmpty": true,
      "_timeout": 2000
    }
  ],
  "meta": {
    "mocha": {
      "version": "7.2.0"
    },
    "mochawesome": {
      "options": {
        "quiet": false,
        "reportFilename": "mochawesome",
        "saveHtml": false,
        "saveJson": true,
        "consoleReporter": "spec",
        "useInlineDiffs": false,
        "code": true
      },
      "version": "7.1.4"
    },
    "marge": {
      "options": {
        "reportDir": "E2Ecypress/reports",
        "overwrite": false,
        "json": true,
        "html": false
      },
      "version": "6.3.2"
    }
  }
}