{
  "stats": {
    "suites": 1,
    "tests": 7,
    "passes": 4,
    "pending": 0,
    "failures": 3,
    "start": "2026-03-26T23:37:31.379Z",
    "end": "2026-03-26T23:38:30.332Z",
    "duration": 58953,
    "testsRegistered": 7,
    "passPercent": 57.14285714285714,
    "pendingPercent": 0,
    "other": 0,
    "hasOther": false,
    "skipped": 0,
    "hasSkipped": false
  },
  "results": [
    {
      "uuid": "3d575fbe-b284-4949-9c20-142559e4b531",
      "title": "",
      "fullFile": "E2Ecypress\\e2e\\uiTests\\cart.cy.js",
      "file": "E2Ecypress\\e2e\\uiTests\\cart.cy.js",
      "beforeHooks": [],
      "afterHooks": [],
      "tests": [],
      "suites": [
        {
          "uuid": "a6e304b8-e3da-4ea4-8515-e69ab458f3e9",
          "title": "Panier - Tests UI stabilisés",
          "fullFile": "",
          "file": "",
          "beforeHooks": [],
          "afterHooks": [],
          "tests": [
            {
              "title": "1 - Ajouter un produit au panier avec quantité 3",
              "fullTitle": "Panier - Tests UI stabilisés 1 - Ajouter un produit au panier avec quantité 3",
              "timedOut": null,
              "duration": 4301,
              "state": "passed",
              "speed": "fast",
              "pass": true,
              "fail": false,
              "pending": false,
              "context": null,
              "code": "allerVersPageProduitParNom(PRODUCTS.normal.name);\nsaisirQuantite(3);\najouterAuPanierEtAttendre(\"addCartTest1\").its(\"response.statusCode\").should(\"eq\", 200);\ncy.url().should(\"include\", \"/cart\");\ncy.get(DOM.cartApp).should(\"be.visible\");\ncy.get(_selectors.selectors.cartLine).should(\"have.length.at.least\", 1);\ncy.log(\"✅ TEST 1 — Produit ajouté avec quantité 3\");",
              "err": {},
              "uuid": "373c6292-a716-4b4a-837c-2f60a0f8edc8",
              "parentUUID": "a6e304b8-e3da-4ea4-8515-e69ab458f3e9",
              "isHook": false,
              "skipped": false
            },
            {
              "title": "2 - Ajouter 2 produits différents puis vider le panier",
              "fullTitle": "Panier - Tests UI stabilisés 2 - Ajouter 2 produits différents puis vider le panier",
              "timedOut": null,
              "duration": 5857,
              "state": "passed",
              "speed": "medium",
              "pass": true,
              "fail": false,
              "pending": false,
              "context": null,
              "code": "// Étape 1 : ouvrir le produit 1 et mémoriser son stock\nallerVersPageProduitParNom(PRODUCTS.normal.name);\nlireStockProduitUI().then(stock => {\n  cy.wrap(stock).as(\"stockProduit1\");\n});\nsaisirQuantite(1);\najouterAuPanierEtAttendre(\"addCart1\").its(\"response.statusCode\").should(\"eq\", 200);\n// Étape 2 : ouvrir le produit 2 et mémoriser son stock\nouvrirListeProduits();\ncy.contains(_selectors.selectors.product, PRODUCTS.moyen.name).should(\"be.visible\").within(() => {\n  cy.get(_selectors.selectors.productLink).click();\n});\ncy.get(DOM.productContent).should(\"be.visible\");\ncy.get(_selectors.selectors.productStock).should(\"be.visible\");\ncy.get(_selectors.selectors.productName).should(\"contain\", PRODUCTS.moyen.name);\nlireStockProduitUI().then(stock => {\n  cy.wrap(stock).as(\"stockProduit2\");\n});\nsaisirQuantite(1);\najouterAuPanierEtAttendre(\"addCart2\").its(\"response.statusCode\").should(\"eq\", 200);\n// Étape 3 : vérifier la présence des 2 produits dans le panier\ncy.url().should(\"include\", \"/cart\");\ncy.get(DOM.cartApp).should(\"be.visible\");\ncy.get(_selectors.selectors.cartLine).should(\"have.length.at.least\", 2);\ncy.contains(_selectors.selectors.cartLine, PRODUCTS.normal.name).should(\"be.visible\");\ncy.contains(_selectors.selectors.cartLine, PRODUCTS.moyen.name).should(\"be.visible\");\ncy.log(\"✅ ÉTAPE 3 — Les 2 produits sont bien présents dans le panier\");\n// Étape 4 : supprimer toutes les lignes du panier via l'UI\nsupprimerToutesLesLignesDuPanierUI();\n// Étape 5 : vérifier le message panier vide\ncy.get(DOM.cartApp).should(\"be.visible\");\ncy.contains(\"h1\", \"Commande\").should(\"be.visible\");\ncy.contains(\"h2\", \"Panier\").should(\"be.visible\");\ncy.contains(/votre panier est vide/i).should(\"be.visible\");\ncy.contains(\"a\", \"Consultez nos produits\").should(\"be.visible\");\ncy.log(\"✅ ÉTAPE 5 — Panier vide confirmé\");\n// Étape 6 : retour vers les produits\ncy.intercept(\"GET\", \"**/products*\").as(\"getProductsFinal\");\ncy.contains(\"a\", \"Consultez nos produits\").click();\ncy.wait(\"@getProductsFinal\").its(\"response.statusCode\").should(\"eq\", 200);\ncy.url().should(\"include\", \"/products\");\ncy.get(_selectors.selectors.product).should(\"have.length.greaterThan\", 0);\n// Étape 7 : vérifier le stock du produit 1\nallerVersPageProduitParNom(PRODUCTS.normal.name);\ncy.get(\"@stockProduit1\").then(stockInitial1 => {\n  lireStockProduitUI().then(stockActuel1 => {\n    expect(stockActuel1).to.eq(stockInitial1);\n  });\n});\n// Étape 8 : vérifier le stock du produit 2\nallerVersPageProduitParNom(PRODUCTS.moyen.name);\ncy.get(\"@stockProduit2\").then(stockInitial2 => {\n  lireStockProduitUI().then(stockActuel2 => {\n    expect(stockActuel2).to.eq(stockInitial2);\n  });\n});\ncy.log(\"✅ TEST 2 — Retour produits et stocks remis à jour confirmés\");",
              "err": {},
              "uuid": "56704b39-ee52-4efd-b3d6-139435ec8c23",
              "parentUUID": "a6e304b8-e3da-4ea4-8515-e69ab458f3e9",
              "isHook": false,
              "skipped": false
            },
            {
              "title": "4 - Ajouter au panier avec quantité 0 doit être refusé",
              "fullTitle": "Panier - Tests UI stabilisés 4 - Ajouter au panier avec quantité 0 doit être refusé",
              "timedOut": null,
              "duration": 4683,
              "state": "failed",
              "speed": null,
              "pass": false,
              "fail": true,
              "pending": false,
              "context": null,
              "code": "allerVersPageProduitParNom(PRODUCTS.normal.name);\nsaisirQuantite(0);\najouterAuPanierEtAttendre(\"addQtyZero\").then(({\n  response\n}) => {\n  const status = response === null || response === void 0 ? void 0 : response.statusCode;\n  if (status === 200) {\n    signalerAnomalie(\"ANO-BACK-01\", \"DEFECT HIGH — qty=0 acceptée par le système\", \"Attendu : ajout refusé | Observé : HTTP 200\");\n  }\n  expect(status).to.be.oneOf([400, 401, 403, 409, 422]);\n});\ncy.url().should(\"not.include\", \"/cart\");\ncy.log(\"✅ TEST 4 — qty=0 refusée\");",
              "err": {
                "message": "Error: ❌ [ANO-BACK-01] DEFECT HIGH — qty=0 acceptée par le système | Attendu : ajout refusé | Observé : HTTP 200",
                "estack": "Error: ❌ [ANO-BACK-01] DEFECT HIGH — qty=0 acceptée par le système | Attendu : ajout refusé | Observé : HTTP 200\n    at signalerAnomalie (webpack:///./E2Ecypress/e2e/uiTests/cart.cy.js:31:8)\n    at Context.eval (webpack:///./E2Ecypress/e2e/uiTests/cart.cy.js:330:8)\n    at getRet (http://localhost:4200/__cypress/runner/cypress_runner.js:122806:20)\n    at tryCatcher (http://localhost:4200/__cypress/runner/cypress_runner.js:1777:23)\n    at Promise.attempt.Promise.try (http://localhost:4200/__cypress/runner/cypress_runner.js:4285:29)\n    at Context.thenFn (http://localhost:4200/__cypress/runner/cypress_runner.js:122817:66)\n    at Context.then (http://localhost:4200/__cypress/runner/cypress_runner.js:123068:21)\n    at wrapped (http://localhost:4200/__cypress/runner/cypress_runner.js:146326:19)\n    at <unknown> (http://localhost:4200/__cypress/runner/cypress_runner.js:152294:15)",
                "diff": null
              },
              "uuid": "9b99338a-6862-4e63-b886-802649a8027e",
              "parentUUID": "a6e304b8-e3da-4ea4-8515-e69ab458f3e9",
              "isHook": false,
              "skipped": false
            },
            {
              "title": "6 - Quantité supérieure au stock disponible doit être refusée",
              "fullTitle": "Panier - Tests UI stabilisés 6 - Quantité supérieure au stock disponible doit être refusée",
              "timedOut": null,
              "duration": 5228,
              "state": "failed",
              "speed": null,
              "pass": false,
              "fail": true,
              "pending": false,
              "context": null,
              "code": "allerVersPageProduitParNom(PRODUCTS.faible.name);\nlireStockProduitUI().then(stockAvant => {\n  const quantiteTropGrande = stockAvant + 2;\n  saisirQuantite(quantiteTropGrande);\n  ajouterAuPanierEtAttendre(\"addTooMuch\").then(({\n    response\n  }) => {\n    const status = response === null || response === void 0 ? void 0 : response.statusCode;\n    if (status === 200) {\n      lireStockProduit(PRODUCTS.faible.id).then(stockApres => {\n        signalerAnomalie(\"ANO-BACK-02\", \"DEFECT HIGH — quantité supérieure au stock acceptée\", `Attendu : ajout refusé | Observé : HTTP 200 | Stock avant = ${stockAvant} | Stock après = ${stockApres}`);\n      });\n      return;\n    }\n    expect(status).to.be.oneOf([400, 401, 403, 409, 422]);\n  });\n  cy.url().should(\"not.include\", \"/cart\");\n  cy.log(\"✅ TEST 6 — quantité supérieure au stock refusée\");\n});",
              "err": {
                "message": "Error: ❌ [ANO-BACK-02] DEFECT HIGH — quantité supérieure au stock acceptée | Attendu : ajout refusé | Observé : HTTP 200 | Stock avant = 3 | Stock après = -2",
                "estack": "Error: ❌ [ANO-BACK-02] DEFECT HIGH — quantité supérieure au stock acceptée | Attendu : ajout refusé | Observé : HTTP 200 | Stock avant = 3 | Stock après = -2\n    at signalerAnomalie (webpack:///./E2Ecypress/e2e/uiTests/cart.cy.js:31:8)\n    at Context.eval (webpack:///./E2Ecypress/e2e/uiTests/cart.cy.js:358:12)\n    at getRet (http://localhost:4200/__cypress/runner/cypress_runner.js:122806:20)\n    at tryCatcher (http://localhost:4200/__cypress/runner/cypress_runner.js:1777:23)\n    at Promise.attempt.Promise.try (http://localhost:4200/__cypress/runner/cypress_runner.js:4285:29)\n    at Context.thenFn (http://localhost:4200/__cypress/runner/cypress_runner.js:122817:66)\n    at Context.then (http://localhost:4200/__cypress/runner/cypress_runner.js:123068:21)\n    at wrapped (http://localhost:4200/__cypress/runner/cypress_runner.js:146326:19)\n    at <unknown> (http://localhost:4200/__cypress/runner/cypress_runner.js:152294:15)",
                "diff": null
              },
              "uuid": "b536db65-a2f1-491e-958f-6dfc30998186",
              "parentUUID": "a6e304b8-e3da-4ea4-8515-e69ab458f3e9",
              "isHook": false,
              "skipped": false
            },
            {
              "title": "7 - Produit en rupture de stock ne peut pas être ajouté au panier",
              "fullTitle": "Panier - Tests UI stabilisés 7 - Produit en rupture de stock ne peut pas être ajouté au panier",
              "timedOut": null,
              "duration": 4976,
              "state": "failed",
              "speed": null,
              "pass": false,
              "fail": true,
              "pending": false,
              "context": null,
              "code": "allerVersPageProduitParNom(PRODUCTS.rupture.name);\ncy.get(\"body\").then($body => {\n  const boutonExiste = $body.find(_selectors.selectors.addToCartButton).length > 0;\n  if (!boutonExiste) {\n    cy.log(\"✅ TEST 7 — Bouton absent pour produit en rupture\");\n    return;\n  }\n  cy.get(_selectors.selectors.addToCartButton).then($btn => {\n    if ($btn.is(\":disabled\")) {\n      cy.log(\"✅ TEST 7 — Bouton désactivé pour produit en rupture\");\n      return;\n    }\n    cy.wrap($btn).click();\n    lireStockProduit(PRODUCTS.rupture.id).then(stock => {\n      signalerAnomalie(\"ANO-BACK-03\", \"DEFECT HIGH — produit en rupture toujours ajoutable\", `Attendu : bouton absent ou désactivé | Observé : bouton actif, stock = ${stock}`);\n    });\n  });\n});",
              "err": {
                "message": "Error: ❌ [ANO-BACK-03] DEFECT HIGH — produit en rupture toujours ajoutable | Attendu : bouton absent ou désactivé | Observé : bouton actif, stock = -1",
                "estack": "Error: ❌ [ANO-BACK-03] DEFECT HIGH — produit en rupture toujours ajoutable | Attendu : bouton absent ou désactivé | Observé : bouton actif, stock = -1\n    at signalerAnomalie (webpack:///./E2Ecypress/e2e/uiTests/cart.cy.js:31:8)\n    at Context.eval (webpack:///./E2Ecypress/e2e/uiTests/cart.cy.js:396:10)\n    at getRet (http://localhost:4200/__cypress/runner/cypress_runner.js:122806:20)\n    at tryCatcher (http://localhost:4200/__cypress/runner/cypress_runner.js:1777:23)\n    at Promise.attempt.Promise.try (http://localhost:4200/__cypress/runner/cypress_runner.js:4285:29)\n    at Context.thenFn (http://localhost:4200/__cypress/runner/cypress_runner.js:122817:66)\n    at Context.then (http://localhost:4200/__cypress/runner/cypress_runner.js:123068:21)\n    at wrapped (http://localhost:4200/__cypress/runner/cypress_runner.js:146326:19)\n    at <unknown> (http://localhost:4200/__cypress/runner/cypress_runner.js:152294:15)",
                "diff": null
              },
              "uuid": "57a25fa5-7ecf-46a6-93ec-71431de215e4",
              "parentUUID": "a6e304b8-e3da-4ea4-8515-e69ab458f3e9",
              "isHook": false,
              "skipped": false
            },
            {
              "title": "8 - Pas de duplication de ligne pour un produit déjà dans le panier",
              "fullTitle": "Panier - Tests UI stabilisés 8 - Pas de duplication de ligne pour un produit déjà dans le panier",
              "timedOut": null,
              "duration": 4745,
              "state": "passed",
              "speed": "fast",
              "pass": true,
              "fail": false,
              "pending": false,
              "context": null,
              "code": "allerVersPageProduitParNom(PRODUCTS.normal.name);\nsaisirQuantite(1);\najouterAuPanierEtAttendre(\"addFirstTime\").its(\"response.statusCode\").should(\"eq\", 200);\nallerVersPageProduitParNom(PRODUCTS.normal.name);\nsaisirQuantite(2);\najouterAuPanierEtAttendre(\"addSecondTime\").its(\"response.statusCode\").should(\"eq\", 200);\ncy.url().should(\"include\", \"/cart\");\ncy.get(DOM.cartApp).should(\"be.visible\");\ncy.get(_selectors.selectors.cartLineName).filter(`:contains(\"${PRODUCTS.normal.name}\")`).then($lines => {\n  if ($lines.length > 1) {\n    signalerAnomalie(\"ANO-UI-04\", `DEFECT MEDIUM — duplication de ligne détectée pour ${PRODUCTS.normal.name}`, `Attendu : 1 ligne | Observé : ${$lines.length} lignes`);\n  }\n  cy.log(`✅ TEST 8 — Pas de duplication pour ${PRODUCTS.normal.name}`);\n});",
              "err": {},
              "uuid": "98dd48e6-ca5f-442f-867f-e16d640aa720",
              "parentUUID": "a6e304b8-e3da-4ea4-8515-e69ab458f3e9",
              "isHook": false,
              "skipped": false
            },
            {
              "title": "9 - Ajouter au panier avec quantité négative doit être refusé",
              "fullTitle": "Panier - Tests UI stabilisés 9 - Ajouter au panier avec quantité négative doit être refusé",
              "timedOut": null,
              "duration": 3388,
              "state": "passed",
              "speed": "fast",
              "pass": true,
              "fail": false,
              "pending": false,
              "context": null,
              "code": "allerVersPageProduitParNom(PRODUCTS.normal.name);\ncy.intercept(\"PUT\", \"**/orders/add\").as(\"addNegative\");\nsaisirQuantite(-2);\ncy.get(_selectors.selectors.quantityInput).should(\"have.class\", \"ng-invalid\");\ncy.get(_selectors.selectors.addToCartButton).should(\"be.visible\").click();\ncy.url().should(\"not.include\", \"/cart\");\ncy.get(\"@addNegative.all\").should(\"have.length\", 0);\ncy.log(\"✅ TEST 9 — qty négative refusée\");",
              "err": {},
              "uuid": "27579253-856d-46eb-8283-603bc873898f",
              "parentUUID": "a6e304b8-e3da-4ea4-8515-e69ab458f3e9",
              "isHook": false,
              "skipped": false
            }
          ],
          "suites": [],
          "passes": [
            "373c6292-a716-4b4a-837c-2f60a0f8edc8",
            "56704b39-ee52-4efd-b3d6-139435ec8c23",
            "98dd48e6-ca5f-442f-867f-e16d640aa720",
            "27579253-856d-46eb-8283-603bc873898f"
          ],
          "failures": [
            "9b99338a-6862-4e63-b886-802649a8027e",
            "b536db65-a2f1-491e-958f-6dfc30998186",
            "57a25fa5-7ecf-46a6-93ec-71431de215e4"
          ],
          "pending": [],
          "skipped": [],
          "duration": 33178,
          "root": false,
          "rootEmpty": false,
          "_timeout": 2000
        }
      ],
      "passes": [],
      "failures": [],
      "pending": [],
      "skipped": [],
      "duration": 0,
      "root": true,
      "rootEmpty": true,
      "_timeout": 2000
    }
  ],
  "meta": {
    "mocha": {
      "version": "7.2.0"
    },
    "mochawesome": {
      "options": {
        "quiet": false,
        "reportFilename": "mochawesome",
        "saveHtml": false,
        "saveJson": true,
        "consoleReporter": "spec",
        "useInlineDiffs": false,
        "code": true
      },
      "version": "7.1.4"
    },
    "marge": {
      "options": {
        "reportDir": "E2Ecypress/reports",
        "overwrite": false,
        "json": true,
        "html": false
      },
      "version": "6.3.2"
    }
  }
}