{
  "stats": {
    "suites": 1,
    "tests": 6,
    "passes": 6,
    "pending": 0,
    "failures": 0,
    "start": "2026-03-18T18:56:53.292Z",
    "end": "2026-03-18T18:56:56.474Z",
    "duration": 3182,
    "testsRegistered": 6,
    "passPercent": 100,
    "pendingPercent": 0,
    "other": 0,
    "hasOther": false,
    "skipped": 0,
    "hasSkipped": false
  },
  "results": [
    {
      "uuid": "1820711d-9696-4876-8c6e-2326fab67e8f",
      "title": "",
      "fullFile": "E2Ecypress\\e2e\\apiTests\\api-auth.cy.js",
      "file": "E2Ecypress\\e2e\\apiTests\\api-auth.cy.js",
      "beforeHooks": [],
      "afterHooks": [],
      "tests": [],
      "suites": [
        {
          "uuid": "a24b0b5a-17a5-409d-9a1e-d06932830399",
          "title": "API - Authentification",
          "fullFile": "",
          "file": "",
          "beforeHooks": [],
          "afterHooks": [],
          "tests": [
            {
              "title": "1 - API Register - Status 200/201",
              "fullTitle": "API - Authentification 1 - API Register - Status 200/201",
              "timedOut": null,
              "duration": 970,
              "state": "passed",
              "speed": "fast",
              "pass": true,
              "fail": false,
              "pending": false,
              "context": null,
              "code": "const timestamp = Date.now();\n(0, _apiAuth.register)(`demo_${timestamp}`, `user_${timestamp}`, `demo_${timestamp}@example.com`, \"testtest\", false).then(res => {\n  cy.log(`📡 Status : ${res.status}`);\n  if (![200, 201].includes(res.status)) {\n    anomalie(\"ANO-AUTH-01\", \"DEFECT HIGH — Inscription refusée pour un nouvel utilisateur\", `Attendu : 200 ou 201 | Observé : ${res.status}`);\n  }\n  cy.log(\"✅ AUTH-1 — Inscription réussie\");\n});",
              "err": {},
              "uuid": "e0a42dc0-7f67-41fc-9106-c26f0693671d",
              "parentUUID": "a24b0b5a-17a5-409d-9a1e-d06932830399",
              "isHook": false,
              "skipped": false
            },
            {
              "title": "2 - API Register - Email existant - Status 400/422",
              "fullTitle": "API - Authentification 2 - API Register - Email existant - Status 400/422",
              "timedOut": null,
              "duration": 255,
              "state": "passed",
              "speed": "fast",
              "pass": true,
              "fail": false,
              "pending": false,
              "context": null,
              "code": "(0, _apiAuth.register)(\"ramo\", \"victor\", \"ramoshippuden@gmail.com\", \"testtest\", false).then(res => {\n  cy.log(`📡 Status : ${res.status}`);\n  if (![400, 422].includes(res.status)) {\n    anomalie(\"ANO-AUTH-02\", \"DEFECT HIGH — Email existant accepté à l'inscription\", `Attendu : 400 ou 422 | Observé : ${res.status}`);\n  }\n  cy.log(`✅ AUTH-2 — Email existant refusé (${res.status})`);\n});",
              "err": {},
              "uuid": "50ad8a49-9bce-4296-b518-f1399dde89ed",
              "parentUUID": "a24b0b5a-17a5-409d-9a1e-d06932830399",
              "isHook": false,
              "skipped": false
            },
            {
              "title": "3 - API Login - Status 200 + token",
              "fullTitle": "API - Authentification 3 - API Login - Status 200 + token",
              "timedOut": null,
              "duration": 563,
              "state": "passed",
              "speed": "fast",
              "pass": true,
              "fail": false,
              "pending": false,
              "context": null,
              "code": "(0, _apiAuth.login)(\"ramoshippuden@gmail.com\", \"testtest\", false).then(res => {\n  cy.log(`📡 Status : ${res.status}`);\n  if (res.status !== 200) {\n    anomalie(\"ANO-AUTH-03\", \"DEFECT CRITICAL — Connexion refusée pour un utilisateur valide\", `Attendu : 200 | Observé : ${res.status}`);\n  }\n  if (!res.body.token) {\n    anomalie(\"ANO-AUTH-03\", \"DEFECT CRITICAL — Token absent dans la réponse de connexion\", `Body reçu : ${JSON.stringify(res.body)}`);\n  }\n  cy.log(`✅ AUTH-3 — Connexion OK, token reçu`);\n});",
              "err": {},
              "uuid": "14ee65e8-a2fc-4d1c-85f9-0ebd5c4b382a",
              "parentUUID": "a24b0b5a-17a5-409d-9a1e-d06932830399",
              "isHook": false,
              "skipped": false
            },
            {
              "title": "4 - API Login - Email invalide - Status 401",
              "fullTitle": "API - Authentification 4 - API Login - Email invalide - Status 401",
              "timedOut": null,
              "duration": 121,
              "state": "passed",
              "speed": "fast",
              "pass": true,
              "fail": false,
              "pending": false,
              "context": null,
              "code": "(0, _apiAuth.login)(\"emailinvalide\", \"testtest\", false).then(res => {\n  cy.log(`📡 Status : ${res.status}`);\n  if (res.status !== 401) {\n    anomalie(\"ANO-AUTH-04\", \"DEFECT HIGH — Email invalide accepté à la connexion\", `Attendu : 401 | Observé : ${res.status}`);\n  }\n  cy.log(`✅ AUTH-4 — Email invalide refusé (${res.status})`);\n});",
              "err": {},
              "uuid": "328c1c37-cce1-40f4-bc64-567dbd8a03bd",
              "parentUUID": "a24b0b5a-17a5-409d-9a1e-d06932830399",
              "isHook": false,
              "skipped": false
            },
            {
              "title": "5 - API Login - Email inexistant - Status 401",
              "fullTitle": "API - Authentification 5 - API Login - Email inexistant - Status 401",
              "timedOut": null,
              "duration": 141,
              "state": "passed",
              "speed": "fast",
              "pass": true,
              "fail": false,
              "pending": false,
              "context": null,
              "code": "const fakeEmail = _faker.faker.internet.email();\nconst fakePassword = _faker.faker.internet.password();\n(0, _apiAuth.login)(fakeEmail, fakePassword, false).then(res => {\n  cy.log(`📡 Status : ${res.status}`);\n  if (res.status !== 401) {\n    anomalie(\"ANO-AUTH-05\", \"DEFECT HIGH — Email inexistant accepté à la connexion\", `Email : ${fakeEmail} | Attendu : 401 | Observé : ${res.status}`);\n  }\n  cy.writeFile(\"cypress/logs/auth_failure.json\", {\n    username: fakeEmail,\n    password: fakePassword,\n    status: res.status,\n    timestamp: new Date().toISOString()\n  });\n  cy.log(`✅ AUTH-5 — Email inexistant refusé (${res.status})`);\n});",
              "err": {},
              "uuid": "079daf6e-afec-49d7-ad70-dbce4d7e97f3",
              "parentUUID": "a24b0b5a-17a5-409d-9a1e-d06932830399",
              "isHook": false,
              "skipped": false
            },
            {
              "title": "6 - API Login - Mauvais mot de passe - Status 401",
              "fullTitle": "API - Authentification 6 - API Login - Mauvais mot de passe - Status 401",
              "timedOut": null,
              "duration": 782,
              "state": "passed",
              "speed": "fast",
              "pass": true,
              "fail": false,
              "pending": false,
              "context": null,
              "code": "(0, _apiAuth.login)(\"ramoshippuden@gmail.com\", \"mauvaismdp\", false).then(res => {\n  cy.log(`📡 Status : ${res.status}`);\n  if (res.status !== 401) {\n    anomalie(\"ANO-AUTH-06\", \"DEFECT HIGH — Mauvais mot de passe accepté à la connexion\", `Attendu : 401 | Observé : ${res.status}`);\n  }\n  cy.log(`✅ AUTH-6 — Mauvais mot de passe refusé (${res.status})`);\n});",
              "err": {},
              "uuid": "4ec4dc3f-ee40-46ea-8091-b29865a1b33a",
              "parentUUID": "a24b0b5a-17a5-409d-9a1e-d06932830399",
              "isHook": false,
              "skipped": false
            }
          ],
          "suites": [],
          "passes": [
            "e0a42dc0-7f67-41fc-9106-c26f0693671d",
            "50ad8a49-9bce-4296-b518-f1399dde89ed",
            "14ee65e8-a2fc-4d1c-85f9-0ebd5c4b382a",
            "328c1c37-cce1-40f4-bc64-567dbd8a03bd",
            "079daf6e-afec-49d7-ad70-dbce4d7e97f3",
            "4ec4dc3f-ee40-46ea-8091-b29865a1b33a"
          ],
          "failures": [],
          "pending": [],
          "skipped": [],
          "duration": 2832,
          "root": false,
          "rootEmpty": false,
          "_timeout": 2000
        }
      ],
      "passes": [],
      "failures": [],
      "pending": [],
      "skipped": [],
      "duration": 0,
      "root": true,
      "rootEmpty": true,
      "_timeout": 2000
    }
  ],
  "meta": {
    "mocha": {
      "version": "7.2.0"
    },
    "mochawesome": {
      "options": {
        "quiet": false,
        "reportFilename": "mochawesome",
        "saveHtml": false,
        "saveJson": true,
        "consoleReporter": "spec",
        "useInlineDiffs": false,
        "code": true
      },
      "version": "7.1.4"
    },
    "marge": {
      "options": {
        "reportDir": "E2Ecypress/reports",
        "overwrite": false,
        "json": true,
        "html": false
      },
      "version": "6.3.2"
    }
  }
}