{
  "stats": {
    "suites": 2,
    "tests": 11,
    "passes": 8,
    "pending": 0,
    "failures": 3,
    "start": "2026-03-18T19:07:53.365Z",
    "end": "2026-03-18T19:08:16.055Z",
    "duration": 22690,
    "testsRegistered": 11,
    "passPercent": 72.72727272727273,
    "pendingPercent": 0,
    "other": 0,
    "hasOther": false,
    "skipped": 0,
    "hasSkipped": false
  },
  "results": [
    {
      "uuid": "0640cf57-0b1d-4864-b879-cba9ee997f0a",
      "title": "",
      "fullFile": "E2Ecypress\\e2e\\apiTests\\api-cart.cy.js",
      "file": "E2Ecypress\\e2e\\apiTests\\api-cart.cy.js",
      "beforeHooks": [],
      "afterHooks": [],
      "tests": [],
      "suites": [
        {
          "uuid": "d80209da-327b-417f-9de9-705f78f6a79f",
          "title": "Panier - sans connexion",
          "fullFile": "",
          "file": "",
          "beforeHooks": [],
          "afterHooks": [],
          "tests": [
            {
              "title": "API-0a - GET /orders sans token doit retourner 401",
              "fullTitle": "Panier - sans connexion API-0a - GET /orders sans token doit retourner 401",
              "timedOut": null,
              "duration": 146,
              "state": "passed",
              "speed": "fast",
              "pass": true,
              "fail": false,
              "pending": false,
              "context": null,
              "code": "(0, _apiCart.getCart)().then(res => {\n  if (res.status !== 401) {\n    anomalie(\"ANO-CART-0a\", \"DEFECT HIGH — Accès /orders autorisé sans token\", `Attendu : 401 | Observé : ${res.status}`);\n  }\n  cy.log(`✅ API-0a — Accès refusé sans token (${res.status})`);\n});",
              "err": {},
              "uuid": "3e555196-463b-4a54-b300-f1bb0bc3b801",
              "parentUUID": "d80209da-327b-417f-9de9-705f78f6a79f",
              "isHook": false,
              "skipped": false
            }
          ],
          "suites": [],
          "passes": [
            "3e555196-463b-4a54-b300-f1bb0bc3b801"
          ],
          "failures": [],
          "pending": [],
          "skipped": [],
          "duration": 146,
          "root": false,
          "rootEmpty": false,
          "_timeout": 2000
        },
        {
          "uuid": "6894e14d-29f4-42c3-8d2a-3ec87ad06fcf",
          "title": "Panier - utilisateur connecté",
          "fullFile": "",
          "file": "",
          "beforeHooks": [],
          "afterHooks": [],
          "tests": [
            {
              "title": "API-0b - GET /orders connecté doit retourner 200",
              "fullTitle": "Panier - utilisateur connecté API-0b - GET /orders connecté doit retourner 200",
              "timedOut": null,
              "duration": 697,
              "state": "passed",
              "speed": "fast",
              "pass": true,
              "fail": false,
              "pending": false,
              "context": null,
              "code": "(0, _apiCart.getCart)(token).then(res => {\n  if (res.status !== 200) {\n    anomalie(\"ANO-CART-0b\", \"DEFECT HIGH — Panier inaccessible avec token valide\", `Attendu : 200 | Observé : ${res.status}`);\n  }\n  cy.log(`✅ API-0b — Panier accessible (${res.status})`);\n});",
              "err": {},
              "uuid": "eaa7a245-7340-48ab-9b16-38aa19907d03",
              "parentUUID": "6894e14d-29f4-42c3-8d2a-3ec87ad06fcf",
              "isHook": false,
              "skipped": false
            },
            {
              "title": "API-1 - Ajouter quantité 3 sur produit stock:50",
              "fullTitle": "Panier - utilisateur connecté API-1 - Ajouter quantité 3 sur produit stock:50",
              "timedOut": null,
              "duration": 625,
              "state": "passed",
              "speed": "fast",
              "pass": true,
              "fail": false,
              "pending": false,
              "context": null,
              "code": "cy.request({\n  method: \"PUT\",\n  url: `${API()}/orders/add`,\n  headers: {\n    Authorization: `Bearer ${token}`\n  },\n  body: {\n    product: PRODUCTS.normal.id,\n    quantity: 3\n  }\n}).then(res => {\n  var _res$body2;\n  if (![200, 201].includes(res.status)) {\n    anomalie(\"ANO-CART-01\", \"DEFECT HIGH — Ajout au panier refusé\", `Attendu : 200 ou 201 | Observé : ${res.status}`);\n  }\n  const lines = Array.isArray(res.body) ? res.body : ((_res$body2 = res.body) === null || _res$body2 === void 0 ? void 0 : _res$body2.orderLines) || [];\n  const line = lines.find(l => {\n    var _l$product;\n    return ((_l$product = l.product) === null || _l$product === void 0 ? void 0 : _l$product.id) === PRODUCTS.normal.id;\n  });\n  if (!line) {\n    anomalie(\"ANO-CART-01\", \"DEFECT HIGH — Ligne produit absente du panier après ajout\", `Produit attendu : id=${PRODUCTS.normal.id}`);\n  }\n  if (line.quantity !== 3) {\n    anomalie(\"ANO-CART-01\", \"DEFECT MEDIUM — Quantité incorrecte après ajout\", `Attendu : 3 | Observé : ${line.quantity}`);\n  }\n  cy.log(`✅ API-1 — Ajout OK, quantité : ${line.quantity}`);\n});",
              "err": {},
              "uuid": "00ca30d0-3a51-4118-ae3e-876f5505a726",
              "parentUUID": "6894e14d-29f4-42c3-8d2a-3ec87ad06fcf",
              "isHook": false,
              "skipped": false
            },
            {
              "title": "API-2 - Supprimer une ligne du panier (stock:25)",
              "fullTitle": "Panier - utilisateur connecté API-2 - Supprimer une ligne du panier (stock:25)",
              "timedOut": null,
              "duration": 1147,
              "state": "passed",
              "speed": "fast",
              "pass": true,
              "fail": false,
              "pending": false,
              "context": null,
              "code": "cy.request({\n  method: \"PUT\",\n  url: `${API()}/orders/add`,\n  headers: {\n    Authorization: `Bearer ${token}`\n  },\n  body: {\n    product: PRODUCTS.moyen.id,\n    quantity: 1\n  }\n}).then(res => {\n  var _res$body3;\n  const lines = Array.isArray(res.body) ? res.body : ((_res$body3 = res.body) === null || _res$body3 === void 0 ? void 0 : _res$body3.orderLines) || [];\n  const line = lines.find(l => {\n    var _l$product2;\n    return ((_l$product2 = l.product) === null || _l$product2 === void 0 ? void 0 : _l$product2.id) === PRODUCTS.moyen.id;\n  });\n  if (!line) {\n    anomalie(\"ANO-CART-02\", \"DEFECT HIGH — Ligne introuvable avant suppression\", `Produit attendu : id=${PRODUCTS.moyen.id}`);\n  }\n  orderLineId = line.id;\n  cy.request({\n    method: \"DELETE\",\n    url: `${API()}/orders/${orderLineId}/delete`,\n    headers: {\n      Authorization: `Bearer ${token}`\n    }\n  }).then(deleteRes => {\n    if (![200, 204].includes(deleteRes.status)) {\n      anomalie(\"ANO-CART-02\", \"DEFECT HIGH — Suppression de ligne refusée\", `Attendu : 200 ou 204 | Observé : ${deleteRes.status}`);\n    }\n    cy.request({\n      method: \"GET\",\n      url: `${API()}/orders`,\n      headers: {\n        Authorization: `Bearer ${token}`\n      }\n    }).then(cartRes => {\n      var _cartRes$body;\n      const remaining = (Array.isArray(cartRes.body) ? cartRes.body : ((_cartRes$body = cartRes.body) === null || _cartRes$body === void 0 ? void 0 : _cartRes$body.orderLines) || []).find(l => l.id === orderLineId);\n      if (remaining) {\n        anomalie(\"ANO-CART-02\", \"DEFECT HIGH — Ligne toujours présente après suppression\", `id ligne : ${orderLineId}`);\n      }\n      cy.log(`✅ API-2 — Ligne ${orderLineId} supprimée confirmée`);\n    });\n  });\n});",
              "err": {},
              "uuid": "b8a30e11-a802-4667-b30b-6c21a9463dd7",
              "parentUUID": "6894e14d-29f4-42c3-8d2a-3ec87ad06fcf",
              "isHook": false,
              "skipped": false
            },
            {
              "title": "API-3 - Panier vide après suppression de toutes les lignes + stock restauré",
              "fullTitle": "Panier - utilisateur connecté API-3 - Panier vide après suppression de toutes les lignes + stock restauré",
              "timedOut": null,
              "duration": 1064,
              "state": "passed",
              "speed": "fast",
              "pass": true,
              "fail": false,
              "pending": false,
              "context": null,
              "code": "cy.request({\n  method: \"GET\",\n  url: `${API()}/products/${PRODUCTS.normal.id}`\n}).then(productRes => {\n  const stockAvant = productRes.body.availableStock;\n  cy.request({\n    method: \"PUT\",\n    url: `${API()}/orders/add`,\n    headers: {\n      Authorization: `Bearer ${token}`\n    },\n    body: {\n      product: PRODUCTS.normal.id,\n      quantity: 1\n    }\n  }).then(res => {\n    var _res$body4;\n    const lines = Array.isArray(res.body) ? res.body : ((_res$body4 = res.body) === null || _res$body4 === void 0 ? void 0 : _res$body4.orderLines) || [];\n    lines.forEach(line => {\n      cy.request({\n        method: \"DELETE\",\n        url: `${API()}/orders/${line.id}/delete`,\n        headers: {\n          Authorization: `Bearer ${token}`\n        },\n        failOnStatusCode: false\n      });\n    });\n    cy.request({\n      method: \"GET\",\n      url: `${API()}/orders`,\n      headers: {\n        Authorization: `Bearer ${token}`\n      }\n    }).then(cartRes => {\n      var _cartRes$body2;\n      const remaining = Array.isArray(cartRes.body) ? cartRes.body : ((_cartRes$body2 = cartRes.body) === null || _cartRes$body2 === void 0 ? void 0 : _cartRes$body2.orderLines) || [];\n      if (remaining.length !== 0) {\n        anomalie(\"ANO-CART-03\", \"DEFECT HIGH — Panier non vide après suppression totale\", `Attendu : 0 ligne | Observé : ${remaining.length} ligne(s)`);\n      }\n      cy.log(\"✅ API-3 — Panier vide confirmé\");\n    });\n    cy.request({\n      method: \"GET\",\n      url: `${API()}/products/${PRODUCTS.normal.id}`\n    }).then(updatedRes => {\n      const stockApres = updatedRes.body.availableStock;\n      if (stockApres !== stockAvant) {\n        anomalie(\"ANO-CART-03\", \"DEFECT HIGH — Stock non restauré après suppression du panier\", `Attendu : ${stockAvant} | Observé : ${stockApres}`);\n      }\n      cy.log(`✅ API-3 — Stock restauré : ${stockAvant} → ${stockApres}`);\n    });\n  });\n});",
              "err": {},
              "uuid": "7fd092b6-669b-4e1e-bd4e-d9a3ef6b8064",
              "parentUUID": "6894e14d-29f4-42c3-8d2a-3ec87ad06fcf",
              "isHook": false,
              "skipped": false
            },
            {
              "title": "API-4 - Quantité 0 doit être refusée (stock:50)",
              "fullTitle": "Panier - utilisateur connecté API-4 - Quantité 0 doit être refusée (stock:50)",
              "timedOut": null,
              "duration": 1121,
              "state": "failed",
              "speed": null,
              "pass": false,
              "fail": true,
              "pending": false,
              "context": null,
              "code": "cy.request({\n  method: \"GET\",\n  url: `${API()}/products/${PRODUCTS.normal.id}`\n}).then(before => {\n  const stockAvant = before.body.availableStock;\n  cy.request({\n    method: \"PUT\",\n    url: `${API()}/orders/add`,\n    headers: {\n      Authorization: `Bearer ${token}`\n    },\n    body: {\n      product: PRODUCTS.normal.id,\n      quantity: 0\n    },\n    failOnStatusCode: false\n  }).then(res => {\n    if (res.status < 400) {\n      anomalie(\"ANO-CART-04\", \"DEFECT HIGH — Quantité 0 acceptée par l'API\", `Attendu : 400-422 | Observé : ${res.status}`);\n    }\n    cy.request({\n      method: \"GET\",\n      url: `${API()}/products/${PRODUCTS.normal.id}`\n    }).then(after => {\n      if (after.body.availableStock !== stockAvant) {\n        anomalie(\"ANO-CART-04\", \"DEFECT HIGH — Stock altéré malgré quantité 0\", `Attendu : ${stockAvant} | Observé : ${after.body.availableStock}`);\n      }\n      cy.log(`✅ API-4 — Quantité 0 refusée, stock intact (${stockAvant})`);\n    });\n  });\n});",
              "err": {
                "message": "Error: ❌ [ANO-CART-04] DEFECT HIGH — Quantité 0 acceptée par l'API | Attendu : 400-422 | Observé : 200",
                "estack": "Error: ❌ [ANO-CART-04] DEFECT HIGH — Quantité 0 acceptée par l'API | Attendu : 400-422 | Observé : 200\n    at anomalie (webpack:///./E2Ecypress/e2e/apiTests/api-cart.cy.js:19:8)\n    at Context.eval (webpack:///./E2Ecypress/e2e/apiTests/api-cart.cy.js:267:10)\n    at getRet (http://localhost:4200/__cypress/runner/cypress_runner.js:122806:20)\n    at tryCatcher (http://localhost:4200/__cypress/runner/cypress_runner.js:1777:23)\n    at Promise.attempt.Promise.try (http://localhost:4200/__cypress/runner/cypress_runner.js:4285:29)\n    at Context.thenFn (http://localhost:4200/__cypress/runner/cypress_runner.js:122817:66)\n    at Context.then (http://localhost:4200/__cypress/runner/cypress_runner.js:123068:21)\n    at wrapped (http://localhost:4200/__cypress/runner/cypress_runner.js:146326:19)\n    at <unknown> (http://localhost:4200/__cypress/runner/cypress_runner.js:152294:15)",
                "diff": null
              },
              "uuid": "c69448d2-0ffd-4364-9001-5e2cd1c34f07",
              "parentUUID": "6894e14d-29f4-42c3-8d2a-3ec87ad06fcf",
              "isHook": false,
              "skipped": false
            },
            {
              "title": "API-5 - Quantité négative doit être refusée (stock:50)",
              "fullTitle": "Panier - utilisateur connecté API-5 - Quantité négative doit être refusée (stock:50)",
              "timedOut": null,
              "duration": 970,
              "state": "passed",
              "speed": "fast",
              "pass": true,
              "fail": false,
              "pending": false,
              "context": null,
              "code": "cy.request({\n  method: \"GET\",\n  url: `${API()}/products/${PRODUCTS.normal.id}`\n}).then(before => {\n  const stockAvant = before.body.availableStock;\n  cy.request({\n    method: \"PUT\",\n    url: `${API()}/orders/add`,\n    headers: {\n      Authorization: `Bearer ${token}`\n    },\n    body: {\n      product: PRODUCTS.normal.id,\n      quantity: -1\n    },\n    failOnStatusCode: false\n  }).then(res => {\n    if (res.status < 400) {\n      anomalie(\"ANO-CART-05\", \"DEFECT CRITICAL — Quantité négative acceptée par l'API\", `Attendu : 400-422 | Observé : ${res.status}`);\n    }\n    cy.request({\n      method: \"GET\",\n      url: `${API()}/products/${PRODUCTS.normal.id}`\n    }).then(after => {\n      if (after.body.availableStock !== stockAvant) {\n        anomalie(\"ANO-CART-05\", \"DEFECT CRITICAL — Stock altéré malgré quantité négative\", `Attendu : ${stockAvant} | Observé : ${after.body.availableStock}`);\n      }\n      cy.log(`✅ API-5 — Quantité -1 refusée, stock intact (${stockAvant})`);\n    });\n  });\n});",
              "err": {},
              "uuid": "da9f1109-3143-4661-a1e4-5ae59be73036",
              "parentUUID": "6894e14d-29f4-42c3-8d2a-3ec87ad06fcf",
              "isHook": false,
              "skipped": false
            },
            {
              "title": "API-6 - Quantité supérieure au stock doit être refusée (stock:3, qty:5)",
              "fullTitle": "Panier - utilisateur connecté API-6 - Quantité supérieure au stock doit être refusée (stock:3, qty:5)",
              "timedOut": null,
              "duration": 1273,
              "state": "failed",
              "speed": null,
              "pass": false,
              "fail": true,
              "pending": false,
              "context": null,
              "code": "cy.request({\n  method: \"GET\",\n  url: `${API()}/products/${PRODUCTS.faible.id}`\n}).then(before => {\n  const stockAvant = before.body.availableStock;\n  cy.request({\n    method: \"PUT\",\n    url: `${API()}/orders/add`,\n    headers: {\n      Authorization: `Bearer ${token}`\n    },\n    body: {\n      product: PRODUCTS.faible.id,\n      quantity: 5\n    },\n    failOnStatusCode: false\n  }).then(res => {\n    if (res.status < 400) {\n      anomalie(\"ANO-CART-06\", \"DEFECT HIGH — Dépassement de stock accepté par l'API\", `Stock disponible : ${stockAvant} | Quantité demandée : 5 | Statut reçu : ${res.status}`);\n    }\n    cy.request({\n      method: \"GET\",\n      url: `${API()}/products/${PRODUCTS.faible.id}`\n    }).then(after => {\n      if (after.body.availableStock < 0) {\n        anomalie(\"ANO-CART-06\", \"DEFECT CRITICAL — Stock passé en négatif après dépassement\", `Attendu : ≥ 0 | Observé : ${after.body.availableStock}`);\n      }\n      if (after.body.availableStock !== stockAvant) {\n        anomalie(\"ANO-CART-06\", \"DEFECT HIGH — Stock altéré malgré refus de dépassement\", `Attendu : ${stockAvant} | Observé : ${after.body.availableStock}`);\n      }\n      cy.log(`✅ API-6 — Dépassement refusé, stock intact (${after.body.availableStock})`);\n    });\n  });\n});",
              "err": {
                "message": "Error: ❌ [ANO-CART-06] DEFECT HIGH — Dépassement de stock accepté par l'API | Stock disponible : -2 | Quantité demandée : 5 | Statut reçu : 200",
                "estack": "Error: ❌ [ANO-CART-06] DEFECT HIGH — Dépassement de stock accepté par l'API | Stock disponible : -2 | Quantité demandée : 5 | Statut reçu : 200\n    at anomalie (webpack:///./E2Ecypress/e2e/apiTests/api-cart.cy.js:19:8)\n    at Context.eval (webpack:///./E2Ecypress/e2e/apiTests/api-cart.cy.js:345:10)\n    at getRet (http://localhost:4200/__cypress/runner/cypress_runner.js:122806:20)\n    at tryCatcher (http://localhost:4200/__cypress/runner/cypress_runner.js:1777:23)\n    at Promise.attempt.Promise.try (http://localhost:4200/__cypress/runner/cypress_runner.js:4285:29)\n    at Context.thenFn (http://localhost:4200/__cypress/runner/cypress_runner.js:122817:66)\n    at Context.then (http://localhost:4200/__cypress/runner/cypress_runner.js:123068:21)\n    at wrapped (http://localhost:4200/__cypress/runner/cypress_runner.js:146326:19)\n    at <unknown> (http://localhost:4200/__cypress/runner/cypress_runner.js:152294:15)",
                "diff": null
              },
              "uuid": "f2d74c87-f530-4e92-a850-965f863a14f1",
              "parentUUID": "6894e14d-29f4-42c3-8d2a-3ec87ad06fcf",
              "isHook": false,
              "skipped": false
            },
            {
              "title": "API-7 - Stock décrémenté après ajout au panier (stock:50, qty:3)",
              "fullTitle": "Panier - utilisateur connecté API-7 - Stock décrémenté après ajout au panier (stock:50, qty:3)",
              "timedOut": null,
              "duration": 1049,
              "state": "passed",
              "speed": "fast",
              "pass": true,
              "fail": false,
              "pending": false,
              "context": null,
              "code": "cy.request({\n  method: \"GET\",\n  url: `${API()}/products/${PRODUCTS.normal.id}`\n}).then(productRes => {\n  const stockAvant = productRes.body.availableStock;\n  cy.request({\n    method: \"PUT\",\n    url: `${API()}/orders/add`,\n    headers: {\n      Authorization: `Bearer ${token}`\n    },\n    body: {\n      product: PRODUCTS.normal.id,\n      quantity: 3\n    }\n  }).then(() => {\n    cy.request({\n      method: \"GET\",\n      url: `${API()}/products/${PRODUCTS.normal.id}`\n    }).then(updatedRes => {\n      const stockApres = updatedRes.body.availableStock;\n      if (stockApres !== stockAvant - 3) {\n        anomalie(\"ANO-CART-07\", \"DEFECT HIGH — Stock non décrémenté correctement après ajout\", `Attendu : ${stockAvant - 3} | Observé : ${stockApres}`);\n      }\n      cy.log(`✅ API-7 — Stock : ${stockAvant} → ${stockApres} (−3)`);\n    });\n  });\n});",
              "err": {},
              "uuid": "d089ae70-9f31-4502-b605-22b3273c192f",
              "parentUUID": "6894e14d-29f4-42c3-8d2a-3ec87ad06fcf",
              "isHook": false,
              "skipped": false
            },
            {
              "title": "API-8 - Quantité > 20 doit être refusée (stock:50, qty:21)",
              "fullTitle": "Panier - utilisateur connecté API-8 - Quantité > 20 doit être refusée (stock:50, qty:21)",
              "timedOut": null,
              "duration": 1093,
              "state": "failed",
              "speed": null,
              "pass": false,
              "fail": true,
              "pending": false,
              "context": null,
              "code": "cy.request({\n  method: \"GET\",\n  url: `${API()}/products/${PRODUCTS.normal.id}`\n}).then(before => {\n  const stockAvant = before.body.availableStock;\n  cy.request({\n    method: \"PUT\",\n    url: `${API()}/orders/add`,\n    headers: {\n      Authorization: `Bearer ${token}`\n    },\n    body: {\n      product: PRODUCTS.normal.id,\n      quantity: 21\n    },\n    failOnStatusCode: false\n  }).then(res => {\n    if (res.status < 400) {\n      anomalie(\"ANO-CART-08\", \"DEFECT HIGH — Quantité 21 acceptée sans limite par l'API\", `Attendu : 400-422 | Observé : ${res.status}`);\n    }\n    cy.request({\n      method: \"GET\",\n      url: `${API()}/products/${PRODUCTS.normal.id}`\n    }).then(after => {\n      if (after.body.availableStock < 0) {\n        anomalie(\"ANO-CART-08\", \"DEFECT CRITICAL — Stock passé en négatif après qty:21\", `Attendu : ≥ 0 | Observé : ${after.body.availableStock}`);\n      }\n      if (after.body.availableStock !== stockAvant) {\n        anomalie(\"ANO-CART-08\", \"DEFECT HIGH — Stock altéré malgré refus de qty:21\", `Attendu : ${stockAvant} | Observé : ${after.body.availableStock}`);\n      }\n      cy.log(`✅ API-8 — Quantité 21 refusée, stock intact (${after.body.availableStock})`);\n    });\n  });\n});",
              "err": {
                "message": "Error: ❌ [ANO-CART-08] DEFECT HIGH — Quantité 21 acceptée sans limite par l'API | Attendu : 400-422 | Observé : 200",
                "estack": "Error: ❌ [ANO-CART-08] DEFECT HIGH — Quantité 21 acceptée sans limite par l'API | Attendu : 400-422 | Observé : 200\n    at anomalie (webpack:///./E2Ecypress/e2e/apiTests/api-cart.cy.js:19:8)\n    at Context.eval (webpack:///./E2Ecypress/e2e/apiTests/api-cart.cy.js:423:10)\n    at getRet (http://localhost:4200/__cypress/runner/cypress_runner.js:122806:20)\n    at tryCatcher (http://localhost:4200/__cypress/runner/cypress_runner.js:1777:23)\n    at Promise.attempt.Promise.try (http://localhost:4200/__cypress/runner/cypress_runner.js:4285:29)\n    at Context.thenFn (http://localhost:4200/__cypress/runner/cypress_runner.js:122817:66)\n    at Context.then (http://localhost:4200/__cypress/runner/cypress_runner.js:123068:21)\n    at wrapped (http://localhost:4200/__cypress/runner/cypress_runner.js:146326:19)\n    at <unknown> (http://localhost:4200/__cypress/runner/cypress_runner.js:152294:15)",
                "diff": null
              },
              "uuid": "451f62dd-d9c6-4242-8731-d2f9b5a1541b",
              "parentUUID": "6894e14d-29f4-42c3-8d2a-3ec87ad06fcf",
              "isHook": false,
              "skipped": false
            },
            {
              "title": "API-11 - Pas de duplication de ligne pour même produit (stock:50)",
              "fullTitle": "Panier - utilisateur connecté API-11 - Pas de duplication de ligne pour même produit (stock:50)",
              "timedOut": null,
              "duration": 1106,
              "state": "passed",
              "speed": "fast",
              "pass": true,
              "fail": false,
              "pending": false,
              "context": null,
              "code": "cy.request({\n  method: \"PUT\",\n  url: `${API()}/orders/add`,\n  headers: {\n    Authorization: `Bearer ${token}`\n  },\n  body: {\n    product: PRODUCTS.normal.id,\n    quantity: 1\n  }\n}).then(() => {\n  cy.request({\n    method: \"PUT\",\n    url: `${API()}/orders/add`,\n    headers: {\n      Authorization: `Bearer ${token}`\n    },\n    body: {\n      product: PRODUCTS.normal.id,\n      quantity: 2\n    }\n  }).then(() => {\n    cy.request({\n      method: \"GET\",\n      url: `${API()}/orders`,\n      headers: {\n        Authorization: `Bearer ${token}`\n      }\n    }).then(cartRes => {\n      var _cartRes$body3;\n      const lines = (Array.isArray(cartRes.body) ? cartRes.body : ((_cartRes$body3 = cartRes.body) === null || _cartRes$body3 === void 0 ? void 0 : _cartRes$body3.orderLines) || []).filter(l => {\n        var _l$product3;\n        return ((_l$product3 = l.product) === null || _l$product3 === void 0 ? void 0 : _l$product3.id) === PRODUCTS.normal.id;\n      });\n      if (lines.length !== 1) {\n        anomalie(\"ANO-CART-11\", \"DEFECT HIGH — Duplication de ligne détectée pour le même produit\", `Attendu : 1 ligne | Observé : ${lines.length} ligne(s)`);\n      }\n      if (lines[0].quantity !== 3) {\n        anomalie(\"ANO-CART-11\", \"DEFECT MEDIUM — Quantité cumulée incorrecte\", `Attendu : 3 | Observé : ${lines[0].quantity}`);\n      }\n      cy.log(`✅ API-11 — Pas de duplication, quantité cumulée : ${lines[0].quantity}`);\n    });\n  });\n});",
              "err": {},
              "uuid": "5524eaf3-599b-48a8-bbc5-f381f489898d",
              "parentUUID": "6894e14d-29f4-42c3-8d2a-3ec87ad06fcf",
              "isHook": false,
              "skipped": false
            }
          ],
          "suites": [],
          "passes": [
            "eaa7a245-7340-48ab-9b16-38aa19907d03",
            "00ca30d0-3a51-4118-ae3e-876f5505a726",
            "b8a30e11-a802-4667-b30b-6c21a9463dd7",
            "7fd092b6-669b-4e1e-bd4e-d9a3ef6b8064",
            "da9f1109-3143-4661-a1e4-5ae59be73036",
            "d089ae70-9f31-4502-b605-22b3273c192f",
            "5524eaf3-599b-48a8-bbc5-f381f489898d"
          ],
          "failures": [
            "c69448d2-0ffd-4364-9001-5e2cd1c34f07",
            "f2d74c87-f530-4e92-a850-965f863a14f1",
            "451f62dd-d9c6-4242-8731-d2f9b5a1541b"
          ],
          "pending": [],
          "skipped": [],
          "duration": 10145,
          "root": false,
          "rootEmpty": false,
          "_timeout": 2000
        }
      ],
      "passes": [],
      "failures": [],
      "pending": [],
      "skipped": [],
      "duration": 0,
      "root": true,
      "rootEmpty": true,
      "_timeout": 2000
    }
  ],
  "meta": {
    "mocha": {
      "version": "7.2.0"
    },
    "mochawesome": {
      "options": {
        "quiet": false,
        "reportFilename": "mochawesome",
        "saveHtml": false,
        "saveJson": true,
        "consoleReporter": "spec",
        "useInlineDiffs": false,
        "code": true
      },
      "version": "7.1.4"
    },
    "marge": {
      "options": {
        "reportDir": "E2Ecypress/reports",
        "overwrite": false,
        "json": true,
        "html": false
      },
      "version": "6.3.2"
    }
  }
}